2 0 0 1828 2
2 0 0 20000 2
2 0 0 0 0
2 0 0 17e4 2
3 0 0 20054 2
2 0 0 1828 2
2 0 0 20000 2
2 0 0 20050001 0
2 0 0 17e8 2
3 0 0 20058 2
2 0 0 1828 2
2 0 0 20000 2
2 0 0 20050002 0
2 0 0 17ec 2
3 0 0 2005c 2
2 0 0 1828 2
2 0 0 20000 2
2 0 0 20050003 0
2 0 0 17f0 2
3 0 0 2006c 2
2 0 0 1828 2
2 0 0 20000 2
2 0 0 20050004 0
2 0 0 17f4 2
3 0 0 20070 2
2 0 0 1828 2
2 0 0 20000 2
2 0 0 20050005 0
2 0 0 17f8 2
3 0 0 20074 2
2 0 0 1828 2
2 0 0 20000 2
2 0 0 20050006 0
2 0 0 17fc 2
3 0 0 20060 2
2 0 0 1828 2
2 0 0 20000 2
2 0 0 20050007 0
2 0 0 1800 2
3 0 0 20064 2
2 0 0 1828 2
2 0 0 20000 2
2 0 0 20050008 0
2 0 0 1804 2
3 0 0 20068 2
3 0 0 2121c 2
3 0 0 21220 2
3 0 0 21224 2
3 0 0 21228 2
3 0 0 2122c 2
3 0 0 21230 2
3 0 0 21234 2
3 0 0 21238 2
3 0 0 2123c 2
2 0 0 344 2
2 0 0 2007c 2
3 0 0 21204 2
2 0 0 1744 2
3 0 0 211b8 2
3 0 0 211bc 2
3 0 0 211c0 2
3 0 0 211c4 2
3 0 0 211c8 2
3 0 0 211cc 2
3 0 0 211d0 2
3 0 0 211d4 2
3 0 0 211d8 2
3 0 0 211dc 2
3 0 0 211e0 2
3 0 0 211e4 2
2 0 0 e98 2
2 0 0 211c8 2
2 0 0 211cc 2
2 0 0 211d0 2
2 0 0 211d4 2
2 0 0 211d8 2
2 0 0 211dc 2
2 0 0 211e0 2
2 0 0 211e4 2
2 0 0 21204 2
3 0 0 21214 2
2 0 0 344 2
2 0 0 2007c 2
3 0 0 21204 2
2 0 0 18c4 2
3 0 0 211e8 2
3 0 0 211b8 2
3 0 0 211bc 2
3 0 0 211c0 2
3 0 0 211c4 2
3 0 0 211c8 2
3 0 0 211cc 2
3 0 0 211d0 2
3 0 0 211d4 2
3 0 0 211d8 2
3 0 0 211dc 2
3 0 0 211e0 2
3 0 0 211e4 2
2 0 0 211c8 2
2 0 0 211cc 2
2 0 0 211d0 2
2 0 0 211d4 2
2 0 0 211d8 2
2 0 0 211dc 2
2 0 0 211e0 2
2 0 0 211e4 2
2 0 0 21204 2
3 0 0 21210 2
2 0 0 348 2
2 0 0 20080 2
3 0 0 21204 2
2 0 0 1744 2
3 0 0 211b8 2
3 0 0 211bc 2
3 0 0 211c0 2
3 0 0 211c4 2
3 0 0 211c8 2
3 0 0 211cc 2
3 0 0 211d0 2
3 0 0 211d4 2
3 0 0 211d8 2
3 0 0 211dc 2
3 0 0 211e0 2
3 0 0 211e4 2
2 0 0 e98 2
2 0 0 211c8 2
2 0 0 211cc 2
2 0 0 211d0 2
2 0 0 211d4 2
2 0 0 211d8 2
2 0 0 211dc 2
2 0 0 211e0 2
2 0 0 211e4 2
2 0 0 21204 2
3 0 0 2120c 2
2 0 0 348 2
2 0 0 20080 2
3 0 0 21204 2
2 0 0 18c4 2
3 0 0 211e8 2
3 0 0 211b8 2
3 0 0 211bc 2
3 0 0 211c0 2
3 0 0 211c4 2
3 0 0 211c8 2
3 0 0 211cc 2
3 0 0 211d0 2
3 0 0 211d4 2
3 0 0 211d8 2
3 0 0 211dc 2
3 0 0 211e0 2
3 0 0 211e4 2
2 0 0 211c8 2
2 0 0 211cc 2
2 0 0 211d0 2
2 0 0 211d4 2
2 0 0 211d8 2
2 0 0 211dc 2
2 0 0 211e0 2
2 0 0 211e4 2
2 0 0 21204 2
3 0 0 21208 2
2 0 0 34c 2
2 0 0 20068 2
2 0 0 21214 2
2 0 0 21208 2
2 0 0 350 2
2 0 0 20064 2
2 0 0 21210 2
2 0 0 21208 2
2 0 0 354 2
2 0 0 20060 2
2 0 0 2120c 2
2 0 0 34c 2
2 0 0 20068 2
2 0 0 21210 2
2 0 0 350 2
2 0 0 20064 2
2 0 0 21214 2
3 0 0 21218 2
2 0 0 21218 2
3 0 0 211e8 2
3 0 0 211ec 2
3 0 0 211f0 2
3 0 0 211f4 2
3 0 0 211f8 2
3 0 0 211fc 2
3 0 0 21200 2
3 0 0 21204 2
2 0 0 1658 2
2 0 0 165c 2
2 0 0 1660 2
3 0 0 211d8 2
3 0 0 211dc 2
3 0 0 211e0 2
3 0 0 211e4 2
3 0 0 211d0 2
3 0 0 211d4 2
2 0 0 1d84 2
2 0 0 211d0 2
2 0 0 211d4 2
2 0 0 211d8 2
2 0 0 211dc 2
2 0 0 211e0 2
2 0 0 211e4 2
3 0 0 211c0 2
3 0 0 211c4 2
3 0 0 211c8 2
3 0 0 211cc 2
3 0 0 211d0 2
3 0 0 211d4 2
3 0 0 211d8 2
3 0 0 211dc 2
3 0 0 211e0 2
3 0 0 211e4 2
3 0 0 211c0 2
2 0 0 14b8 2
2 0 0 14cc 2
2 0 0 14d4 2
2 0 0 14d8 2
2 0 0 14dc 2
3 0 0 211b8 2
3 0 0 211bc 2
2 0 0 1ac8 2
2 0 0 211b8 2
2 0 0 211bc 2
3 0 0 211b8 2
3 0 0 211bc 2
2 0 0 23bc 2
2 0 0 211b8 2
2 0 0 211bc 2
3 0 0 211b0 2
3 0 0 211b4 2
3 0 0 211b8 2
3 0 0 211bc 2
3 0 0 211a8 2
3 0 0 211ac 2
2 0 0 1d84 2
2 0 0 211a8 2
2 0 0 211ac 2
2 0 0 211b0 2
2 0 0 211b4 2
2 0 0 211b8 2
2 0 0 211bc 2
2 0 0 1f8c 2
3 0 0 211b0 2
3 0 0 211b4 2
3 0 0 211b8 2
3 0 0 211bc 2
2 0 0 211b0 2
2 0 0 211b4 2
2 0 0 211b8 2
2 0 0 211bc 2
2 0 0 1f8c 2
3 0 0 211b0 2
3 0 0 211b4 2
3 0 0 211b8 2
3 0 0 211bc 2
2 0 0 211b0 2
2 0 0 211b4 2
2 0 0 211b8 2
2 0 0 211bc 2
2 0 0 14ec 2
3 0 0 211a8 2
3 0 0 211ac 2
3 0 0 211b0 2
3 0 0 211b4 2
3 0 0 211b8 2
3 0 0 211bc 2
2 0 0 2c18 2
2 0 0 2c1c 2
2 0 0 1f8c 2
3 0 0 21198 2
3 0 0 2119c 2
3 0 0 211a0 2
3 0 0 211a4 2
2 0 0 21198 2
2 0 0 2119c 2
2 0 0 211a0 2
2 0 0 211a4 2
2 0 0 2c10 2
2 0 0 2c14 2
3 0 0 211a0 2
3 0 0 211a4 2
2 0 0 1ac8 2
2 0 0 211a0 2
2 0 0 211a4 2
2 0 0 1f8c 2
3 0 0 21198 2
3 0 0 2119c 2
3 0 0 211a0 2
3 0 0 211a4 2
2 0 0 21198 2
2 0 0 2119c 2
2 0 0 211a0 2
2 0 0 211a4 2
2 0 0 2c08 2
2 0 0 2c0c 2
3 0 0 211a0 2
3 0 0 211a4 2
2 0 0 1ac8 2
2 0 0 211a0 2
2 0 0 211a4 2
2 0 0 1f8c 2
3 0 0 21198 2
3 0 0 2119c 2
3 0 0 211a0 2
3 0 0 211a4 2
2 0 0 21198 2
2 0 0 2119c 2
2 0 0 211a0 2
2 0 0 211a4 2
2 0 0 2c00 2
2 0 0 2c04 2
3 0 0 211a0 2
3 0 0 211a4 2
2 0 0 1ac8 2
2 0 0 211a0 2
2 0 0 211a4 2
2 0 0 1f8c 2
3 0 0 21198 2
3 0 0 2119c 2
3 0 0 211a0 2
3 0 0 211a4 2
2 0 0 21198 2
2 0 0 2119c 2
2 0 0 211a0 2
2 0 0 211a4 2
2 0 0 2bf8 2
2 0 0 2bfc 2
3 0 0 211a0 2
3 0 0 211a4 2
2 0 0 1ac8 2
2 0 0 211a0 2
2 0 0 211a4 2
2 0 0 1f8c 2
3 0 0 21198 2
3 0 0 2119c 2
3 0 0 211a0 2
3 0 0 211a4 2
2 0 0 21198 2
2 0 0 2119c 2
2 0 0 211a0 2
2 0 0 211a4 2
2 0 0 2bf0 2
2 0 0 2bf4 2
2 0 0 211a8 2
2 0 0 211ac 2
2 0 0 211b0 2
2 0 0 211b4 2
2 0 0 211b8 2
2 0 0 211bc 2
3 0 0 211b8 2
3 0 0 211bc 2
2 0 0 1ac8 2
2 0 0 211b8 2
2 0 0 211bc 2
2 0 0 1f8c 2
3 0 0 211b0 2
3 0 0 211b4 2
3 0 0 211b8 2
3 0 0 211bc 2
2 0 0 211b0 2
2 0 0 211b4 2
2 0 0 211b8 2
2 0 0 211bc 2
2 0 0 14f0 2
3 0 0 211a8 2
3 0 0 211ac 2
3 0 0 211b0 2
3 0 0 211b4 2
3 0 0 211b8 2
3 0 0 211bc 2
2 0 0 2be8 2
2 0 0 2bec 2
2 0 0 1f8c 2
3 0 0 21198 2
3 0 0 2119c 2
3 0 0 211a0 2
3 0 0 211a4 2
2 0 0 21198 2
2 0 0 2119c 2
2 0 0 211a0 2
2 0 0 211a4 2
2 0 0 2be0 2
2 0 0 2be4 2
3 0 0 211a0 2
3 0 0 211a4 2
2 0 0 1ac8 2
2 0 0 211a0 2
2 0 0 211a4 2
2 0 0 1f8c 2
3 0 0 21198 2
3 0 0 2119c 2
3 0 0 211a0 2
3 0 0 211a4 2
2 0 0 21198 2
2 0 0 2119c 2
2 0 0 211a0 2
2 0 0 211a4 2
2 0 0 2bd8 2
2 0 0 2bdc 2
3 0 0 211a0 2
3 0 0 211a4 2
2 0 0 1ac8 2
2 0 0 211a0 2
2 0 0 211a4 2
2 0 0 1f8c 2
3 0 0 21198 2
3 0 0 2119c 2
3 0 0 211a0 2
3 0 0 211a4 2
2 0 0 21198 2
2 0 0 2119c 2
2 0 0 211a0 2
2 0 0 211a4 2
2 0 0 2bd0 2
2 0 0 2bd4 2
3 0 0 211a0 2
3 0 0 211a4 2
2 0 0 1ac8 2
2 0 0 211a0 2
2 0 0 211a4 2
2 0 0 1f8c 2
3 0 0 21198 2
3 0 0 2119c 2
3 0 0 211a0 2
3 0 0 211a4 2
2 0 0 21198 2
2 0 0 2119c 2
2 0 0 211a0 2
2 0 0 211a4 2
2 0 0 2bc8 2
2 0 0 2bcc 2
2 0 0 211a8 2
2 0 0 211ac 2
2 0 0 211b0 2
2 0 0 211b4 2
2 0 0 211b8 2
2 0 0 211bc 2
3 0 0 211b8 2
3 0 0 211bc 2
2 0 0 1ac8 2
2 0 0 211b8 2
2 0 0 211bc 2
2 0 0 1f8c 2
3 0 0 211b0 2
3 0 0 211b4 2
3 0 0 211b8 2
3 0 0 211bc 2
2 0 0 211b0 2
2 0 0 211b4 2
2 0 0 211b8 2
2 0 0 211bc 2
3 0 0 211b8 2
3 0 0 211bc 2
2 0 0 23bc 2
2 0 0 211b8 2
2 0 0 211bc 2
2 0 0 1f8c 2
3 0 0 211b0 2
3 0 0 211b4 2
3 0 0 211b8 2
3 0 0 211bc 2
2 0 0 211b0 2
2 0 0 211b4 2
2 0 0 211b8 2
2 0 0 211bc 2
2 0 0 14f4 2
2 0 0 2bb0 2
2 0 0 2bb4 2
3 0 0 211b8 2
3 0 0 211bc 2
2 0 0 23bc 2
2 0 0 211b8 2
2 0 0 211bc 2
3 0 0 211b8 2
3 0 0 211bc 2
2 0 0 1ac8 2
2 0 0 211b8 2
2 0 0 211bc 2
2 0 0 14f8 2
2 0 0 2b90 2
2 0 0 2b94 2
3 0 0 211b8 2
3 0 0 211bc 2
2 0 0 1ac8 2
2 0 0 211b8 2
2 0 0 211bc 2
2 0 0 211c0 2
2 0 0 211c0 2
2 0 0 211c4 2
2 0 0 211c8 2
2 0 0 211cc 2
2 0 0 211d0 2
2 0 0 211d4 2
2 0 0 211d8 2
2 0 0 211dc 2
2 0 0 211e0 2
2 0 0 211e4 2
2 0 0 211e8 2
2 0 0 211ec 2
2 0 0 211f0 2
2 0 0 211f4 2
2 0 0 211f8 2
2 0 0 211fc 2
2 0 0 21200 2
2 0 0 21204 2
2 0 0 358 2
3 0 0 20078 2
2 0 0 2121c 2
2 0 0 21220 2
2 0 0 21224 2
2 0 0 21228 2
2 0 0 2122c 2
2 0 0 21230 2
2 0 0 21234 2
2 0 0 21238 2
2 0 0 2123c 2
3 0 0 21220 2
3 0 0 21224 2
3 0 0 21228 2
3 0 0 2122c 2
3 0 0 21230 2
3 0 0 21234 2
3 0 0 21238 2
3 0 0 2123c 2
2 0 0 7b0 2
2 0 0 2006c 2
2 0 0 7b4 2
2 0 0 7b8 2
2 0 0 1f8c 2
3 0 0 21210 2
3 0 0 21214 2
3 0 0 21218 2
3 0 0 2121c 2
2 0 0 21210 2
2 0 0 21214 2
2 0 0 21218 2
2 0 0 2121c 2
2 0 0 7bc 2
3 0 0 21210 2
3 0 0 21214 2
3 0 0 21218 2
3 0 0 2121c 2
3 0 0 21208 2
3 0 0 2120c 2
2 0 0 1d84 2
2 0 0 1d7e 0
2 0 0 21208 2
2 0 0 2120c 2
2 0 0 21210 2
2 0 0 21214 2
2 0 0 21218 2
2 0 0 2121c 2
2 0 0 7c0 2
3 0 0 2016c 2
2 0 0 7c4 2
2 0 0 20070 2
2 0 0 7b4 2
2 0 0 7b8 2
2 0 0 1f8c 2
3 0 0 21210 2
3 0 0 21214 2
3 0 0 21218 2
3 0 0 2121c 2
2 0 0 21210 2
2 0 0 21214 2
2 0 0 21218 2
2 0 0 2121c 2
2 0 0 7bc 2
3 0 0 21210 2
3 0 0 21214 2
3 0 0 21218 2
3 0 0 2121c 2
3 0 0 21208 2
3 0 0 2120c 2
2 0 0 1d84 2
2 0 0 1d7e 0
2 0 0 21208 2
2 0 0 2120c 2
2 0 0 21210 2
2 0 0 21214 2
2 0 0 21218 2
2 0 0 2121c 2
2 0 0 7c0 2
3 0 0 20170 2
2 0 0 7c8 2
2 0 0 20074 2
2 0 0 7b4 2
2 0 0 7b8 2
2 0 0 1f8c 2
3 0 0 21210 2
3 0 0 21214 2
3 0 0 21218 2
3 0 0 2121c 2
2 0 0 21210 2
2 0 0 21214 2
2 0 0 21218 2
2 0 0 2121c 2
2 0 0 7bc 2
3 0 0 21210 2
3 0 0 21214 2
3 0 0 21218 2
3 0 0 2121c 2
3 0 0 21208 2
3 0 0 2120c 2
2 0 0 1d84 2
2 0 0 1d7e 0
2 0 0 21208 2
2 0 0 2120c 2
2 0 0 21210 2
2 0 0 21214 2
2 0 0 21218 2
2 0 0 2121c 2
2 0 0 7c0 2
3 0 0 20174 2
2 0 0 7cc 2
2 0 0 20054 2
2 0 0 7d0 2
3 0 0 20160 2
2 0 0 7d4 2
2 0 0 20058 2
2 0 0 7d0 2
3 0 0 20164 2
2 0 0 7d8 2
2 0 0 2005c 2
2 0 0 7d0 2
3 0 0 20168 2
2 0 0 7dc 2
2 0 0 7c0 2
2 0 0 7e0 2
3 0 0 21208 2
3 0 0 2120c 2
3 0 0 21210 2
3 0 0 21214 2
3 0 0 21218 2
3 0 0 2121c 2
2 0 0 20190 2
2 0 0 2016c 2
3 0 0 2019c 2
2 0 0 20194 2
2 0 0 20170 2
3 0 0 201a0 2
2 0 0 20198 2
2 0 0 20174 2
3 0 0 201a4 2
2 0 0 21208 2
2 0 0 2120c 2
2 0 0 21210 2
2 0 0 21214 2
2 0 0 21218 2
2 0 0 2121c 2
2 0 0 7e4 2
2 0 0 7e0 2
2 0 0 7e8 2
3 0 0 21208 2
3 0 0 2120c 2
3 0 0 21210 2
3 0 0 21214 2
3 0 0 21218 2
3 0 0 2121c 2
2 0 0 20184 2
2 0 0 2019c 2
3 0 0 20178 2
2 0 0 20188 2
2 0 0 201a0 2
3 0 0 2017c 2
2 0 0 2018c 2
2 0 0 201a4 2
3 0 0 20180 2
2 0 0 21208 2
2 0 0 2120c 2
2 0 0 21210 2
2 0 0 21214 2
2 0 0 21218 2
2 0 0 2121c 2
2 0 0 7ec 2
3 0 0 200b4 2
2 0 0 7f0 2
2 0 0 20044 2
2 0 0 7e8 2
2 0 0 20180 2
2 0 0 7ec 2
3 0 0 200b8 2
2 0 0 7e8 2
2 0 0 2017c 2
2 0 0 7f0 2
2 0 0 20044 2
2 0 0 7ec 2
3 0 0 200bc 2
2 0 0 7e8 2
2 0 0 20180 2
2 0 0 7f0 2
2 0 0 20044 2
2 0 0 7ec 2
3 0 0 200c0 2
2 0 0 7ec 2
3 0 0 200c4 2
2 0 0 7f0 2
2 0 0 20044 2
2 0 0 7e8 2
2 0 0 20178 2
2 0 0 7ec 2
3 0 0 200c8 2
2 0 0 7f0 2
2 0 0 20044 2
2 0 0 7e8 2
2 0 0 2017c 2
2 0 0 7ec 2
3 0 0 200cc 2
2 0 0 7e8 2
2 0 0 20178 2
2 0 0 7f0 2
2 0 0 20044 2
2 0 0 7ec 2
3 0 0 200d0 2
2 0 0 7ec 2
3 0 0 200d4 2
2 0 0 7f4 2
2 0 0 7f8 2
3 0 0 211f8 2
3 0 0 211fc 2
3 0 0 21200 2
3 0 0 21204 2
3 0 0 21208 2
3 0 0 2120c 2
3 0 0 21210 2
3 0 0 21214 2
3 0 0 21218 2
3 0 0 2121c 2
2 0 0 200b4 2
2 0 0 20090 2
3 0 0 211f8 2
2 0 0 200c0 2
2 0 0 20094 2
3 0 0 211fc 2
2 0 0 200cc 2
2 0 0 20098 2
3 0 0 21200 2
3 0 0 201c0 2
2 0 0 211f8 2
2 0 0 211fc 2
2 0 0 21200 2
3 0 0 201c0 2
2 0 0 200b8 2
2 0 0 20090 2
3 0 0 211f8 2
2 0 0 200c4 2
2 0 0 20094 2
3 0 0 211fc 2
2 0 0 200d0 2
2 0 0 20098 2
3 0 0 21200 2
3 0 0 201c4 2
2 0 0 211f8 2
2 0 0 211fc 2
2 0 0 21200 2
3 0 0 201c4 2
2 0 0 200bc 2
2 0 0 20090 2
3 0 0 211f8 2
2 0 0 200c8 2
2 0 0 20094 2
3 0 0 211fc 2
2 0 0 200d4 2
2 0 0 20098 2
3 0 0 21200 2
3 0 0 201c8 2
2 0 0 211f8 2
2 0 0 211fc 2
2 0 0 21200 2
3 0 0 201c8 2
2 0 0 200b4 2
2 0 0 2009c 2
3 0 0 211f8 2
2 0 0 200c0 2
2 0 0 200a0 2
3 0 0 211fc 2
2 0 0 200cc 2
2 0 0 200a4 2
3 0 0 21200 2
3 0 0 201cc 2
2 0 0 211f8 2
2 0 0 211fc 2
2 0 0 21200 2
3 0 0 201cc 2
2 0 0 200b8 2
2 0 0 2009c 2
3 0 0 211f8 2
2 0 0 200c4 2
2 0 0 200a0 2
3 0 0 211fc 2
2 0 0 200d0 2
2 0 0 200a4 2
3 0 0 21200 2
3 0 0 201d0 2
2 0 0 211f8 2
2 0 0 211fc 2
2 0 0 21200 2
3 0 0 201d0 2
2 0 0 200bc 2
2 0 0 2009c 2
3 0 0 211f8 2
2 0 0 200c8 2
2 0 0 200a0 2
3 0 0 211fc 2
2 0 0 200d4 2
2 0 0 200a4 2
3 0 0 21200 2
3 0 0 201d4 2
2 0 0 211f8 2
2 0 0 211fc 2
2 0 0 21200 2
3 0 0 201d4 2
2 0 0 200b4 2
2 0 0 200a8 2
3 0 0 211f8 2
2 0 0 200c0 2
2 0 0 200ac 2
3 0 0 211fc 2
2 0 0 200cc 2
2 0 0 200b0 2
3 0 0 21200 2
3 0 0 201d8 2
2 0 0 211f8 2
2 0 0 211fc 2
2 0 0 21200 2
3 0 0 201d8 2
2 0 0 200b8 2
2 0 0 200a8 2
3 0 0 211f8 2
2 0 0 200c4 2
2 0 0 200ac 2
3 0 0 211fc 2
2 0 0 200d0 2
2 0 0 200b0 2
3 0 0 21200 2
3 0 0 201dc 2
2 0 0 211f8 2
2 0 0 211fc 2
2 0 0 21200 2
3 0 0 201dc 2
2 0 0 200bc 2
2 0 0 200a8 2
3 0 0 211f8 2
2 0 0 200c8 2
2 0 0 200ac 2
3 0 0 211fc 2
2 0 0 200d4 2
2 0 0 200b0 2
3 0 0 21200 2
3 0 0 201e0 2
2 0 0 211f8 2
2 0 0 211fc 2
2 0 0 21200 2
3 0 0 201e0 2
2 0 0 211f8 2
2 0 0 211fc 2
2 0 0 21200 2
2 0 0 21204 2
2 0 0 21208 2
2 0 0 2120c 2
2 0 0 21210 2
2 0 0 21214 2
2 0 0 21218 2
2 0 0 2121c 2
2 0 0 7f4 2
2 0 0 201c0 2
2 0 0 7f8 2
2 0 0 20090 2
2 0 0 7f8 2
3 0 0 20090 2
2 0 0 7f4 2
2 0 0 201c4 2
2 0 0 7f8 2
2 0 0 20094 2
2 0 0 7f8 2
3 0 0 20094 2
2 0 0 7f4 2
2 0 0 201c8 2
2 0 0 7f8 2
2 0 0 20098 2
2 0 0 7f8 2
3 0 0 20098 2
2 0 0 7f4 2
2 0 0 201cc 2
2 0 0 7f8 2
2 0 0 2009c 2
2 0 0 7f8 2
3 0 0 2009c 2
2 0 0 7f4 2
2 0 0 201d0 2
2 0 0 7f8 2
2 0 0 200a0 2
2 0 0 7f8 2
3 0 0 200a0 2
2 0 0 7f4 2
2 0 0 201d4 2
2 0 0 7f8 2
2 0 0 200a4 2
2 0 0 7f8 2
3 0 0 200a4 2
2 0 0 7f4 2
2 0 0 201d8 2
2 0 0 7f8 2
2 0 0 200a8 2
2 0 0 7f8 2
3 0 0 200a8 2
2 0 0 7f4 2
2 0 0 201dc 2
2 0 0 7f8 2
2 0 0 200ac 2
2 0 0 7f8 2
3 0 0 200ac 2
2 0 0 7f4 2
2 0 0 201e0 2
2 0 0 7f8 2
2 0 0 200b0 2
2 0 0 7f8 2
3 0 0 200b0 2
2 0 0 21220 2
2 0 0 21224 2
2 0 0 21228 2
2 0 0 2122c 2
2 0 0 21230 2
2 0 0 21234 2
2 0 0 21238 2
2 0 0 2123c 2
3 0 0 2121c 2
3 0 0 21220 2
3 0 0 21224 2
3 0 0 21228 2
3 0 0 2122c 2
3 0 0 21230 2
3 0 0 21234 2
3 0 0 21238 2
3 0 0 2123c 2
2 0 0 904 2
3 0 0 211e0 2
3 0 0 211e4 2
3 0 0 211e8 2
3 0 0 211ec 2
3 0 0 211f0 2
3 0 0 211f4 2
2 0 0 2009c 2
2 0 0 20090 2
2 0 0 200a0 2
2 0 0 20094 2
2 0 0 200a4 2
2 0 0 20098 2
2 0 0 211e0 2
2 0 0 211e4 2
2 0 0 211e8 2
2 0 0 211ec 2
2 0 0 211f0 2
2 0 0 211f4 2
2 0 0 908 2
2 0 0 1f8c 2
3 0 0 211e8 2
3 0 0 211ec 2
3 0 0 211f0 2
3 0 0 211f4 2
2 0 0 211e8 2
2 0 0 211ec 2
2 0 0 211f0 2
2 0 0 211f4 2
2 0 0 904 2
3 0 0 211e0 2
3 0 0 211e4 2
3 0 0 211e8 2
3 0 0 211ec 2
3 0 0 211f0 2
3 0 0 211f4 2
2 0 0 2009c 2
3 0 0 211f8 2
2 0 0 200a0 2
3 0 0 211fc 2
2 0 0 200a4 2
3 0 0 21200 2
2 0 0 211e0 2
2 0 0 211e4 2
2 0 0 211e8 2
2 0 0 211ec 2
2 0 0 211f0 2
2 0 0 211f4 2
2 0 0 904 2
3 0 0 211e0 2
3 0 0 211e4 2
3 0 0 211e8 2
3 0 0 211ec 2
3 0 0 211f0 2
3 0 0 211f4 2
2 0 0 20090 2
3 0 0 21204 2
2 0 0 20094 2
3 0 0 21208 2
2 0 0 20098 2
3 0 0 2120c 2
2 0 0 211e0 2
2 0 0 211e4 2
2 0 0 211e8 2
2 0 0 211ec 2
2 0 0 211f0 2
2 0 0 211f4 2
2 0 0 904 2
3 0 0 211e0 2
3 0 0 211e4 2
3 0 0 211e8 2
3 0 0 211ec 2
3 0 0 211f0 2
3 0 0 211f4 2
2 0 0 20090 2
2 0 0 211f8 2
3 0 0 211f8 2
2 0 0 20094 2
2 0 0 211fc 2
3 0 0 211fc 2
2 0 0 20098 2
2 0 0 21200 2
3 0 0 21200 2
2 0 0 211e0 2
2 0 0 211e4 2
2 0 0 211e8 2
2 0 0 211ec 2
2 0 0 211f0 2
2 0 0 211f4 2
2 0 0 904 2
3 0 0 211e0 2
3 0 0 211e4 2
3 0 0 211e8 2
3 0 0 211ec 2
3 0 0 211f0 2
3 0 0 211f4 2
2 0 0 2009c 2
2 0 0 21204 2
3 0 0 21204 2
2 0 0 200a0 2
2 0 0 21208 2
3 0 0 21208 2
2 0 0 200a4 2
2 0 0 2120c 2
3 0 0 2120c 2
2 0 0 211e0 2
2 0 0 211e4 2
2 0 0 211e8 2
2 0 0 211ec 2
2 0 0 211f0 2
2 0 0 211f4 2
3 0 0 211e0 2
3 0 0 211e4 2
3 0 0 211e8 2
3 0 0 211ec 2
3 0 0 211f0 2
3 0 0 211f4 2
2 0 0 21208 2
2 0 0 21200 2
2 0 0 2120c 2
2 0 0 211fc 2
3 0 0 21210 2
2 0 0 2120c 2
2 0 0 211f8 2
2 0 0 21204 2
2 0 0 21200 2
3 0 0 21214 2
2 0 0 21204 2
2 0 0 211fc 2
2 0 0 21208 2
2 0 0 211f8 2
3 0 0 21218 2
2 0 0 211e0 2
2 0 0 211e4 2
2 0 0 211e8 2
2 0 0 211ec 2
2 0 0 211f0 2
2 0 0 211f4 2
3 0 0 211e0 2
3 0 0 211e4 2
3 0 0 211e8 2
3 0 0 211ec 2
3 0 0 211f0 2
3 0 0 211f4 2
2 0 0 211f8 2
2 0 0 211f8 2
2 0 0 211fc 2
2 0 0 211fc 2
2 0 0 21200 2
2 0 0 21200 2
2 0 0 211e0 2
2 0 0 211e4 2
2 0 0 211e8 2
2 0 0 211ec 2
2 0 0 211f0 2
2 0 0 211f4 2
2 0 0 90c 2
2 0 0 908 2
2 0 0 1f8c 2
3 0 0 211e8 2
3 0 0 211ec 2
3 0 0 211f0 2
3 0 0 211f4 2
2 0 0 211e8 2
2 0 0 211ec 2
2 0 0 211f0 2
2 0 0 211f4 2
2 0 0 904 2
3 0 0 211e0 2
3 0 0 211e4 2
3 0 0 211e8 2
3 0 0 211ec 2
3 0 0 211f0 2
3 0 0 211f4 2
2 0 0 211f8 2
3 0 0 20090 2
2 0 0 211fc 2
3 0 0 20094 2
2 0 0 21200 2
3 0 0 20098 2
2 0 0 211e0 2
2 0 0 211e4 2
2 0 0 211e8 2
2 0 0 211ec 2
2 0 0 211f0 2
2 0 0 211f4 2
3 0 0 211e0 2
3 0 0 211e4 2
3 0 0 211e8 2
3 0 0 211ec 2
3 0 0 211f0 2
3 0 0 211f4 2
2 0 0 21204 2
2 0 0 21204 2
2 0 0 21208 2
2 0 0 21208 2
2 0 0 2120c 2
2 0 0 2120c 2
2 0 0 211e0 2
2 0 0 211e4 2
2 0 0 211e8 2
2 0 0 211ec 2
2 0 0 211f0 2
2 0 0 211f4 2
2 0 0 90c 2
2 0 0 908 2
2 0 0 1f8c 2
3 0 0 211e8 2
3 0 0 211ec 2
3 0 0 211f0 2
3 0 0 211f4 2
2 0 0 211e8 2
2 0 0 211ec 2
2 0 0 211f0 2
2 0 0 211f4 2
2 0 0 904 2
3 0 0 211e0 2
3 0 0 211e4 2
3 0 0 211e8 2
3 0 0 211ec 2
3 0 0 211f0 2
3 0 0 211f4 2
2 0 0 21204 2
3 0 0 2009c 2
2 0 0 21208 2
3 0 0 200a0 2
2 0 0 2120c 2
3 0 0 200a4 2
2 0 0 211e0 2
2 0 0 211e4 2
2 0 0 211e8 2
2 0 0 211ec 2
2 0 0 211f0 2
2 0 0 211f4 2
3 0 0 211e0 2
3 0 0 211e4 2
3 0 0 211e8 2
3 0 0 211ec 2
3 0 0 211f0 2
3 0 0 211f4 2
2 0 0 21210 2
2 0 0 21210 2
2 0 0 21214 2
2 0 0 21214 2
2 0 0 21218 2
2 0 0 21218 2
2 0 0 211e0 2
2 0 0 211e4 2
2 0 0 211e8 2
2 0 0 211ec 2
2 0 0 211f0 2
2 0 0 211f4 2
2 0 0 90c 2
2 0 0 908 2
2 0 0 1f8c 2
3 0 0 211e8 2
3 0 0 211ec 2
3 0 0 211f0 2
3 0 0 211f4 2
2 0 0 211e8 2
2 0 0 211ec 2
2 0 0 211f0 2
2 0 0 211f4 2
2 0 0 904 2
3 0 0 211e0 2
3 0 0 211e4 2
3 0 0 211e8 2
3 0 0 211ec 2
3 0 0 211f0 2
3 0 0 211f4 2
2 0 0 21210 2
3 0 0 200a8 2
2 0 0 21214 2
3 0 0 200ac 2
2 0 0 21218 2
3 0 0 200b0 2
2 0 0 211e0 2
2 0 0 211e4 2
2 0 0 211e8 2
2 0 0 211ec 2
2 0 0 211f0 2
2 0 0 211f4 2
2 0 0 2121c 2
2 0 0 21220 2
2 0 0 21224 2
2 0 0 21228 2
2 0 0 2122c 2
2 0 0 21230 2
2 0 0 21234 2
2 0 0 21238 2
2 0 0 2123c 2
3 0 0 2121c 2
3 0 0 21220 2
3 0 0 21224 2
3 0 0 21228 2
3 0 0 2122c 2
3 0 0 21230 2
3 0 0 21234 2
3 0 0 21238 2
3 0 0 2123c 2
2 0 0 4d0 2
2 0 0 20168 2
2 0 0 20168 2
2 0 0 4d0 2
3 0 0 21208 2
2 0 0 20164 2
2 0 0 20164 2
2 0 0 4d0 2
3 0 0 21204 2
2 0 0 20160 2
2 0 0 20160 2
3 0 0 21200 2
2 0 0 21204 2
2 0 0 21208 2
3 0 0 2120c 2
3 0 0 21210 2
3 0 0 21214 2
3 0 0 211e8 2
3 0 0 211ec 2
3 0 0 211f0 2
3 0 0 211f4 2
3 0 0 211f8 2
3 0 0 211fc 2
3 0 0 211d0 2
3 0 0 211d4 2
3 0 0 211d8 2
3 0 0 211dc 2
3 0 0 211e0 2
3 0 0 211e4 2
2 0 0 211d0 2
2 0 0 211d4 2
2 0 0 211d8 2
2 0 0 211dc 2
2 0 0 211e0 2
2 0 0 211e4 2
2 0 0 211e8 2
2 0 0 211ec 2
2 0 0 211f0 2
2 0 0 211f4 2
2 0 0 211f8 2
2 0 0 211fc 2
2 0 0 4d4 2
3 0 0 21214 2
3 0 0 211f0 2
3 0 0 211f4 2
3 0 0 211f8 2
3 0 0 211fc 2
2 0 0 211f0 2
2 0 0 211f4 2
2 0 0 211f8 2
2 0 0 211fc 2
2 0 0 4d8 2
2 0 0 4d0 2
2 0 0 4dc 2
3 0 0 211e8 2
3 0 0 211ec 2
3 0 0 211f0 2
3 0 0 211f4 2
3 0 0 211f8 2
3 0 0 211fc 2
2 0 0 200ac 2
2 0 0 20168 2
2 0 0 200b0 2
2 0 0 20164 2
3 0 0 201a8 2
2 0 0 200b0 2
2 0 0 20160 2
2 0 0 200a8 2
2 0 0 20168 2
3 0 0 201ac 2
2 0 0 200a8 2
2 0 0 20164 2
2 0 0 200ac 2
2 0 0 20160 2
3 0 0 201b0 2
2 0 0 211e8 2
2 0 0 211ec 2
2 0 0 211f0 2
2 0 0 211f4 2
2 0 0 211f8 2
2 0 0 211fc 2
2 0 0 4e0 2
2 0 0 4e4 2
2 0 0 1f8c 2
3 0 0 211f0 2
3 0 0 211f4 2
3 0 0 211f8 2
3 0 0 211fc 2
2 0 0 211f0 2
2 0 0 211f4 2
2 0 0 211f8 2
2 0 0 211fc 2
3 0 0 21210 2
3 0 0 21214 2
2 0 0 4dc 2
2 0 0 4e8 2
3 0 0 211e8 2
3 0 0 211ec 2
3 0 0 211f0 2
3 0 0 211f4 2
3 0 0 211f8 2
3 0 0 211fc 2
2 0 0 201a8 2
3 0 0 20184 2
2 0 0 201ac 2
3 0 0 20188 2
2 0 0 201b0 2
3 0 0 2018c 2
2 0 0 211e8 2
2 0 0 211ec 2
2 0 0 211f0 2
2 0 0 211f4 2
2 0 0 211f8 2
2 0 0 211fc 2
2 0 0 4ec 2
2 0 0 4f0 2
3 0 0 21210 2
3 0 0 21214 2
2 0 0 1f8c 2
3 0 0 211f0 2
3 0 0 211f4 2
3 0 0 211f8 2
3 0 0 211fc 2
2 0 0 211f0 2
2 0 0 211f4 2
2 0 0 211f8 2
2 0 0 211fc 2
2 0 0 4dc 2
2 0 0 4f4 2
3 0 0 211e8 2
3 0 0 211ec 2
3 0 0 211f0 2
3 0 0 211f4 2
3 0 0 211f8 2
3 0 0 211fc 2
2 0 0 201a8 2
3 0 0 200f4 2
2 0 0 201ac 2
3 0 0 200f8 2
2 0 0 201b0 2
3 0 0 200fc 2
2 0 0 211e8 2
2 0 0 211ec 2
2 0 0 211f0 2
2 0 0 211f4 2
2 0 0 211f8 2
2 0 0 211fc 2
2 0 0 4f4 2
2 0 0 4f8 2
3 0 0 211e8 2
3 0 0 211ec 2
3 0 0 211f0 2
3 0 0 211f4 2
3 0 0 211f8 2
3 0 0 211fc 2
2 0 0 200f4 2
2 0 0 20190 2
3 0 0 20190 2
2 0 0 200f8 2
2 0 0 20194 2
3 0 0 20194 2
2 0 0 200fc 2
2 0 0 20198 2
3 0 0 20198 2
2 0 0 211e8 2
2 0 0 211ec 2
2 0 0 211f0 2
2 0 0 211f4 2
2 0 0 211f8 2
2 0 0 211fc 2
2 0 0 4fc 2
2 0 0 20078 2
3 0 0 211fc 2
2 0 0 1744 2
3 0 0 211b0 2
3 0 0 211b4 2
3 0 0 211b8 2
3 0 0 211bc 2
3 0 0 211c0 2
3 0 0 211c4 2
3 0 0 211c8 2
3 0 0 211cc 2
3 0 0 211d0 2
3 0 0 211d4 2
3 0 0 211d8 2
3 0 0 211dc 2
2 0 0 1f8c 2
3 0 0 211a0 2
3 0 0 211a4 2
3 0 0 211a8 2
3 0 0 211ac 2
2 0 0 211a0 2
2 0 0 211a4 2
2 0 0 211a8 2
2 0 0 211ac 2
2 0 0 e9c 2
3 0 0 21198 2
3 0 0 2119c 2
3 0 0 211a0 2
3 0 0 211a4 2
3 0 0 211a8 2
3 0 0 211ac 2
2 0 0 2c48 2
2 0 0 2c4c 2
2 0 0 1f8c 2
3 0 0 21188 2
3 0 0 2118c 2
3 0 0 21190 2
3 0 0 21194 2
2 0 0 21188 2
2 0 0 2118c 2
2 0 0 21190 2
2 0 0 21194 2
2 0 0 2c40 2
2 0 0 2c44 2
3 0 0 21190 2
3 0 0 21194 2
2 0 0 23bc 2
2 0 0 21190 2
2 0 0 21194 2
2 0 0 1f8c 2
3 0 0 21188 2
3 0 0 2118c 2
3 0 0 21190 2
3 0 0 21194 2
2 0 0 21188 2
2 0 0 2118c 2
2 0 0 21190 2
2 0 0 21194 2
2 0 0 2c38 2
2 0 0 2c3c 2
3 0 0 21190 2
3 0 0 21194 2
2 0 0 23bc 2
2 0 0 21190 2
2 0 0 21194 2
2 0 0 1f8c 2
3 0 0 21188 2
3 0 0 2118c 2
3 0 0 21190 2
3 0 0 21194 2
2 0 0 21188 2
2 0 0 2118c 2
2 0 0 21190 2
2 0 0 21194 2
2 0 0 2c30 2
2 0 0 2c34 2
3 0 0 21190 2
3 0 0 21194 2
2 0 0 23bc 2
2 0 0 21190 2
2 0 0 21194 2
2 0 0 1f8c 2
3 0 0 21188 2
3 0 0 2118c 2
3 0 0 21190 2
3 0 0 21194 2
2 0 0 21188 2
2 0 0 2118c 2
2 0 0 21190 2
2 0 0 21194 2
2 0 0 2c28 2
2 0 0 2c2c 2
3 0 0 21190 2
3 0 0 21194 2
2 0 0 23bc 2
2 0 0 21190 2
2 0 0 21194 2
2 0 0 1f8c 2
3 0 0 21188 2
3 0 0 2118c 2
3 0 0 21190 2
3 0 0 21194 2
2 0 0 21188 2
2 0 0 2118c 2
2 0 0 21190 2
2 0 0 21194 2
2 0 0 2c20 2
2 0 0 2c24 2
2 0 0 21198 2
2 0 0 2119c 2
2 0 0 211a0 2
2 0 0 211a4 2
2 0 0 211a8 2
2 0 0 211ac 2
3 0 0 211a8 2
3 0 0 211ac 2
2 0 0 23bc 2
2 0 0 211a8 2
2 0 0 211ac 2
2 0 0 1f8c 2
3 0 0 211a0 2
3 0 0 211a4 2
3 0 0 211a8 2
3 0 0 211ac 2
2 0 0 211a0 2
2 0 0 211a4 2
2 0 0 211a8 2
2 0 0 211ac 2
2 0 0 211b8 2
2 0 0 211bc 2
2 0 0 1f8c 2
3 0 0 211a0 2
3 0 0 211a4 2
3 0 0 211a8 2
3 0 0 211ac 2
2 0 0 211a0 2
2 0 0 211a4 2
2 0 0 211a8 2
2 0 0 211ac 2
2 0 0 1f8c 2
3 0 0 211a0 2
3 0 0 211a4 2
3 0 0 211a8 2
3 0 0 211ac 2
2 0 0 211a0 2
2 0 0 211a4 2
2 0 0 211a8 2
2 0 0 211ac 2
3 0 0 211a8 2
3 0 0 211ac 2
2 0 0 1ac8 2
2 0 0 211a8 2
2 0 0 211ac 2
2 0 0 ea0 2
2 0 0 ea4 2
2 0 0 ea8 2
3 0 0 211a8 2
3 0 0 211ac 2
2 0 0 23bc 2
2 0 0 211a8 2
2 0 0 211ac 2
2 0 0 e98 2
3 0 0 211a8 2
3 0 0 211ac 2
2 0 0 23bc 2
2 0 0 211a8 2
2 0 0 211ac 2
3 0 0 211a8 2
3 0 0 211ac 2
2 0 0 23bc 2
2 0 0 211a8 2
2 0 0 211ac 2
2 0 0 211c0 2
2 0 0 211c4 2
2 0 0 211c8 2
2 0 0 211cc 2
2 0 0 211d0 2
2 0 0 211d4 2
2 0 0 211d8 2
2 0 0 211dc 2
3 0 0 211d8 2
3 0 0 211dc 2
2 0 0 23bc 2
2 0 0 211d8 2
2 0 0 211dc 2
2 0 0 211fc 2
3 0 0 21210 2
3 0 0 21214 2
2 0 0 4fc 2
2 0 0 20078 2
3 0 0 21210 2
3 0 0 21214 2
3 0 0 211fc 2
2 0 0 18c4 2
3 0 0 211e0 2
3 0 0 211b0 2
3 0 0 211b4 2
3 0 0 211b8 2
3 0 0 211bc 2
3 0 0 211c0 2
3 0 0 211c4 2
3 0 0 211c8 2
3 0 0 211cc 2
3 0 0 211d0 2
3 0 0 211d4 2
3 0 0 211d8 2
3 0 0 211dc 2
2 0 0 1f8c 2
3 0 0 21190 2
3 0 0 21194 2
3 0 0 21198 2
3 0 0 2119c 2
2 0 0 21190 2
2 0 0 21194 2
2 0 0 21198 2
2 0 0 2119c 2
2 0 0 1f8c 2
3 0 0 21190 2
3 0 0 21194 2
3 0 0 21198 2
3 0 0 2119c 2
2 0 0 21190 2
2 0 0 21194 2
2 0 0 21198 2
2 0 0 2119c 2
2 0 0 1038 2
3 0 0 21188 2
3 0 0 2118c 2
3 0 0 21190 2
3 0 0 21194 2
3 0 0 21198 2
3 0 0 2119c 2
2 0 0 2d40 2
2 0 0 2d44 2
2 0 0 1f8c 2
3 0 0 21178 2
3 0 0 2117c 2
3 0 0 21180 2
3 0 0 21184 2
2 0 0 21178 2
2 0 0 2117c 2
2 0 0 21180 2
2 0 0 21184 2
2 0 0 2d38 2
2 0 0 2d3c 2
3 0 0 21180 2
3 0 0 21184 2
2 0 0 23bc 2
2 0 0 21180 2
2 0 0 21184 2
2 0 0 1f8c 2
3 0 0 21178 2
3 0 0 2117c 2
3 0 0 21180 2
3 0 0 21184 2
2 0 0 21178 2
2 0 0 2117c 2
2 0 0 21180 2
2 0 0 21184 2
2 0 0 2d30 2
2 0 0 2d34 2
3 0 0 21180 2
3 0 0 21184 2
2 0 0 23bc 2
2 0 0 21180 2
2 0 0 21184 2
2 0 0 1f8c 2
3 0 0 21178 2
3 0 0 2117c 2
3 0 0 21180 2
3 0 0 21184 2
2 0 0 21178 2
2 0 0 2117c 2
2 0 0 21180 2
2 0 0 21184 2
2 0 0 2d28 2
2 0 0 2d2c 2
3 0 0 21180 2
3 0 0 21184 2
2 0 0 23bc 2
2 0 0 21180 2
2 0 0 21184 2
2 0 0 1f8c 2
3 0 0 21178 2
3 0 0 2117c 2
3 0 0 21180 2
3 0 0 21184 2
2 0 0 21178 2
2 0 0 2117c 2
2 0 0 21180 2
2 0 0 21184 2
2 0 0 2d20 2
2 0 0 2d24 2
2 0 0 21188 2
2 0 0 2118c 2
2 0 0 21190 2
2 0 0 21194 2
2 0 0 21198 2
2 0 0 2119c 2
3 0 0 21198 2
3 0 0 2119c 2
2 0 0 23bc 2
2 0 0 21198 2
2 0 0 2119c 2
2 0 0 211e0 2
3 0 0 211a8 2
2 0 0 1f8c 2
3 0 0 21190 2
3 0 0 21194 2
3 0 0 21198 2
3 0 0 2119c 2
2 0 0 21190 2
2 0 0 21194 2
2 0 0 21198 2
2 0 0 2119c 2
2 0 0 103c 2
2 0 0 1040 2
3 0 0 21198 2
3 0 0 2119c 2
2 0 0 23bc 2
2 0 0 21198 2
2 0 0 2119c 2
2 0 0 1f8c 2
3 0 0 21190 2
3 0 0 21194 2
3 0 0 21198 2
3 0 0 2119c 2
2 0 0 21190 2
2 0 0 21194 2
2 0 0 21198 2
2 0 0 2119c 2
2 0 0 211c0 2
2 0 0 211c4 2
2 0 0 211c8 2
2 0 0 211cc 2
2 0 0 211d0 2
2 0 0 211d4 2
2 0 0 211d8 2
2 0 0 211dc 2
3 0 0 211d8 2
3 0 0 211dc 2
2 0 0 23bc 2
2 0 0 211d8 2
2 0 0 211dc 2
2 0 0 211fc 2
2 0 0 4d8 2
2 0 0 2009c 2
2 0 0 4d8 2
2 0 0 20090 2
2 0 0 4d8 2
2 0 0 500 2
3 0 0 211e8 2
3 0 0 211ec 2
3 0 0 211f0 2
3 0 0 211f4 2
3 0 0 211f8 2
3 0 0 211fc 2
2 0 0 200a8 2
3 0 0 201b4 2
2 0 0 200ac 2
3 0 0 201b8 2
2 0 0 200b0 2
3 0 0 201bc 2
2 0 0 211e8 2
2 0 0 211ec 2
2 0 0 211f0 2
2 0 0 211f4 2
2 0 0 211f8 2
2 0 0 211fc 2
2 0 0 504 2
2 0 0 500 2
2 0 0 508 2
3 0 0 211e8 2
3 0 0 211ec 2
3 0 0 211f0 2
3 0 0 211f4 2
3 0 0 211f8 2
3 0 0 211fc 2
2 0 0 201b4 2
3 0 0 200e8 2
2 0 0 201b8 2
3 0 0 200ec 2
2 0 0 201bc 2
3 0 0 200f0 2
2 0 0 211e8 2
2 0 0 211ec 2
2 0 0 211f0 2
2 0 0 211f4 2
2 0 0 211f8 2
2 0 0 211fc 2
2 0 0 508 2
2 0 0 4e8 2
3 0 0 211e8 2
3 0 0 211ec 2
3 0 0 211f0 2
3 0 0 211f4 2
3 0 0 211f8 2
3 0 0 211fc 2
2 0 0 200e8 2
2 0 0 20184 2
3 0 0 20184 2
2 0 0 200ec 2
2 0 0 20188 2
3 0 0 20188 2
2 0 0 200f0 2
2 0 0 2018c 2
3 0 0 2018c 2
2 0 0 211e8 2
2 0 0 211ec 2
2 0 0 211f0 2
2 0 0 211f4 2
2 0 0 211f8 2
2 0 0 211fc 2
2 0 0 50c 2
2 0 0 500 2
2 0 0 4f4 2
3 0 0 211e8 2
3 0 0 211ec 2
3 0 0 211f0 2
3 0 0 211f4 2
3 0 0 211f8 2
3 0 0 211fc 2
2 0 0 201b4 2
3 0 0 200f4 2
2 0 0 201b8 2
3 0 0 200f8 2
2 0 0 201bc 2
3 0 0 200fc 2
2 0 0 211e8 2
2 0 0 211ec 2
2 0 0 211f0 2
2 0 0 211f4 2
2 0 0 211f8 2
2 0 0 211fc 2
2 0 0 4f4 2
2 0 0 4f8 2
3 0 0 211e8 2
3 0 0 211ec 2
3 0 0 211f0 2
3 0 0 211f4 2
3 0 0 211f8 2
3 0 0 211fc 2
2 0 0 200f4 2
2 0 0 20190 2
3 0 0 20190 2
2 0 0 200f8 2
2 0 0 20194 2
3 0 0 20194 2
2 0 0 200fc 2
2 0 0 20198 2
3 0 0 20198 2
2 0 0 211e8 2
2 0 0 211ec 2
2 0 0 211f0 2
2 0 0 211f4 2
2 0 0 211f8 2
2 0 0 211fc 2
2 0 0 2121c 2
2 0 0 21220 2
2 0 0 21224 2
2 0 0 21228 2
2 0 0 2122c 2
2 0 0 21230 2
2 0 0 21234 2
2 0 0 21238 2
2 0 0 2123c 2
3 0 0 21220 2
3 0 0 21224 2
3 0 0 21228 2
3 0 0 2122c 2
3 0 0 21230 2
3 0 0 21234 2
3 0 0 21238 2
3 0 0 2123c 2
2 0 0 584 2
2 0 0 200a8 2
3 0 0 21200 2
3 0 0 21204 2
3 0 0 21208 2
3 0 0 2120c 2
3 0 0 21210 2
3 0 0 21214 2
3 0 0 21218 2
3 0 0 2121c 2
2 0 0 12a8 2
2 0 0 12c0 2
2 0 0 1f8c 2
3 0 0 211d8 2
3 0 0 211dc 2
3 0 0 211e0 2
3 0 0 211e4 2
2 0 0 211d8 2
2 0 0 211dc 2
2 0 0 211e0 2
2 0 0 211e4 2
2 0 0 12c4 2
3 0 0 211d0 2
3 0 0 211d4 2
3 0 0 211d8 2
3 0 0 211dc 2
3 0 0 211e0 2
3 0 0 211e4 2
2 0 0 2b60 2
2 0 0 2b64 2
2 0 0 1f8c 2
3 0 0 211c0 2
3 0 0 211c4 2
3 0 0 211c8 2
3 0 0 211cc 2
2 0 0 211c0 2
2 0 0 211c4 2
2 0 0 211c8 2
2 0 0 211cc 2
2 0 0 2b58 2
2 0 0 2b5c 2
3 0 0 211c8 2
3 0 0 211cc 2
2 0 0 1ac8 2
2 0 0 211c8 2
2 0 0 211cc 2
2 0 0 1f8c 2
3 0 0 211c0 2
3 0 0 211c4 2
3 0 0 211c8 2
3 0 0 211cc 2
2 0 0 211c0 2
2 0 0 211c4 2
2 0 0 211c8 2
2 0 0 211cc 2
2 0 0 2b50 2
2 0 0 2b54 2
3 0 0 211c8 2
3 0 0 211cc 2
2 0 0 23bc 2
2 0 0 211c8 2
2 0 0 211cc 2
2 0 0 1f8c 2
3 0 0 211c0 2
3 0 0 211c4 2
3 0 0 211c8 2
3 0 0 211cc 2
2 0 0 211c0 2
2 0 0 211c4 2
2 0 0 211c8 2
2 0 0 211cc 2
2 0 0 2b48 2
2 0 0 2b4c 2
3 0 0 211c8 2
3 0 0 211cc 2
2 0 0 23bc 2
2 0 0 211c8 2
2 0 0 211cc 2
2 0 0 1f8c 2
3 0 0 211c0 2
3 0 0 211c4 2
3 0 0 211c8 2
3 0 0 211cc 2
2 0 0 211c0 2
2 0 0 211c4 2
2 0 0 211c8 2
2 0 0 211cc 2
2 0 0 2b40 2
2 0 0 2b44 2
3 0 0 211c8 2
3 0 0 211cc 2
2 0 0 23bc 2
2 0 0 211c8 2
2 0 0 211cc 2
2 0 0 1f8c 2
3 0 0 211c0 2
3 0 0 211c4 2
3 0 0 211c8 2
3 0 0 211cc 2
2 0 0 211c0 2
2 0 0 211c4 2
2 0 0 211c8 2
2 0 0 211cc 2
2 0 0 2b38 2
2 0 0 2b3c 2
2 0 0 211d0 2
2 0 0 211d4 2
2 0 0 211d8 2
2 0 0 211dc 2
2 0 0 211e0 2
2 0 0 211e4 2
3 0 0 211e0 2
3 0 0 211e4 2
2 0 0 23bc 2
2 0 0 211e0 2
2 0 0 211e4 2
2 0 0 1f8c 2
3 0 0 211d8 2
3 0 0 211dc 2
3 0 0 211e0 2
3 0 0 211e4 2
2 0 0 211d8 2
2 0 0 211dc 2
2 0 0 211e0 2
2 0 0 211e4 2
2 0 0 12c8 2
3 0 0 211d0 2
3 0 0 211d4 2
3 0 0 211d8 2
3 0 0 211dc 2
3 0 0 211e0 2
3 0 0 211e4 2
2 0 0 2b80 2
2 0 0 2b84 2
2 0 0 1f8c 2
3 0 0 211c0 2
3 0 0 211c4 2
3 0 0 211c8 2
3 0 0 211cc 2
2 0 0 211c0 2
2 0 0 211c4 2
2 0 0 211c8 2
2 0 0 211cc 2
2 0 0 2b78 2
2 0 0 2b7c 2
3 0 0 211c8 2
3 0 0 211cc 2
2 0 0 23bc 2
2 0 0 211c8 2
2 0 0 211cc 2
2 0 0 1f8c 2
3 0 0 211c0 2
3 0 0 211c4 2
3 0 0 211c8 2
3 0 0 211cc 2
2 0 0 211c0 2
2 0 0 211c4 2
2 0 0 211c8 2
2 0 0 211cc 2
2 0 0 2b70 2
2 0 0 2b74 2
3 0 0 211c8 2
3 0 0 211cc 2
2 0 0 23bc 2
2 0 0 211c8 2
2 0 0 211cc 2
2 0 0 1f8c 2
3 0 0 211c0 2
3 0 0 211c4 2
3 0 0 211c8 2
3 0 0 211cc 2
2 0 0 211c0 2
2 0 0 211c4 2
2 0 0 211c8 2
2 0 0 211cc 2
2 0 0 2b68 2
2 0 0 2b6c 2
2 0 0 211d0 2
2 0 0 211d4 2
2 0 0 211d8 2
2 0 0 211dc 2
2 0 0 211e0 2
2 0 0 211e4 2
3 0 0 211e0 2
3 0 0 211e4 2
2 0 0 23bc 2
2 0 0 211e0 2
2 0 0 211e4 2
2 0 0 1f8c 2
3 0 0 211d8 2
3 0 0 211dc 2
3 0 0 211e0 2
3 0 0 211e4 2
2 0 0 211d8 2
2 0 0 211dc 2
2 0 0 211e0 2
2 0 0 211e4 2
3 0 0 211e0 2
3 0 0 211e4 2
2 0 0 23bc 2
2 0 0 211e0 2
2 0 0 211e4 2
3 0 0 211d8 2
3 0 0 211dc 2
3 0 0 211e0 2
3 0 0 211e4 2
3 0 0 211d0 2
3 0 0 211d4 2
2 0 0 1d84 2
2 0 0 1d83 0
2 0 0 211d0 2
2 0 0 211d4 2
2 0 0 211d8 2
2 0 0 211dc 2
2 0 0 211e0 2
2 0 0 211e4 2
2 0 0 1f8c 2
3 0 0 211d8 2
3 0 0 211dc 2
3 0 0 211e0 2
3 0 0 211e4 2
2 0 0 211d8 2
2 0 0 211dc 2
2 0 0 211e0 2
2 0 0 211e4 2
2 0 0 21200 2
2 0 0 21204 2
2 0 0 21208 2
2 0 0 2120c 2
2 0 0 21210 2
2 0 0 21214 2
2 0 0 21218 2
2 0 0 2121c 2
3 0 0 21218 2
3 0 0 2121c 2
2 0 0 1ac8 2
2 0 0 21218 2
2 0 0 2121c 2
2 0 0 588 2
3 0 0 20080 2
2 0 0 584 2
2 0 0 200b0 2
2 0 0 584 2
2 0 0 200ac 2
3 0 0 21200 2
3 0 0 21204 2
3 0 0 21208 2
3 0 0 2120c 2
3 0 0 21210 2
3 0 0 21214 2
3 0 0 21218 2
3 0 0 2121c 2
2 0 0 1658 2
2 0 0 21200 2
2 0 0 21204 2
2 0 0 21208 2
2 0 0 2120c 2
2 0 0 21210 2
2 0 0 21214 2
2 0 0 21218 2
2 0 0 2121c 2
3 0 0 211f8 2
3 0 0 211fc 2
3 0 0 21200 2
3 0 0 21204 2
3 0 0 21208 2
3 0 0 2120c 2
3 0 0 21210 2
3 0 0 21214 2
3 0 0 21218 2
3 0 0 2121c 2
3 0 0 211f8 2
2 0 0 14b8 2
2 0 0 14cc 2
2 0 0 14d0 2
2 0 0 1f8c 2
3 0 0 211e8 2
3 0 0 211ec 2
3 0 0 211f0 2
3 0 0 211f4 2
2 0 0 211e8 2
2 0 0 211ec 2
2 0 0 211f0 2
2 0 0 211f4 2
2 0 0 1f8c 2
3 0 0 211e8 2
3 0 0 211ec 2
3 0 0 211f0 2
3 0 0 211f4 2
2 0 0 211e8 2
2 0 0 211ec 2
2 0 0 211f0 2
2 0 0 211f4 2
2 0 0 14ec 2
3 0 0 211e0 2
3 0 0 211e4 2
3 0 0 211e8 2
3 0 0 211ec 2
3 0 0 211f0 2
3 0 0 211f4 2
2 0 0 2c18 2
2 0 0 2c1c 2
2 0 0 1f8c 2
3 0 0 211d0 2
3 0 0 211d4 2
3 0 0 211d8 2
3 0 0 211dc 2
2 0 0 211d0 2
2 0 0 211d4 2
2 0 0 211d8 2
2 0 0 211dc 2
2 0 0 2c10 2
2 0 0 2c14 2
3 0 0 211d8 2
3 0 0 211dc 2
2 0 0 1ac8 2
2 0 0 211d8 2
2 0 0 211dc 2
2 0 0 1f8c 2
3 0 0 211d0 2
3 0 0 211d4 2
3 0 0 211d8 2
3 0 0 211dc 2
2 0 0 211d0 2
2 0 0 211d4 2
2 0 0 211d8 2
2 0 0 211dc 2
2 0 0 2c08 2
2 0 0 2c0c 2
3 0 0 211d8 2
3 0 0 211dc 2
2 0 0 1ac8 2
2 0 0 211d8 2
2 0 0 211dc 2
2 0 0 1f8c 2
3 0 0 211d0 2
3 0 0 211d4 2
3 0 0 211d8 2
3 0 0 211dc 2
2 0 0 211d0 2
2 0 0 211d4 2
2 0 0 211d8 2
2 0 0 211dc 2
2 0 0 2c00 2
2 0 0 2c04 2
3 0 0 211d8 2
3 0 0 211dc 2
2 0 0 1ac8 2
2 0 0 211d8 2
2 0 0 211dc 2
2 0 0 1f8c 2
3 0 0 211d0 2
3 0 0 211d4 2
3 0 0 211d8 2
3 0 0 211dc 2
2 0 0 211d0 2
2 0 0 211d4 2
2 0 0 211d8 2
2 0 0 211dc 2
2 0 0 2bf8 2
2 0 0 2bfc 2
3 0 0 211d8 2
3 0 0 211dc 2
2 0 0 1ac8 2
2 0 0 211d8 2
2 0 0 211dc 2
2 0 0 1f8c 2
3 0 0 211d0 2
3 0 0 211d4 2
3 0 0 211d8 2
3 0 0 211dc 2
2 0 0 211d0 2
2 0 0 211d4 2
2 0 0 211d8 2
2 0 0 211dc 2
2 0 0 2bf0 2
2 0 0 2bf4 2
2 0 0 211e0 2
2 0 0 211e4 2
2 0 0 211e8 2
2 0 0 211ec 2
2 0 0 211f0 2
2 0 0 211f4 2
3 0 0 211f0 2
3 0 0 211f4 2
2 0 0 1ac8 2
2 0 0 211f0 2
2 0 0 211f4 2
2 0 0 1f8c 2
3 0 0 211e8 2
3 0 0 211ec 2
3 0 0 211f0 2
3 0 0 211f4 2
2 0 0 211e8 2
2 0 0 211ec 2
2 0 0 211f0 2
2 0 0 211f4 2
2 0 0 14f0 2
3 0 0 211e0 2
3 0 0 211e4 2
3 0 0 211e8 2
3 0 0 211ec 2
3 0 0 211f0 2
3 0 0 211f4 2
2 0 0 2be8 2
2 0 0 2bec 2
2 0 0 1f8c 2
3 0 0 211d0 2
3 0 0 211d4 2
3 0 0 211d8 2
3 0 0 211dc 2
2 0 0 211d0 2
2 0 0 211d4 2
2 0 0 211d8 2
2 0 0 211dc 2
2 0 0 2be0 2
2 0 0 2be4 2
3 0 0 211d8 2
3 0 0 211dc 2
2 0 0 1ac8 2
2 0 0 211d8 2
2 0 0 211dc 2
2 0 0 1f8c 2
3 0 0 211d0 2
3 0 0 211d4 2
3 0 0 211d8 2
3 0 0 211dc 2
2 0 0 211d0 2
2 0 0 211d4 2
2 0 0 211d8 2
2 0 0 211dc 2
2 0 0 2bd8 2
2 0 0 2bdc 2
3 0 0 211d8 2
3 0 0 211dc 2
2 0 0 1ac8 2
2 0 0 211d8 2
2 0 0 211dc 2
2 0 0 1f8c 2
3 0 0 211d0 2
3 0 0 211d4 2
3 0 0 211d8 2
3 0 0 211dc 2
2 0 0 211d0 2
2 0 0 211d4 2
2 0 0 211d8 2
2 0 0 211dc 2
2 0 0 2bd0 2
2 0 0 2bd4 2
3 0 0 211d8 2
3 0 0 211dc 2
2 0 0 1ac8 2
2 0 0 211d8 2
2 0 0 211dc 2
2 0 0 1f8c 2
3 0 0 211d0 2
3 0 0 211d4 2
3 0 0 211d8 2
3 0 0 211dc 2
2 0 0 211d0 2
2 0 0 211d4 2
2 0 0 211d8 2
2 0 0 211dc 2
2 0 0 2bc8 2
2 0 0 2bcc 2
2 0 0 211e0 2
2 0 0 211e4 2
2 0 0 211e8 2
2 0 0 211ec 2
2 0 0 211f0 2
2 0 0 211f4 2
3 0 0 211f0 2
3 0 0 211f4 2
2 0 0 1ac8 2
2 0 0 211f0 2
2 0 0 211f4 2
2 0 0 1f8c 2
3 0 0 211e8 2
3 0 0 211ec 2
3 0 0 211f0 2
3 0 0 211f4 2
2 0 0 211e8 2
2 0 0 211ec 2
2 0 0 211f0 2
2 0 0 211f4 2
3 0 0 211f0 2
3 0 0 211f4 2
2 0 0 23bc 2
2 0 0 211f0 2
2 0 0 211f4 2
2 0 0 1f8c 2
3 0 0 211e8 2
3 0 0 211ec 2
3 0 0 211f0 2
3 0 0 211f4 2
2 0 0 211e8 2
2 0 0 211ec 2
2 0 0 211f0 2
2 0 0 211f4 2
2 0 0 211fc 2
2 0 0 21200 2
2 0 0 21204 2
2 0 0 21208 2
2 0 0 2120c 2
2 0 0 21210 2
2 0 0 21214 2
2 0 0 21218 2
2 0 0 2121c 2
3 0 0 21218 2
3 0 0 2121c 2
2 0 0 23bc 2
2 0 0 21218 2
2 0 0 2121c 2
2 0 0 58c 2
3 0 0 2007c 2
2 0 0 584 2
2 0 0 20090 2
2 0 0 584 2
2 0 0 2009c 2
3 0 0 21200 2
3 0 0 21204 2
3 0 0 21208 2
3 0 0 2120c 2
3 0 0 21210 2
3 0 0 21214 2
3 0 0 21218 2
3 0 0 2121c 2
2 0 0 1658 2
2 0 0 21200 2
2 0 0 21204 2
2 0 0 21208 2
2 0 0 2120c 2
2 0 0 21210 2
2 0 0 21214 2
2 0 0 21218 2
2 0 0 2121c 2
3 0 0 211f8 2
3 0 0 211fc 2
3 0 0 21200 2
3 0 0 21204 2
3 0 0 21208 2
3 0 0 2120c 2
3 0 0 21210 2
3 0 0 21214 2
3 0 0 21218 2
3 0 0 2121c 2
3 0 0 211f8 2
2 0 0 14b8 2
2 0 0 14cc 2
2 0 0 14d0 2
2 0 0 1f8c 2
3 0 0 211e8 2
3 0 0 211ec 2
3 0 0 211f0 2
3 0 0 211f4 2
2 0 0 211e8 2
2 0 0 211ec 2
2 0 0 211f0 2
2 0 0 211f4 2
2 0 0 1f8c 2
3 0 0 211e8 2
3 0 0 211ec 2
3 0 0 211f0 2
3 0 0 211f4 2
2 0 0 211e8 2
2 0 0 211ec 2
2 0 0 211f0 2
2 0 0 211f4 2
2 0 0 14ec 2
3 0 0 211e0 2
3 0 0 211e4 2
3 0 0 211e8 2
3 0 0 211ec 2
3 0 0 211f0 2
3 0 0 211f4 2
2 0 0 2c18 2
2 0 0 2c1c 2
2 0 0 1f8c 2
3 0 0 211d0 2
3 0 0 211d4 2
3 0 0 211d8 2
3 0 0 211dc 2
2 0 0 211d0 2
2 0 0 211d4 2
2 0 0 211d8 2
2 0 0 211dc 2
2 0 0 2c10 2
2 0 0 2c14 2
3 0 0 211d8 2
3 0 0 211dc 2
2 0 0 1ac8 2
2 0 0 211d8 2
2 0 0 211dc 2
2 0 0 1f8c 2
3 0 0 211d0 2
3 0 0 211d4 2
3 0 0 211d8 2
3 0 0 211dc 2
2 0 0 211d0 2
2 0 0 211d4 2
2 0 0 211d8 2
2 0 0 211dc 2
2 0 0 2c08 2
2 0 0 2c0c 2
3 0 0 211d8 2
3 0 0 211dc 2
2 0 0 1ac8 2
2 0 0 211d8 2
2 0 0 211dc 2
2 0 0 1f8c 2
3 0 0 211d0 2
3 0 0 211d4 2
3 0 0 211d8 2
3 0 0 211dc 2
2 0 0 211d0 2
2 0 0 211d4 2
2 0 0 211d8 2
2 0 0 211dc 2
2 0 0 2c00 2
2 0 0 2c04 2
3 0 0 211d8 2
3 0 0 211dc 2
2 0 0 1ac8 2
2 0 0 211d8 2
2 0 0 211dc 2
2 0 0 1f8c 2
3 0 0 211d0 2
3 0 0 211d4 2
3 0 0 211d8 2
3 0 0 211dc 2
2 0 0 211d0 2
2 0 0 211d4 2
2 0 0 211d8 2
2 0 0 211dc 2
2 0 0 2bf8 2
2 0 0 2bfc 2
3 0 0 211d8 2
3 0 0 211dc 2
2 0 0 1ac8 2
2 0 0 211d8 2
2 0 0 211dc 2
2 0 0 1f8c 2
3 0 0 211d0 2
3 0 0 211d4 2
3 0 0 211d8 2
3 0 0 211dc 2
2 0 0 211d0 2
2 0 0 211d4 2
2 0 0 211d8 2
2 0 0 211dc 2
2 0 0 2bf0 2
2 0 0 2bf4 2
2 0 0 211e0 2
2 0 0 211e4 2
2 0 0 211e8 2
2 0 0 211ec 2
2 0 0 211f0 2
2 0 0 211f4 2
3 0 0 211f0 2
3 0 0 211f4 2
2 0 0 1ac8 2
2 0 0 211f0 2
2 0 0 211f4 2
2 0 0 1f8c 2
3 0 0 211e8 2
3 0 0 211ec 2
3 0 0 211f0 2
3 0 0 211f4 2
2 0 0 211e8 2
2 0 0 211ec 2
2 0 0 211f0 2
2 0 0 211f4 2
2 0 0 14f0 2
3 0 0 211e0 2
3 0 0 211e4 2
3 0 0 211e8 2
3 0 0 211ec 2
3 0 0 211f0 2
3 0 0 211f4 2
2 0 0 2be8 2
2 0 0 2bec 2
2 0 0 1f8c 2
3 0 0 211d0 2
3 0 0 211d4 2
3 0 0 211d8 2
3 0 0 211dc 2
2 0 0 211d0 2
2 0 0 211d4 2
2 0 0 211d8 2
2 0 0 211dc 2
2 0 0 2be0 2
2 0 0 2be4 2
3 0 0 211d8 2
3 0 0 211dc 2
2 0 0 1ac8 2
2 0 0 211d8 2
2 0 0 211dc 2
2 0 0 1f8c 2
3 0 0 211d0 2
3 0 0 211d4 2
3 0 0 211d8 2
3 0 0 211dc 2
2 0 0 211d0 2
2 0 0 211d4 2
2 0 0 211d8 2
2 0 0 211dc 2
2 0 0 2bd8 2
2 0 0 2bdc 2
3 0 0 211d8 2
3 0 0 211dc 2
2 0 0 1ac8 2
2 0 0 211d8 2
2 0 0 211dc 2
2 0 0 1f8c 2
3 0 0 211d0 2
3 0 0 211d4 2
3 0 0 211d8 2
3 0 0 211dc 2
2 0 0 211d0 2
2 0 0 211d4 2
2 0 0 211d8 2
2 0 0 211dc 2
2 0 0 2bd0 2
2 0 0 2bd4 2
3 0 0 211d8 2
3 0 0 211dc 2
2 0 0 1ac8 2
2 0 0 211d8 2
2 0 0 211dc 2
2 0 0 1f8c 2
3 0 0 211d0 2
3 0 0 211d4 2
3 0 0 211d8 2
3 0 0 211dc 2
2 0 0 211d0 2
2 0 0 211d4 2
2 0 0 211d8 2
2 0 0 211dc 2
2 0 0 2bc8 2
2 0 0 2bcc 2
2 0 0 211e0 2
2 0 0 211e4 2
2 0 0 211e8 2
2 0 0 211ec 2
2 0 0 211f0 2
2 0 0 211f4 2
3 0 0 211f0 2
3 0 0 211f4 2
2 0 0 1ac8 2
2 0 0 211f0 2
2 0 0 211f4 2
2 0 0 1f8c 2
3 0 0 211e8 2
3 0 0 211ec 2
3 0 0 211f0 2
3 0 0 211f4 2
2 0 0 211e8 2
2 0 0 211ec 2
2 0 0 211f0 2
2 0 0 211f4 2
3 0 0 211f0 2
3 0 0 211f4 2
2 0 0 23bc 2
2 0 0 211f0 2
2 0 0 211f4 2
2 0 0 1f8c 2
3 0 0 211e8 2
3 0 0 211ec 2
3 0 0 211f0 2
3 0 0 211f4 2
2 0 0 211e8 2
2 0 0 211ec 2
2 0 0 211f0 2
2 0 0 211f4 2
2 0 0 211fc 2
2 0 0 21200 2
2 0 0 21204 2
2 0 0 21208 2
2 0 0 2120c 2
2 0 0 21210 2
2 0 0 21214 2
2 0 0 21218 2
2 0 0 2121c 2
3 0 0 21218 2
3 0 0 2121c 2
2 0 0 23bc 2
2 0 0 21218 2
2 0 0 2121c 2
2 0 0 590 2
3 0 0 20084 2
2 0 0 21220 2
2 0 0 21224 2
2 0 0 21228 2
2 0 0 2122c 2
2 0 0 21230 2
2 0 0 21234 2
2 0 0 21238 2
2 0 0 2123c 2
2 0 0 1828 2
2 0 0 20000 2
2 0 0 20050000 0
2 0 0 17e4 2
3 0 0 20054 2
2 0 0 1828 2
2 0 0 20000 2
2 0 0 20050001 0
2 0 0 17e8 2
3 0 0 20058 2
2 0 0 1828 2
2 0 0 20000 2
2 0 0 20050002 0
2 0 0 17ec 2
3 0 0 2005c 2
2 0 0 1828 2
2 0 0 20000 2
2 0 0 20050003 0
2 0 0 17f0 2
3 0 0 2006c 2
2 0 0 1828 2
2 0 0 20000 2
2 0 0 20050004 0
2 0 0 17f4 2
3 0 0 20070 2
2 0 0 1828 2
2 0 0 20000 2
2 0 0 20050005 0
2 0 0 17f8 2
3 0 0 20074 2
2 0 0 1828 2
2 0 0 20000 2
2 0 0 20050006 0
2 0 0 17fc 2
3 0 0 20060 2
2 0 0 1828 2
2 0 0 20000 2
2 0 0 20050007 0
2 0 0 1800 2
3 0 0 20064 2
2 0 0 1828 2
2 0 0 20000 2
2 0 0 20050008 0
2 0 0 1804 2
3 0 0 20068 2
3 0 0 2121c 2
3 0 0 21220 2
3 0 0 21224 2
3 0 0 21228 2
3 0 0 2122c 2
3 0 0 21230 2
3 0 0 21234 2
3 0 0 21238 2
3 0 0 2123c 2
2 0 0 344 2
2 0 0 2007c 2
3 0 0 21204 2
2 0 0 1744 2
3 0 0 211b8 2
3 0 0 211bc 2
3 0 0 211c0 2
3 0 0 211c4 2
3 0 0 211c8 2
3 0 0 211cc 2
3 0 0 211d0 2
3 0 0 211d4 2
3 0 0 211d8 2
3 0 0 211dc 2
3 0 0 211e0 2
3 0 0 211e4 2
2 0 0 1f8c 2
3 0 0 211a8 2
3 0 0 211ac 2
3 0 0 211b0 2
3 0 0 211b4 2
2 0 0 211a8 2
2 0 0 211ac 2
2 0 0 211b0 2
2 0 0 211b4 2
2 0 0 e9c 2
3 0 0 211a0 2
3 0 0 211a4 2
3 0 0 211a8 2
3 0 0 211ac 2
3 0 0 211b0 2
3 0 0 211b4 2
2 0 0 2c48 2
2 0 0 2c4c 2
2 0 0 1f8c 2
3 0 0 21190 2
3 0 0 21194 2
3 0 0 21198 2
3 0 0 2119c 2
2 0 0 21190 2
2 0 0 21194 2
2 0 0 21198 2
2 0 0 2119c 2
2 0 0 2c40 2
2 0 0 2c44 2
3 0 0 21198 2
3 0 0 2119c 2
2 0 0 23bc 2
2 0 0 21198 2
2 0 0 2119c 2
2 0 0 1f8c 2
3 0 0 21190 2
3 0 0 21194 2
3 0 0 21198 2
3 0 0 2119c 2
2 0 0 21190 2
2 0 0 21194 2
2 0 0 21198 2
2 0 0 2119c 2
2 0 0 2c38 2
2 0 0 2c3c 2
3 0 0 21198 2
3 0 0 2119c 2
2 0 0 23bc 2
2 0 0 21198 2
2 0 0 2119c 2
2 0 0 1f8c 2
3 0 0 21190 2
3 0 0 21194 2
3 0 0 21198 2
3 0 0 2119c 2
2 0 0 21190 2
2 0 0 21194 2
2 0 0 21198 2
2 0 0 2119c 2
2 0 0 2c30 2
2 0 0 2c34 2
3 0 0 21198 2
3 0 0 2119c 2
2 0 0 23bc 2
2 0 0 21198 2
2 0 0 2119c 2
2 0 0 1f8c 2
3 0 0 21190 2
3 0 0 21194 2
3 0 0 21198 2
3 0 0 2119c 2
2 0 0 21190 2
2 0 0 21194 2
2 0 0 21198 2
2 0 0 2119c 2
2 0 0 2c28 2
2 0 0 2c2c 2
3 0 0 21198 2
3 0 0 2119c 2
2 0 0 23bc 2
2 0 0 21198 2
2 0 0 2119c 2
2 0 0 1f8c 2
3 0 0 21190 2
3 0 0 21194 2
3 0 0 21198 2
3 0 0 2119c 2
2 0 0 21190 2
2 0 0 21194 2
2 0 0 21198 2
2 0 0 2119c 2
2 0 0 2c20 2
2 0 0 2c24 2
2 0 0 211a0 2
2 0 0 211a4 2
2 0 0 211a8 2
2 0 0 211ac 2
2 0 0 211b0 2
2 0 0 211b4 2
3 0 0 211b0 2
3 0 0 211b4 2
2 0 0 23bc 2
2 0 0 211b0 2
2 0 0 211b4 2
2 0 0 1f8c 2
3 0 0 211a8 2
3 0 0 211ac 2
3 0 0 211b0 2
3 0 0 211b4 2
2 0 0 211a8 2
2 0 0 211ac 2
2 0 0 211b0 2
2 0 0 211b4 2
2 0 0 211c0 2
2 0 0 211c4 2
2 0 0 1f8c 2
3 0 0 211a8 2
3 0 0 211ac 2
3 0 0 211b0 2
3 0 0 211b4 2
2 0 0 211a8 2
2 0 0 211ac 2
2 0 0 211b0 2
2 0 0 211b4 2
2 0 0 1f8c 2
3 0 0 211a8 2
3 0 0 211ac 2
3 0 0 211b0 2
3 0 0 211b4 2
2 0 0 211a8 2
2 0 0 211ac 2
2 0 0 211b0 2
2 0 0 211b4 2
3 0 0 211b0 2
3 0 0 211b4 2
2 0 0 23bc 2
2 0 0 211b0 2
2 0 0 211b4 2
2 0 0 ea0 2
3 0 0 211b0 2
3 0 0 211b4 2
2 0 0 23bc 2
2 0 0 211b0 2
2 0 0 211b4 2
2 0 0 211c8 2
2 0 0 211cc 2
2 0 0 211d0 2
2 0 0 211d4 2
2 0 0 211d8 2
2 0 0 211dc 2
2 0 0 211e0 2
2 0 0 211e4 2
2 0 0 e98 2
3 0 0 211e0 2
3 0 0 211e4 2
2 0 0 23bc 2
2 0 0 211e0 2
2 0 0 211e4 2
2 0 0 21204 2
3 0 0 21214 2
2 0 0 344 2
2 0 0 2007c 2
3 0 0 21204 2
2 0 0 18c4 2
3 0 0 211e8 2
3 0 0 211b8 2
3 0 0 211bc 2
3 0 0 211c0 2
3 0 0 211c4 2
3 0 0 211c8 2
3 0 0 211cc 2
3 0 0 211d0 2
3 0 0 211d4 2
3 0 0 211d8 2
3 0 0 211dc 2
3 0 0 211e0 2
3 0 0 211e4 2
2 0 0 1f8c 2
3 0 0 21198 2
3 0 0 2119c 2
3 0 0 211a0 2
3 0 0 211a4 2
2 0 0 21198 2
2 0 0 2119c 2
2 0 0 211a0 2
2 0 0 211a4 2
2 0 0 1f8c 2
3 0 0 21198 2
3 0 0 2119c 2
3 0 0 211a0 2
3 0 0 211a4 2
2 0 0 21198 2
2 0 0 2119c 2
2 0 0 211a0 2
2 0 0 211a4 2
2 0 0 1038 2
3 0 0 21190 2
3 0 0 21194 2
3 0 0 21198 2
3 0 0 2119c 2
3 0 0 211a0 2
3 0 0 211a4 2
2 0 0 2d40 2
2 0 0 2d44 2
2 0 0 1f8c 2
3 0 0 21180 2
3 0 0 21184 2
3 0 0 21188 2
3 0 0 2118c 2
2 0 0 21180 2
2 0 0 21184 2
2 0 0 21188 2
2 0 0 2118c 2
2 0 0 2d38 2
2 0 0 2d3c 2
3 0 0 21188 2
3 0 0 2118c 2
2 0 0 23bc 2
2 0 0 21188 2
2 0 0 2118c 2
2 0 0 1f8c 2
3 0 0 21180 2
3 0 0 21184 2
3 0 0 21188 2
3 0 0 2118c 2
2 0 0 21180 2
2 0 0 21184 2
2 0 0 21188 2
2 0 0 2118c 2
2 0 0 2d30 2
2 0 0 2d34 2
3 0 0 21188 2
3 0 0 2118c 2
2 0 0 23bc 2
2 0 0 21188 2
2 0 0 2118c 2
2 0 0 1f8c 2
3 0 0 21180 2
3 0 0 21184 2
3 0 0 21188 2
3 0 0 2118c 2
2 0 0 21180 2
2 0 0 21184 2
2 0 0 21188 2
2 0 0 2118c 2
2 0 0 2d28 2
2 0 0 2d2c 2
3 0 0 21188 2
3 0 0 2118c 2
2 0 0 23bc 2
2 0 0 21188 2
2 0 0 2118c 2
2 0 0 1f8c 2
3 0 0 21180 2
3 0 0 21184 2
3 0 0 21188 2
3 0 0 2118c 2
2 0 0 21180 2
2 0 0 21184 2
2 0 0 21188 2
2 0 0 2118c 2
2 0 0 2d20 2
2 0 0 2d24 2
2 0 0 21190 2
2 0 0 21194 2
2 0 0 21198 2
2 0 0 2119c 2
2 0 0 211a0 2
2 0 0 211a4 2
3 0 0 211a0 2
3 0 0 211a4 2
2 0 0 23bc 2
2 0 0 211a0 2
2 0 0 211a4 2
2 0 0 211e8 2
3 0 0 211b0 2
2 0 0 1f8c 2
3 0 0 21198 2
3 0 0 2119c 2
3 0 0 211a0 2
3 0 0 211a4 2
2 0 0 21198 2
2 0 0 2119c 2
2 0 0 211a0 2
2 0 0 211a4 2
2 0 0 103c 2
2 0 0 1040 2
3 0 0 211a0 2
3 0 0 211a4 2
2 0 0 23bc 2
2 0 0 211a0 2
2 0 0 211a4 2
2 0 0 1f8c 2
3 0 0 21198 2
3 0 0 2119c 2
3 0 0 211a0 2
3 0 0 211a4 2
2 0 0 21198 2
2 0 0 2119c 2
2 0 0 211a0 2
2 0 0 211a4 2
2 0 0 211c8 2
2 0 0 211cc 2
2 0 0 211d0 2
2 0 0 211d4 2
2 0 0 211d8 2
2 0 0 211dc 2
2 0 0 211e0 2
2 0 0 211e4 2
3 0 0 211e0 2
3 0 0 211e4 2
2 0 0 23bc 2
2 0 0 211e0 2
2 0 0 211e4 2
2 0 0 21204 2
3 0 0 21210 2
2 0 0 348 2
2 0 0 20080 2
3 0 0 21204 2
2 0 0 1744 2
3 0 0 211b8 2
3 0 0 211bc 2
3 0 0 211c0 2
3 0 0 211c4 2
3 0 0 211c8 2
3 0 0 211cc 2
3 0 0 211d0 2
3 0 0 211d4 2
3 0 0 211d8 2
3 0 0 211dc 2
3 0 0 211e0 2
3 0 0 211e4 2
2 0 0 1f8c 2
3 0 0 211a8 2
3 0 0 211ac 2
3 0 0 211b0 2
3 0 0 211b4 2
2 0 0 211a8 2
2 0 0 211ac 2
2 0 0 211b0 2
2 0 0 211b4 2
2 0 0 e9c 2
3 0 0 211a0 2
3 0 0 211a4 2
3 0 0 211a8 2
3 0 0 211ac 2
3 0 0 211b0 2
3 0 0 211b4 2
2 0 0 2c48 2
2 0 0 2c4c 2
2 0 0 1f8c 2
3 0 0 21190 2
3 0 0 21194 2
3 0 0 21198 2
3 0 0 2119c 2
2 0 0 21190 2
2 0 0 21194 2
2 0 0 21198 2
2 0 0 2119c 2
2 0 0 2c40 2
2 0 0 2c44 2
3 0 0 21198 2
3 0 0 2119c 2
2 0 0 23bc 2
2 0 0 21198 2
2 0 0 2119c 2
2 0 0 1f8c 2
3 0 0 21190 2
3 0 0 21194 2
3 0 0 21198 2
3 0 0 2119c 2
2 0 0 21190 2
2 0 0 21194 2
2 0 0 21198 2
2 0 0 2119c 2
2 0 0 2c38 2
2 0 0 2c3c 2
3 0 0 21198 2
3 0 0 2119c 2
2 0 0 23bc 2
2 0 0 21198 2
2 0 0 2119c 2
2 0 0 1f8c 2
3 0 0 21190 2
3 0 0 21194 2
3 0 0 21198 2
3 0 0 2119c 2
2 0 0 21190 2
2 0 0 21194 2
2 0 0 21198 2
2 0 0 2119c 2
2 0 0 2c30 2
2 0 0 2c34 2
3 0 0 21198 2
3 0 0 2119c 2
2 0 0 23bc 2
2 0 0 21198 2
2 0 0 2119c 2
2 0 0 1f8c 2
3 0 0 21190 2
3 0 0 21194 2
3 0 0 21198 2
3 0 0 2119c 2
2 0 0 21190 2
2 0 0 21194 2
2 0 0 21198 2
2 0 0 2119c 2
2 0 0 2c28 2
2 0 0 2c2c 2
3 0 0 21198 2
3 0 0 2119c 2
2 0 0 23bc 2
2 0 0 21198 2
2 0 0 2119c 2
2 0 0 1f8c 2
3 0 0 21190 2
3 0 0 21194 2
3 0 0 21198 2
3 0 0 2119c 2
2 0 0 21190 2
2 0 0 21194 2
2 0 0 21198 2
2 0 0 2119c 2
2 0 0 2c20 2
2 0 0 2c24 2
2 0 0 211a0 2
2 0 0 211a4 2
2 0 0 211a8 2
2 0 0 211ac 2
2 0 0 211b0 2
2 0 0 211b4 2
3 0 0 211b0 2
3 0 0 211b4 2
2 0 0 23bc 2
2 0 0 211b0 2
2 0 0 211b4 2
2 0 0 1f8c 2
3 0 0 211a8 2
3 0 0 211ac 2
3 0 0 211b0 2
3 0 0 211b4 2
2 0 0 211a8 2
2 0 0 211ac 2
2 0 0 211b0 2
2 0 0 211b4 2
2 0 0 211c0 2
2 0 0 211c4 2
2 0 0 1f8c 2
3 0 0 211a8 2
3 0 0 211ac 2
3 0 0 211b0 2
3 0 0 211b4 2
2 0 0 211a8 2
2 0 0 211ac 2
2 0 0 211b0 2
2 0 0 211b4 2
2 0 0 1f8c 2
3 0 0 211a8 2
3 0 0 211ac 2
3 0 0 211b0 2
3 0 0 211b4 2
2 0 0 211a8 2
2 0 0 211ac 2
2 0 0 211b0 2
2 0 0 211b4 2
3 0 0 211b0 2
3 0 0 211b4 2
2 0 0 23bc 2
2 0 0 211b0 2
2 0 0 211b4 2
2 0 0 ea0 2
3 0 0 211b0 2
3 0 0 211b4 2
2 0 0 23bc 2
2 0 0 211b0 2
2 0 0 211b4 2
2 0 0 211c8 2
2 0 0 211cc 2
2 0 0 211d0 2
2 0 0 211d4 2
2 0 0 211d8 2
2 0 0 211dc 2
2 0 0 211e0 2
2 0 0 211e4 2
2 0 0 e98 2
3 0 0 211e0 2
3 0 0 211e4 2
2 0 0 23bc 2
2 0 0 211e0 2
2 0 0 211e4 2
2 0 0 21204 2
3 0 0 2120c 2
2 0 0 348 2
2 0 0 20080 2
3 0 0 21204 2
2 0 0 18c4 2
3 0 0 211e8 2
3 0 0 211b8 2
3 0 0 211bc 2
3 0 0 211c0 2
3 0 0 211c4 2
3 0 0 211c8 2
3 0 0 211cc 2
3 0 0 211d0 2
3 0 0 211d4 2
3 0 0 211d8 2
3 0 0 211dc 2
3 0 0 211e0 2
3 0 0 211e4 2
2 0 0 1f8c 2
3 0 0 21198 2
3 0 0 2119c 2
3 0 0 211a0 2
3 0 0 211a4 2
2 0 0 21198 2
2 0 0 2119c 2
2 0 0 211a0 2
2 0 0 211a4 2
2 0 0 1f8c 2
3 0 0 21198 2
3 0 0 2119c 2
3 0 0 211a0 2
3 0 0 211a4 2
2 0 0 21198 2
2 0 0 2119c 2
2 0 0 211a0 2
2 0 0 211a4 2
2 0 0 1038 2
3 0 0 21190 2
3 0 0 21194 2
3 0 0 21198 2
3 0 0 2119c 2
3 0 0 211a0 2
3 0 0 211a4 2
2 0 0 2d40 2
2 0 0 2d44 2
2 0 0 1f8c 2
3 0 0 21180 2
3 0 0 21184 2
3 0 0 21188 2
3 0 0 2118c 2
2 0 0 21180 2
2 0 0 21184 2
2 0 0 21188 2
2 0 0 2118c 2
2 0 0 2d38 2
2 0 0 2d3c 2
3 0 0 21188 2
3 0 0 2118c 2
2 0 0 23bc 2
2 0 0 21188 2
2 0 0 2118c 2
2 0 0 1f8c 2
3 0 0 21180 2
3 0 0 21184 2
3 0 0 21188 2
3 0 0 2118c 2
2 0 0 21180 2
2 0 0 21184 2
2 0 0 21188 2
2 0 0 2118c 2
2 0 0 2d30 2
2 0 0 2d34 2
3 0 0 21188 2
3 0 0 2118c 2
2 0 0 23bc 2
2 0 0 21188 2
2 0 0 2118c 2
2 0 0 1f8c 2
3 0 0 21180 2
3 0 0 21184 2
3 0 0 21188 2
3 0 0 2118c 2
2 0 0 21180 2
2 0 0 21184 2
2 0 0 21188 2
2 0 0 2118c 2
2 0 0 2d28 2
2 0 0 2d2c 2
3 0 0 21188 2
3 0 0 2118c 2
2 0 0 23bc 2
2 0 0 21188 2
2 0 0 2118c 2
2 0 0 1f8c 2
3 0 0 21180 2
3 0 0 21184 2
3 0 0 21188 2
3 0 0 2118c 2
2 0 0 21180 2
2 0 0 21184 2
2 0 0 21188 2
2 0 0 2118c 2
2 0 0 2d20 2
2 0 0 2d24 2
2 0 0 21190 2
2 0 0 21194 2
2 0 0 21198 2
2 0 0 2119c 2
2 0 0 211a0 2
2 0 0 211a4 2
3 0 0 211a0 2
3 0 0 211a4 2
2 0 0 23bc 2
2 0 0 211a0 2
2 0 0 211a4 2
2 0 0 211e8 2
3 0 0 211b0 2
2 0 0 1f8c 2
3 0 0 21198 2
3 0 0 2119c 2
3 0 0 211a0 2
3 0 0 211a4 2
2 0 0 21198 2
2 0 0 2119c 2
2 0 0 211a0 2
2 0 0 211a4 2
2 0 0 103c 2
2 0 0 1040 2
3 0 0 211a0 2
3 0 0 211a4 2
2 0 0 23bc 2
2 0 0 211a0 2
2 0 0 211a4 2
2 0 0 1f8c 2
3 0 0 21198 2
3 0 0 2119c 2
3 0 0 211a0 2
3 0 0 211a4 2
2 0 0 21198 2
2 0 0 2119c 2
2 0 0 211a0 2
2 0 0 211a4 2
2 0 0 211c8 2
2 0 0 211cc 2
2 0 0 211d0 2
2 0 0 211d4 2
2 0 0 211d8 2
2 0 0 211dc 2
2 0 0 211e0 2
2 0 0 211e4 2
3 0 0 211e0 2
3 0 0 211e4 2
2 0 0 23bc 2
2 0 0 211e0 2
2 0 0 211e4 2
2 0 0 21204 2
3 0 0 21208 2
2 0 0 34c 2
2 0 0 20068 2
2 0 0 21214 2
2 0 0 21208 2
2 0 0 350 2
2 0 0 20064 2
2 0 0 21210 2
2 0 0 21208 2
2 0 0 354 2
2 0 0 20060 2
2 0 0 2120c 2
2 0 0 34c 2
2 0 0 20068 2
2 0 0 21210 2
2 0 0 350 2
2 0 0 20064 2
2 0 0 21214 2
3 0 0 21218 2
2 0 0 21218 2
3 0 0 211e8 2
3 0 0 211ec 2
3 0 0 211f0 2
3 0 0 211f4 2
3 0 0 211f8 2
3 0 0 211fc 2
3 0 0 21200 2
3 0 0 21204 2
2 0 0 1658 2
2 0 0 165c 2
2 0 0 1660 2
3 0 0 211d8 2
3 0 0 211dc 2
3 0 0 211e0 2
3 0 0 211e4 2
3 0 0 211d0 2
3 0 0 211d4 2
2 0 0 1d84 2
2 0 0 1d6b 0
2 0 0 211d0 2
2 0 0 211d4 2
2 0 0 211d8 2
2 0 0 211dc 2
2 0 0 211e0 2
2 0 0 211e4 2
3 0 0 211c0 2
3 0 0 211c4 2
3 0 0 211c8 2
3 0 0 211cc 2
3 0 0 211d0 2
3 0 0 211d4 2
3 0 0 211d8 2
3 0 0 211dc 2
3 0 0 211e0 2
3 0 0 211e4 2
3 0 0 211c0 2
2 0 0 14b8 2
2 0 0 14cc 2
2 0 0 14d4 2
2 0 0 14d8 2
2 0 0 14dc 2
3 0 0 211b8 2
3 0 0 211bc 2
2 0 0 1ac8 2
2 0 0 211b8 2
2 0 0 211bc 2
3 0 0 211b8 2
3 0 0 211bc 2
2 0 0 23bc 2
2 0 0 211b8 2
2 0 0 211bc 2
3 0 0 211b0 2
3 0 0 211b4 2
3 0 0 211b8 2
3 0 0 211bc 2
3 0 0 211a8 2
3 0 0 211ac 2
2 0 0 1d84 2
2 0 0 1d83 0
2 0 0 211a8 2
2 0 0 211ac 2
2 0 0 211b0 2
2 0 0 211b4 2
2 0 0 211b8 2
2 0 0 211bc 2
2 0 0 1f8c 2
3 0 0 211b0 2
3 0 0 211b4 2
3 0 0 211b8 2
3 0 0 211bc 2
2 0 0 211b0 2
2 0 0 211b4 2
2 0 0 211b8 2
2 0 0 211bc 2
2 0 0 1f8c 2
3 0 0 211b0 2
3 0 0 211b4 2
3 0 0 211b8 2
3 0 0 211bc 2
2 0 0 211b0 2
2 0 0 211b4 2
2 0 0 211b8 2
2 0 0 211bc 2
2 0 0 14ec 2
3 0 0 211a8 2
3 0 0 211ac 2
3 0 0 211b0 2
3 0 0 211b4 2
3 0 0 211b8 2
3 0 0 211bc 2
2 0 0 2c18 2
2 0 0 2c1c 2
2 0 0 1f8c 2
3 0 0 21198 2
3 0 0 2119c 2
3 0 0 211a0 2
3 0 0 211a4 2
2 0 0 21198 2
2 0 0 2119c 2
2 0 0 211a0 2
2 0 0 211a4 2
2 0 0 2c10 2
2 0 0 2c14 2
3 0 0 211a0 2
3 0 0 211a4 2
2 0 0 1ac8 2
2 0 0 211a0 2
2 0 0 211a4 2
2 0 0 1f8c 2
3 0 0 21198 2
3 0 0 2119c 2
3 0 0 211a0 2
3 0 0 211a4 2
2 0 0 21198 2
2 0 0 2119c 2
2 0 0 211a0 2
2 0 0 211a4 2
2 0 0 2c08 2
2 0 0 2c0c 2
3 0 0 211a0 2
3 0 0 211a4 2
2 0 0 1ac8 2
2 0 0 211a0 2
2 0 0 211a4 2
2 0 0 1f8c 2
3 0 0 21198 2
3 0 0 2119c 2
3 0 0 211a0 2
3 0 0 211a4 2
2 0 0 21198 2
2 0 0 2119c 2
2 0 0 211a0 2
2 0 0 211a4 2
2 0 0 2c00 2
2 0 0 2c04 2
3 0 0 211a0 2
3 0 0 211a4 2
2 0 0 1ac8 2
2 0 0 211a0 2
2 0 0 211a4 2
2 0 0 1f8c 2
3 0 0 21198 2
3 0 0 2119c 2
3 0 0 211a0 2
3 0 0 211a4 2
2 0 0 21198 2
2 0 0 2119c 2
2 0 0 211a0 2
2 0 0 211a4 2
2 0 0 2bf8 2
2 0 0 2bfc 2
3 0 0 211a0 2
3 0 0 211a4 2
2 0 0 1ac8 2
2 0 0 211a0 2
2 0 0 211a4 2
2 0 0 1f8c 2
3 0 0 21198 2
3 0 0 2119c 2
3 0 0 211a0 2
3 0 0 211a4 2
2 0 0 21198 2
2 0 0 2119c 2
2 0 0 211a0 2
2 0 0 211a4 2
2 0 0 2bf0 2
2 0 0 2bf4 2
2 0 0 211a8 2
2 0 0 211ac 2
2 0 0 211b0 2
2 0 0 211b4 2
2 0 0 211b8 2
2 0 0 211bc 2
3 0 0 211b8 2
3 0 0 211bc 2
2 0 0 1ac8 2
2 0 0 211b8 2
2 0 0 211bc 2
2 0 0 1f8c 2
3 0 0 211b0 2
3 0 0 211b4 2
3 0 0 211b8 2
3 0 0 211bc 2
2 0 0 211b0 2
2 0 0 211b4 2
2 0 0 211b8 2
2 0 0 211bc 2
2 0 0 14f0 2
3 0 0 211a8 2
3 0 0 211ac 2
3 0 0 211b0 2
3 0 0 211b4 2
3 0 0 211b8 2
3 0 0 211bc 2
2 0 0 2be8 2
2 0 0 2bec 2
2 0 0 1f8c 2
3 0 0 21198 2
3 0 0 2119c 2
3 0 0 211a0 2
3 0 0 211a4 2
2 0 0 21198 2
2 0 0 2119c 2
2 0 0 211a0 2
2 0 0 211a4 2
2 0 0 2be0 2
2 0 0 2be4 2
3 0 0 211a0 2
3 0 0 211a4 2
2 0 0 1ac8 2
2 0 0 211a0 2
2 0 0 211a4 2
2 0 0 1f8c 2
3 0 0 21198 2
3 0 0 2119c 2
3 0 0 211a0 2
3 0 0 211a4 2
2 0 0 21198 2
2 0 0 2119c 2
2 0 0 211a0 2
2 0 0 211a4 2
2 0 0 2bd8 2
2 0 0 2bdc 2
3 0 0 211a0 2
3 0 0 211a4 2
2 0 0 1ac8 2
2 0 0 211a0 2
2 0 0 211a4 2
2 0 0 1f8c 2
3 0 0 21198 2
3 0 0 2119c 2
3 0 0 211a0 2
3 0 0 211a4 2
2 0 0 21198 2
2 0 0 2119c 2
2 0 0 211a0 2
2 0 0 211a4 2
2 0 0 2bd0 2
2 0 0 2bd4 2
3 0 0 211a0 2
3 0 0 211a4 2
2 0 0 1ac8 2
2 0 0 211a0 2
2 0 0 211a4 2
2 0 0 1f8c 2
3 0 0 21198 2
3 0 0 2119c 2
3 0 0 211a0 2
3 0 0 211a4 2
2 0 0 21198 2
2 0 0 2119c 2
2 0 0 211a0 2
2 0 0 211a4 2
2 0 0 2bc8 2
2 0 0 2bcc 2
2 0 0 211a8 2
2 0 0 211ac 2
2 0 0 211b0 2
2 0 0 211b4 2
2 0 0 211b8 2
2 0 0 211bc 2
3 0 0 211b8 2
3 0 0 211bc 2
2 0 0 1ac8 2
2 0 0 211b8 2
2 0 0 211bc 2
2 0 0 1f8c 2
3 0 0 211b0 2
3 0 0 211b4 2
3 0 0 211b8 2
3 0 0 211bc 2
2 0 0 211b0 2
2 0 0 211b4 2
2 0 0 211b8 2
2 0 0 211bc 2
3 0 0 211b8 2
3 0 0 211bc 2
2 0 0 23bc 2
2 0 0 211b8 2
2 0 0 211bc 2
2 0 0 1f8c 2
3 0 0 211b0 2
3 0 0 211b4 2
3 0 0 211b8 2
3 0 0 211bc 2
2 0 0 211b0 2
2 0 0 211b4 2
2 0 0 211b8 2
2 0 0 211bc 2
2 0 0 14f4 2
2 0 0 2bb0 2
2 0 0 2bb4 2
3 0 0 211b8 2
3 0 0 211bc 2
2 0 0 1ac8 2
2 0 0 211b8 2
2 0 0 211bc 2
3 0 0 211b8 2
3 0 0 211bc 2
2 0 0 23bc 2
2 0 0 211b8 2
2 0 0 211bc 2
2 0 0 14f8 2
2 0 0 2b90 2
2 0 0 2b94 2
3 0 0 211b8 2
3 0 0 211bc 2
2 0 0 23bc 2
2 0 0 211b8 2
2 0 0 211bc 2
2 0 0 211c0 2
2 0 0 211c0 2
2 0 0 211c4 2
2 0 0 211c8 2
2 0 0 211cc 2
2 0 0 211d0 2
2 0 0 211d4 2
2 0 0 211d8 2
2 0 0 211dc 2
2 0 0 211e0 2
2 0 0 211e4 2
2 0 0 211e8 2
2 0 0 211ec 2
2 0 0 211f0 2
2 0 0 211f4 2
2 0 0 211f8 2
2 0 0 211fc 2
2 0 0 21200 2
2 0 0 21204 2
2 0 0 358 2
3 0 0 20078 2
2 0 0 2121c 2
2 0 0 21220 2
2 0 0 21224 2
2 0 0 21228 2
2 0 0 2122c 2
2 0 0 21230 2
2 0 0 21234 2
2 0 0 21238 2
2 0 0 2123c 2
3 0 0 21220 2
3 0 0 21224 2
3 0 0 21228 2
3 0 0 2122c 2
3 0 0 21230 2
3 0 0 21234 2
3 0 0 21238 2
3 0 0 2123c 2
2 0 0 7b0 2
2 0 0 2006c 2
2 0 0 7b4 2
2 0 0 7b8 2
2 0 0 1f8c 2
3 0 0 21210 2
3 0 0 21214 2
3 0 0 21218 2
3 0 0 2121c 2
2 0 0 21210 2
2 0 0 21214 2
2 0 0 21218 2
2 0 0 2121c 2
2 0 0 7bc 2
3 0 0 21210 2
3 0 0 21214 2
3 0 0 21218 2
3 0 0 2121c 2
3 0 0 21208 2
3 0 0 2120c 2
2 0 0 1d84 2
2 0 0 1d7e 0
2 0 0 21208 2
2 0 0 2120c 2
2 0 0 21210 2
2 0 0 21214 2
2 0 0 21218 2
2 0 0 2121c 2
2 0 0 7c0 2
3 0 0 2016c 2
2 0 0 7c4 2
2 0 0 20070 2
2 0 0 7b4 2
2 0 0 7b8 2
2 0 0 1f8c 2
3 0 0 21210 2
3 0 0 21214 2
3 0 0 21218 2
3 0 0 2121c 2
2 0 0 21210 2
2 0 0 21214 2
2 0 0 21218 2
2 0 0 2121c 2
2 0 0 7bc 2
3 0 0 21210 2
3 0 0 21214 2
3 0 0 21218 2
3 0 0 2121c 2
3 0 0 21208 2
3 0 0 2120c 2
2 0 0 1d84 2
2 0 0 1d7e 0
2 0 0 21208 2
2 0 0 2120c 2
2 0 0 21210 2
2 0 0 21214 2
2 0 0 21218 2
2 0 0 2121c 2
2 0 0 7c0 2
3 0 0 20170 2
2 0 0 7c8 2
2 0 0 20074 2
2 0 0 7b4 2
2 0 0 7b8 2
2 0 0 1f8c 2
3 0 0 21210 2
3 0 0 21214 2
3 0 0 21218 2
3 0 0 2121c 2
2 0 0 21210 2
2 0 0 21214 2
2 0 0 21218 2
2 0 0 2121c 2
2 0 0 7bc 2
3 0 0 21210 2
3 0 0 21214 2
3 0 0 21218 2
3 0 0 2121c 2
3 0 0 21208 2
3 0 0 2120c 2
2 0 0 1d84 2
2 0 0 1d7e 0
2 0 0 21208 2
2 0 0 2120c 2
2 0 0 21210 2
2 0 0 21214 2
2 0 0 21218 2
2 0 0 2121c 2
2 0 0 7c0 2
3 0 0 20174 2
2 0 0 7cc 2
2 0 0 20054 2
2 0 0 7d0 2
3 0 0 20160 2
2 0 0 7d4 2
2 0 0 20058 2
2 0 0 7d0 2
3 0 0 20164 2
2 0 0 7d8 2
2 0 0 2005c 2
2 0 0 7d0 2
3 0 0 20168 2
2 0 0 7dc 2
2 0 0 7c0 2
2 0 0 7e0 2
3 0 0 21208 2
3 0 0 2120c 2
3 0 0 21210 2
3 0 0 21214 2
3 0 0 21218 2
3 0 0 2121c 2
2 0 0 20190 2
2 0 0 2016c 2
3 0 0 2019c 2
2 0 0 20194 2
2 0 0 20170 2
3 0 0 201a0 2
2 0 0 20198 2
2 0 0 20174 2
3 0 0 201a4 2
2 0 0 21208 2
2 0 0 2120c 2
2 0 0 21210 2
2 0 0 21214 2
2 0 0 21218 2
2 0 0 2121c 2
2 0 0 7e4 2
2 0 0 7e0 2
2 0 0 7e8 2
3 0 0 21208 2
3 0 0 2120c 2
3 0 0 21210 2
3 0 0 21214 2
3 0 0 21218 2
3 0 0 2121c 2
2 0 0 20184 2
2 0 0 2019c 2
3 0 0 20178 2
2 0 0 20188 2
2 0 0 201a0 2
3 0 0 2017c 2
2 0 0 2018c 2
2 0 0 201a4 2
3 0 0 20180 2
2 0 0 21208 2
2 0 0 2120c 2
2 0 0 21210 2
2 0 0 21214 2
2 0 0 21218 2
2 0 0 2121c 2
2 0 0 7ec 2
3 0 0 200b4 2
2 0 0 7f0 2
2 0 0 20044 2
2 0 0 7e8 2
2 0 0 20180 2
2 0 0 7ec 2
3 0 0 200b8 2
2 0 0 7e8 2
2 0 0 2017c 2
2 0 0 7f0 2
2 0 0 20044 2
2 0 0 7ec 2
3 0 0 200bc 2
2 0 0 7e8 2
2 0 0 20180 2
2 0 0 7f0 2
2 0 0 20044 2
2 0 0 7ec 2
3 0 0 200c0 2
2 0 0 7ec 2
3 0 0 200c4 2
2 0 0 7f0 2
2 0 0 20044 2
2 0 0 7e8 2
2 0 0 20178 2
2 0 0 7ec 2
3 0 0 200c8 2
2 0 0 7f0 2
2 0 0 20044 2
2 0 0 7e8 2
2 0 0 2017c 2
2 0 0 7ec 2
3 0 0 200cc 2
2 0 0 7e8 2
2 0 0 20178 2
2 0 0 7f0 2
2 0 0 20044 2
2 0 0 7ec 2
3 0 0 200d0 2
2 0 0 7ec 2
3 0 0 200d4 2
2 0 0 7f4 2
2 0 0 7f8 2
3 0 0 211f8 2
3 0 0 211fc 2
3 0 0 21200 2
3 0 0 21204 2
3 0 0 21208 2
3 0 0 2120c 2
3 0 0 21210 2
3 0 0 21214 2
3 0 0 21218 2
3 0 0 2121c 2
2 0 0 200b4 2
2 0 0 20090 2
3 0 0 211f8 2
2 0 0 200c0 2
2 0 0 20094 2
3 0 0 211fc 2
2 0 0 200cc 2
2 0 0 20098 2
3 0 0 21200 2
3 0 0 201c0 2
2 0 0 211f8 2
2 0 0 211fc 2
2 0 0 21200 2
3 0 0 201c0 2
2 0 0 200b8 2
2 0 0 20090 2
3 0 0 211f8 2
2 0 0 200c4 2
2 0 0 20094 2
3 0 0 211fc 2
2 0 0 200d0 2
2 0 0 20098 2
3 0 0 21200 2
3 0 0 201c4 2
2 0 0 211f8 2
2 0 0 211fc 2
2 0 0 21200 2
3 0 0 201c4 2
2 0 0 200bc 2
2 0 0 20090 2
3 0 0 211f8 2
2 0 0 200c8 2
2 0 0 20094 2
3 0 0 211fc 2
2 0 0 200d4 2
2 0 0 20098 2
3 0 0 21200 2
3 0 0 201c8 2
2 0 0 211f8 2
2 0 0 211fc 2
2 0 0 21200 2
3 0 0 201c8 2
2 0 0 200b4 2
2 0 0 2009c 2
3 0 0 211f8 2
2 0 0 200c0 2
2 0 0 200a0 2
3 0 0 211fc 2
2 0 0 200cc 2
2 0 0 200a4 2
3 0 0 21200 2
3 0 0 201cc 2
2 0 0 211f8 2
2 0 0 211fc 2
2 0 0 21200 2
3 0 0 201cc 2
2 0 0 200b8 2
2 0 0 2009c 2
3 0 0 211f8 2
2 0 0 200c4 2
2 0 0 200a0 2
3 0 0 211fc 2
2 0 0 200d0 2
2 0 0 200a4 2
3 0 0 21200 2
3 0 0 201d0 2
2 0 0 211f8 2
2 0 0 211fc 2
2 0 0 21200 2
3 0 0 201d0 2
2 0 0 200bc 2
2 0 0 2009c 2
3 0 0 211f8 2
2 0 0 200c8 2
2 0 0 200a0 2
3 0 0 211fc 2
2 0 0 200d4 2
2 0 0 200a4 2
3 0 0 21200 2
3 0 0 201d4 2
2 0 0 211f8 2
2 0 0 211fc 2
2 0 0 21200 2
3 0 0 201d4 2
2 0 0 200b4 2
2 0 0 200a8 2
3 0 0 211f8 2
2 0 0 200c0 2
2 0 0 200ac 2
3 0 0 211fc 2
2 0 0 200cc 2
2 0 0 200b0 2
3 0 0 21200 2
3 0 0 201d8 2
2 0 0 211f8 2
2 0 0 211fc 2
2 0 0 21200 2
3 0 0 201d8 2
2 0 0 200b8 2
2 0 0 200a8 2
3 0 0 211f8 2
2 0 0 200c4 2
2 0 0 200ac 2
3 0 0 211fc 2
2 0 0 200d0 2
2 0 0 200b0 2
3 0 0 21200 2
3 0 0 201dc 2
2 0 0 211f8 2
2 0 0 211fc 2
2 0 0 21200 2
3 0 0 201dc 2
2 0 0 200bc 2
2 0 0 200a8 2
3 0 0 211f8 2
2 0 0 200c8 2
2 0 0 200ac 2
3 0 0 211fc 2
2 0 0 200d4 2
2 0 0 200b0 2
3 0 0 21200 2
3 0 0 201e0 2
2 0 0 211f8 2
2 0 0 211fc 2
2 0 0 21200 2
3 0 0 201e0 2
2 0 0 211f8 2
2 0 0 211fc 2
2 0 0 21200 2
2 0 0 21204 2
2 0 0 21208 2
2 0 0 2120c 2
2 0 0 21210 2
2 0 0 21214 2
2 0 0 21218 2
2 0 0 2121c 2
2 0 0 7f4 2
2 0 0 201c0 2
2 0 0 7f8 2
2 0 0 20090 2
2 0 0 7f8 2
3 0 0 20090 2
2 0 0 7f4 2
2 0 0 201c4 2
2 0 0 7f8 2
2 0 0 20094 2
2 0 0 7f8 2
3 0 0 20094 2
2 0 0 7f4 2
2 0 0 201c8 2
2 0 0 7f8 2
2 0 0 20098 2
2 0 0 7f8 2
3 0 0 20098 2
2 0 0 7f4 2
2 0 0 201cc 2
2 0 0 7f8 2
2 0 0 2009c 2
2 0 0 7f8 2
3 0 0 2009c 2
2 0 0 7f4 2
2 0 0 201d0 2
2 0 0 7f8 2
2 0 0 200a0 2
2 0 0 7f8 2
3 0 0 200a0 2
2 0 0 7f4 2
2 0 0 201d4 2
2 0 0 7f8 2
2 0 0 200a4 2
2 0 0 7f8 2
3 0 0 200a4 2
2 0 0 7f4 2
2 0 0 201d8 2
2 0 0 7f8 2
2 0 0 200a8 2
2 0 0 7f8 2
3 0 0 200a8 2
2 0 0 7f4 2
2 0 0 201dc 2
2 0 0 7f8 2
2 0 0 200ac 2
2 0 0 7f8 2
3 0 0 200ac 2
2 0 0 7f4 2
2 0 0 201e0 2
2 0 0 7f8 2
2 0 0 200b0 2
2 0 0 7f8 2
3 0 0 200b0 2
2 0 0 21220 2
2 0 0 21224 2
2 0 0 21228 2
2 0 0 2122c 2
2 0 0 21230 2
2 0 0 21234 2
2 0 0 21238 2
2 0 0 2123c 2
3 0 0 2121c 2
3 0 0 21220 2
3 0 0 21224 2
3 0 0 21228 2
3 0 0 2122c 2
3 0 0 21230 2
3 0 0 21234 2
3 0 0 21238 2
3 0 0 2123c 2
2 0 0 904 2
3 0 0 211e0 2
3 0 0 211e4 2
3 0 0 211e8 2
3 0 0 211ec 2
3 0 0 211f0 2
3 0 0 211f4 2
2 0 0 2009c 2
2 0 0 20090 2
2 0 0 200a0 2
2 0 0 20094 2
2 0 0 200a4 2
2 0 0 20098 2
2 0 0 211e0 2
2 0 0 211e4 2
2 0 0 211e8 2
2 0 0 211ec 2
2 0 0 211f0 2
2 0 0 211f4 2
2 0 0 908 2
2 0 0 1f8c 2
3 0 0 211e8 2
3 0 0 211ec 2
3 0 0 211f0 2
3 0 0 211f4 2
2 0 0 211e8 2
2 0 0 211ec 2
2 0 0 211f0 2
2 0 0 211f4 2
2 0 0 904 2
3 0 0 211e0 2
3 0 0 211e4 2
3 0 0 211e8 2
3 0 0 211ec 2
3 0 0 211f0 2
3 0 0 211f4 2
2 0 0 2009c 2
3 0 0 211f8 2
2 0 0 200a0 2
3 0 0 211fc 2
2 0 0 200a4 2
3 0 0 21200 2
2 0 0 211e0 2
2 0 0 211e4 2
2 0 0 211e8 2
2 0 0 211ec 2
2 0 0 211f0 2
2 0 0 211f4 2
2 0 0 904 2
3 0 0 211e0 2
3 0 0 211e4 2
3 0 0 211e8 2
3 0 0 211ec 2
3 0 0 211f0 2
3 0 0 211f4 2
2 0 0 20090 2
3 0 0 21204 2
2 0 0 20094 2
3 0 0 21208 2
2 0 0 20098 2
3 0 0 2120c 2
2 0 0 211e0 2
2 0 0 211e4 2
2 0 0 211e8 2
2 0 0 211ec 2
2 0 0 211f0 2
2 0 0 211f4 2
2 0 0 904 2
3 0 0 211e0 2
3 0 0 211e4 2
3 0 0 211e8 2
3 0 0 211ec 2
3 0 0 211f0 2
3 0 0 211f4 2
2 0 0 20090 2
2 0 0 211f8 2
3 0 0 211f8 2
2 0 0 20094 2
2 0 0 211fc 2
3 0 0 211fc 2
2 0 0 20098 2
2 0 0 21200 2
3 0 0 21200 2
2 0 0 211e0 2
2 0 0 211e4 2
2 0 0 211e8 2
2 0 0 211ec 2
2 0 0 211f0 2
2 0 0 211f4 2
2 0 0 904 2
3 0 0 211e0 2
3 0 0 211e4 2
3 0 0 211e8 2
3 0 0 211ec 2
3 0 0 211f0 2
3 0 0 211f4 2
2 0 0 2009c 2
2 0 0 21204 2
3 0 0 21204 2
2 0 0 200a0 2
2 0 0 21208 2
3 0 0 21208 2
2 0 0 200a4 2
2 0 0 2120c 2
3 0 0 2120c 2
2 0 0 211e0 2
2 0 0 211e4 2
2 0 0 211e8 2
2 0 0 211ec 2
2 0 0 211f0 2
2 0 0 211f4 2
3 0 0 211e0 2
3 0 0 211e4 2
3 0 0 211e8 2
3 0 0 211ec 2
3 0 0 211f0 2
3 0 0 211f4 2
2 0 0 21208 2
2 0 0 21200 2
2 0 0 2120c 2
2 0 0 211fc 2
3 0 0 21210 2
2 0 0 2120c 2
2 0 0 211f8 2
2 0 0 21204 2
2 0 0 21200 2
3 0 0 21214 2
2 0 0 21204 2
2 0 0 211fc 2
2 0 0 21208 2
2 0 0 211f8 2
3 0 0 21218 2
2 0 0 211e0 2
2 0 0 211e4 2
2 0 0 211e8 2
2 0 0 211ec 2
2 0 0 211f0 2
2 0 0 211f4 2
3 0 0 211e0 2
3 0 0 211e4 2
3 0 0 211e8 2
3 0 0 211ec 2
3 0 0 211f0 2
3 0 0 211f4 2
2 0 0 211f8 2
2 0 0 211f8 2
2 0 0 211fc 2
2 0 0 211fc 2
2 0 0 21200 2
2 0 0 21200 2
2 0 0 211e0 2
2 0 0 211e4 2
2 0 0 211e8 2
2 0 0 211ec 2
2 0 0 211f0 2
2 0 0 211f4 2
2 0 0 90c 2
2 0 0 908 2
2 0 0 1f8c 2
3 0 0 211e8 2
3 0 0 211ec 2
3 0 0 211f0 2
3 0 0 211f4 2
2 0 0 211e8 2
2 0 0 211ec 2
2 0 0 211f0 2
2 0 0 211f4 2
2 0 0 904 2
3 0 0 211e0 2
3 0 0 211e4 2
3 0 0 211e8 2
3 0 0 211ec 2
3 0 0 211f0 2
3 0 0 211f4 2
2 0 0 211f8 2
3 0 0 20090 2
2 0 0 211fc 2
3 0 0 20094 2
2 0 0 21200 2
3 0 0 20098 2
2 0 0 211e0 2
2 0 0 211e4 2
2 0 0 211e8 2
2 0 0 211ec 2
2 0 0 211f0 2
2 0 0 211f4 2
3 0 0 211e0 2
3 0 0 211e4 2
3 0 0 211e8 2
3 0 0 211ec 2
3 0 0 211f0 2
3 0 0 211f4 2
2 0 0 21204 2
2 0 0 21204 2
2 0 0 21208 2
2 0 0 21208 2
2 0 0 2120c 2
2 0 0 2120c 2
2 0 0 211e0 2
2 0 0 211e4 2
2 0 0 211e8 2
2 0 0 211ec 2
2 0 0 211f0 2
2 0 0 211f4 2
2 0 0 90c 2
2 0 0 908 2
2 0 0 1f8c 2
3 0 0 211e8 2
3 0 0 211ec 2
3 0 0 211f0 2
3 0 0 211f4 2
2 0 0 211e8 2
2 0 0 211ec 2
2 0 0 211f0 2
2 0 0 211f4 2
2 0 0 904 2
3 0 0 211e0 2
3 0 0 211e4 2
3 0 0 211e8 2
3 0 0 211ec 2
3 0 0 211f0 2
3 0 0 211f4 2
2 0 0 21204 2
3 0 0 2009c 2
2 0 0 21208 2
3 0 0 200a0 2
2 0 0 2120c 2
3 0 0 200a4 2
2 0 0 211e0 2
2 0 0 211e4 2
2 0 0 211e8 2
2 0 0 211ec 2
2 0 0 211f0 2
2 0 0 211f4 2
3 0 0 211e0 2
3 0 0 211e4 2
3 0 0 211e8 2
3 0 0 211ec 2
3 0 0 211f0 2
3 0 0 211f4 2
2 0 0 21210 2
2 0 0 21210 2
2 0 0 21214 2
2 0 0 21214 2
2 0 0 21218 2
2 0 0 21218 2
2 0 0 211e0 2
2 0 0 211e4 2
2 0 0 211e8 2
2 0 0 211ec 2
2 0 0 211f0 2
2 0 0 211f4 2
2 0 0 90c 2
2 0 0 908 2
2 0 0 1f8c 2
3 0 0 211e8 2
3 0 0 211ec 2
3 0 0 211f0 2
3 0 0 211f4 2
2 0 0 211e8 2
2 0 0 211ec 2
2 0 0 211f0 2
2 0 0 211f4 2
2 0 0 904 2
3 0 0 211e0 2
3 0 0 211e4 2
3 0 0 211e8 2
3 0 0 211ec 2
3 0 0 211f0 2
3 0 0 211f4 2
2 0 0 21210 2
3 0 0 200a8 2
2 0 0 21214 2
3 0 0 200ac 2
2 0 0 21218 2
3 0 0 200b0 2
2 0 0 211e0 2
2 0 0 211e4 2
2 0 0 211e8 2
2 0 0 211ec 2
2 0 0 211f0 2
2 0 0 211f4 2
2 0 0 2121c 2
2 0 0 21220 2
2 0 0 21224 2
2 0 0 21228 2
2 0 0 2122c 2
2 0 0 21230 2
2 0 0 21234 2
2 0 0 21238 2
2 0 0 2123c 2
3 0 0 2121c 2
3 0 0 21220 2
3 0 0 21224 2
3 0 0 21228 2
3 0 0 2122c 2
3 0 0 21230 2
3 0 0 21234 2
3 0 0 21238 2
3 0 0 2123c 2
2 0 0 4d0 2
2 0 0 20168 2
2 0 0 20168 2
2 0 0 4d0 2
3 0 0 21208 2
2 0 0 20164 2
2 0 0 20164 2
2 0 0 4d0 2
3 0 0 21204 2
2 0 0 20160 2
2 0 0 20160 2
3 0 0 21200 2
2 0 0 21204 2
2 0 0 21208 2
3 0 0 2120c 2
3 0 0 21210 2
3 0 0 21214 2
3 0 0 211e8 2
3 0 0 211ec 2
3 0 0 211f0 2
3 0 0 211f4 2
3 0 0 211f8 2
3 0 0 211fc 2
3 0 0 211d0 2
3 0 0 211d4 2
3 0 0 211d8 2
3 0 0 211dc 2
3 0 0 211e0 2
3 0 0 211e4 2
2 0 0 211d0 2
2 0 0 211d4 2
2 0 0 211d8 2
2 0 0 211dc 2
2 0 0 211e0 2
2 0 0 211e4 2
2 0 0 211e8 2
2 0 0 211ec 2
2 0 0 211f0 2
2 0 0 211f4 2
2 0 0 211f8 2
2 0 0 211fc 2
2 0 0 4d4 2
3 0 0 21214 2
3 0 0 211f0 2
3 0 0 211f4 2
3 0 0 211f8 2
3 0 0 211fc 2
2 0 0 211f0 2
2 0 0 211f4 2
2 0 0 211f8 2
2 0 0 211fc 2
2 0 0 4d8 2
2 0 0 4d0 2
2 0 0 4dc 2
3 0 0 211e8 2
3 0 0 211ec 2
3 0 0 211f0 2
3 0 0 211f4 2
3 0 0 211f8 2
3 0 0 211fc 2
2 0 0 200ac 2
2 0 0 20168 2
2 0 0 200b0 2
2 0 0 20164 2
3 0 0 201a8 2
2 0 0 200b0 2
2 0 0 20160 2
2 0 0 200a8 2
2 0 0 20168 2
3 0 0 201ac 2
2 0 0 200a8 2
2 0 0 20164 2
2 0 0 200ac 2
2 0 0 20160 2
3 0 0 201b0 2
2 0 0 211e8 2
2 0 0 211ec 2
2 0 0 211f0 2
2 0 0 211f4 2
2 0 0 211f8 2
2 0 0 211fc 2
2 0 0 4e0 2
2 0 0 4e4 2
2 0 0 1f8c 2
3 0 0 211f0 2
3 0 0 211f4 2
3 0 0 211f8 2
3 0 0 211fc 2
2 0 0 211f0 2
2 0 0 211f4 2
2 0 0 211f8 2
2 0 0 211fc 2
3 0 0 21210 2
3 0 0 21214 2
2 0 0 4dc 2
2 0 0 4e8 2
3 0 0 211e8 2
3 0 0 211ec 2
3 0 0 211f0 2
3 0 0 211f4 2
3 0 0 211f8 2
3 0 0 211fc 2
2 0 0 201a8 2
3 0 0 20184 2
2 0 0 201ac 2
3 0 0 20188 2
2 0 0 201b0 2
3 0 0 2018c 2
2 0 0 211e8 2
2 0 0 211ec 2
2 0 0 211f0 2
2 0 0 211f4 2
2 0 0 211f8 2
2 0 0 211fc 2
2 0 0 4ec 2
2 0 0 4f0 2
3 0 0 21210 2
3 0 0 21214 2
2 0 0 1f8c 2
3 0 0 211f0 2
3 0 0 211f4 2
3 0 0 211f8 2
3 0 0 211fc 2
2 0 0 211f0 2
2 0 0 211f4 2
2 0 0 211f8 2
2 0 0 211fc 2
2 0 0 4dc 2
2 0 0 4f4 2
3 0 0 211e8 2
3 0 0 211ec 2
3 0 0 211f0 2
3 0 0 211f4 2
3 0 0 211f8 2
3 0 0 211fc 2
2 0 0 201a8 2
3 0 0 200f4 2
2 0 0 201ac 2
3 0 0 200f8 2
2 0 0 201b0 2
3 0 0 200fc 2
2 0 0 211e8 2
2 0 0 211ec 2
2 0 0 211f0 2
2 0 0 211f4 2
2 0 0 211f8 2
2 0 0 211fc 2
2 0 0 4f4 2
2 0 0 4f8 2
3 0 0 211e8 2
3 0 0 211ec 2
3 0 0 211f0 2
3 0 0 211f4 2
3 0 0 211f8 2
3 0 0 211fc 2
2 0 0 200f4 2
2 0 0 20190 2
3 0 0 20190 2
2 0 0 200f8 2
2 0 0 20194 2
3 0 0 20194 2
2 0 0 200fc 2
2 0 0 20198 2
3 0 0 20198 2
2 0 0 211e8 2
2 0 0 211ec 2
2 0 0 211f0 2
2 0 0 211f4 2
2 0 0 211f8 2
2 0 0 211fc 2
2 0 0 4fc 2
2 0 0 20078 2
3 0 0 211fc 2
2 0 0 1744 2
3 0 0 211b0 2
3 0 0 211b4 2
3 0 0 211b8 2
3 0 0 211bc 2
3 0 0 211c0 2
3 0 0 211c4 2
3 0 0 211c8 2
3 0 0 211cc 2
3 0 0 211d0 2
3 0 0 211d4 2
3 0 0 211d8 2
3 0 0 211dc 2
2 0 0 1f8c 2
3 0 0 211a0 2
3 0 0 211a4 2
3 0 0 211a8 2
3 0 0 211ac 2
2 0 0 211a0 2
2 0 0 211a4 2
2 0 0 211a8 2
2 0 0 211ac 2
2 0 0 e9c 2
3 0 0 21198 2
3 0 0 2119c 2
3 0 0 211a0 2
3 0 0 211a4 2
3 0 0 211a8 2
3 0 0 211ac 2
2 0 0 2c48 2
2 0 0 2c4c 2
2 0 0 1f8c 2
3 0 0 21188 2
3 0 0 2118c 2
3 0 0 21190 2
3 0 0 21194 2
2 0 0 21188 2
2 0 0 2118c 2
2 0 0 21190 2
2 0 0 21194 2
2 0 0 2c40 2
2 0 0 2c44 2
3 0 0 21190 2
3 0 0 21194 2
2 0 0 23bc 2
2 0 0 21190 2
2 0 0 21194 2
2 0 0 1f8c 2
3 0 0 21188 2
3 0 0 2118c 2
3 0 0 21190 2
3 0 0 21194 2
2 0 0 21188 2
2 0 0 2118c 2
2 0 0 21190 2
2 0 0 21194 2
2 0 0 2c38 2
2 0 0 2c3c 2
3 0 0 21190 2
3 0 0 21194 2
2 0 0 23bc 2
2 0 0 21190 2
2 0 0 21194 2
2 0 0 1f8c 2
3 0 0 21188 2
3 0 0 2118c 2
3 0 0 21190 2
3 0 0 21194 2
2 0 0 21188 2
2 0 0 2118c 2
2 0 0 21190 2
2 0 0 21194 2
2 0 0 2c30 2
2 0 0 2c34 2
3 0 0 21190 2
3 0 0 21194 2
2 0 0 23bc 2
2 0 0 21190 2
2 0 0 21194 2
2 0 0 1f8c 2
3 0 0 21188 2
3 0 0 2118c 2
3 0 0 21190 2
3 0 0 21194 2
2 0 0 21188 2
2 0 0 2118c 2
2 0 0 21190 2
2 0 0 21194 2
2 0 0 2c28 2
2 0 0 2c2c 2
3 0 0 21190 2
3 0 0 21194 2
2 0 0 23bc 2
2 0 0 21190 2
2 0 0 21194 2
2 0 0 1f8c 2
3 0 0 21188 2
3 0 0 2118c 2
3 0 0 21190 2
3 0 0 21194 2
2 0 0 21188 2
2 0 0 2118c 2
2 0 0 21190 2
2 0 0 21194 2
2 0 0 2c20 2
2 0 0 2c24 2
2 0 0 21198 2
2 0 0 2119c 2
2 0 0 211a0 2
2 0 0 211a4 2
2 0 0 211a8 2
2 0 0 211ac 2
3 0 0 211a8 2
3 0 0 211ac 2
2 0 0 23bc 2
2 0 0 211a8 2
2 0 0 211ac 2
2 0 0 1f8c 2
3 0 0 211a0 2
3 0 0 211a4 2
3 0 0 211a8 2
3 0 0 211ac 2
2 0 0 211a0 2
2 0 0 211a4 2
2 0 0 211a8 2
2 0 0 211ac 2
2 0 0 211b8 2
2 0 0 211bc 2
2 0 0 1f8c 2
3 0 0 211a0 2
3 0 0 211a4 2
3 0 0 211a8 2
3 0 0 211ac 2
2 0 0 211a0 2
2 0 0 211a4 2
2 0 0 211a8 2
2 0 0 211ac 2
2 0 0 1f8c 2
3 0 0 211a0 2
3 0 0 211a4 2
3 0 0 211a8 2
3 0 0 211ac 2
2 0 0 211a0 2
2 0 0 211a4 2
2 0 0 211a8 2
2 0 0 211ac 2
3 0 0 211a8 2
3 0 0 211ac 2
2 0 0 1ac8 2
2 0 0 211a8 2
2 0 0 211ac 2
2 0 0 ea0 2
2 0 0 ea4 2
2 0 0 ea8 2
3 0 0 211a8 2
3 0 0 211ac 2
2 0 0 23bc 2
2 0 0 211a8 2
2 0 0 211ac 2
2 0 0 e98 2
3 0 0 211a8 2
3 0 0 211ac 2
2 0 0 23bc 2
2 0 0 211a8 2
2 0 0 211ac 2
3 0 0 211a8 2
3 0 0 211ac 2
2 0 0 23bc 2
2 0 0 211a8 2
2 0 0 211ac 2
2 0 0 211c0 2
2 0 0 211c4 2
2 0 0 211c8 2
2 0 0 211cc 2
2 0 0 211d0 2
2 0 0 211d4 2
2 0 0 211d8 2
2 0 0 211dc 2
3 0 0 211d8 2
3 0 0 211dc 2
2 0 0 23bc 2
2 0 0 211d8 2
2 0 0 211dc 2
2 0 0 211fc 2
3 0 0 21210 2
3 0 0 21214 2
2 0 0 4fc 2
2 0 0 20078 2
3 0 0 21210 2
3 0 0 21214 2
3 0 0 211fc 2
2 0 0 18c4 2
3 0 0 211e0 2
3 0 0 211b0 2
3 0 0 211b4 2
3 0 0 211b8 2
3 0 0 211bc 2
3 0 0 211c0 2
3 0 0 211c4 2
3 0 0 211c8 2
3 0 0 211cc 2
3 0 0 211d0 2
3 0 0 211d4 2
3 0 0 211d8 2
3 0 0 211dc 2
2 0 0 1f8c 2
3 0 0 21190 2
3 0 0 21194 2
3 0 0 21198 2
3 0 0 2119c 2
2 0 0 21190 2
2 0 0 21194 2
2 0 0 21198 2
2 0 0 2119c 2
2 0 0 1f8c 2
3 0 0 21190 2
3 0 0 21194 2
3 0 0 21198 2
3 0 0 2119c 2
2 0 0 21190 2
2 0 0 21194 2
2 0 0 21198 2
2 0 0 2119c 2
2 0 0 1038 2
3 0 0 21188 2
3 0 0 2118c 2
3 0 0 21190 2
3 0 0 21194 2
3 0 0 21198 2
3 0 0 2119c 2
2 0 0 2d40 2
2 0 0 2d44 2
2 0 0 1f8c 2
3 0 0 21178 2
3 0 0 2117c 2
3 0 0 21180 2
3 0 0 21184 2
2 0 0 21178 2
2 0 0 2117c 2
2 0 0 21180 2
2 0 0 21184 2
2 0 0 2d38 2
2 0 0 2d3c 2
3 0 0 21180 2
3 0 0 21184 2
2 0 0 23bc 2
2 0 0 21180 2
2 0 0 21184 2
2 0 0 1f8c 2
3 0 0 21178 2
3 0 0 2117c 2
3 0 0 21180 2
3 0 0 21184 2
2 0 0 21178 2
2 0 0 2117c 2
2 0 0 21180 2
2 0 0 21184 2
2 0 0 2d30 2
2 0 0 2d34 2
3 0 0 21180 2
3 0 0 21184 2
2 0 0 23bc 2
2 0 0 21180 2
2 0 0 21184 2
2 0 0 1f8c 2
3 0 0 21178 2
3 0 0 2117c 2
3 0 0 21180 2
3 0 0 21184 2
2 0 0 21178 2
2 0 0 2117c 2
2 0 0 21180 2
2 0 0 21184 2
2 0 0 2d28 2
2 0 0 2d2c 2
3 0 0 21180 2
3 0 0 21184 2
2 0 0 23bc 2
2 0 0 21180 2
2 0 0 21184 2
2 0 0 1f8c 2
3 0 0 21178 2
3 0 0 2117c 2
3 0 0 21180 2
3 0 0 21184 2
2 0 0 21178 2
2 0 0 2117c 2
2 0 0 21180 2
2 0 0 21184 2
2 0 0 2d20 2
2 0 0 2d24 2
2 0 0 21188 2
2 0 0 2118c 2
2 0 0 21190 2
2 0 0 21194 2
2 0 0 21198 2
2 0 0 2119c 2
3 0 0 21198 2
3 0 0 2119c 2
2 0 0 23bc 2
2 0 0 21198 2
2 0 0 2119c 2
2 0 0 211e0 2
3 0 0 211a8 2
2 0 0 1f8c 2
3 0 0 21190 2
3 0 0 21194 2
3 0 0 21198 2
3 0 0 2119c 2
2 0 0 21190 2
2 0 0 21194 2
2 0 0 21198 2
2 0 0 2119c 2
2 0 0 103c 2
2 0 0 1040 2
3 0 0 21198 2
3 0 0 2119c 2
2 0 0 23bc 2
2 0 0 21198 2
2 0 0 2119c 2
2 0 0 1f8c 2
3 0 0 21190 2
3 0 0 21194 2
3 0 0 21198 2
3 0 0 2119c 2
2 0 0 21190 2
2 0 0 21194 2
2 0 0 21198 2
2 0 0 2119c 2
2 0 0 211c0 2
2 0 0 211c4 2
2 0 0 211c8 2
2 0 0 211cc 2
2 0 0 211d0 2
2 0 0 211d4 2
2 0 0 211d8 2
2 0 0 211dc 2
3 0 0 211d8 2
3 0 0 211dc 2
2 0 0 23bc 2
2 0 0 211d8 2
2 0 0 211dc 2
2 0 0 211fc 2
2 0 0 4d8 2
2 0 0 2009c 2
2 0 0 4d8 2
2 0 0 20090 2
2 0 0 4d8 2
2 0 0 500 2
3 0 0 211e8 2
3 0 0 211ec 2
3 0 0 211f0 2
3 0 0 211f4 2
3 0 0 211f8 2
3 0 0 211fc 2
2 0 0 200a8 2
3 0 0 201b4 2
2 0 0 200ac 2
3 0 0 201b8 2
2 0 0 200b0 2
3 0 0 201bc 2
2 0 0 211e8 2
2 0 0 211ec 2
2 0 0 211f0 2
2 0 0 211f4 2
2 0 0 211f8 2
2 0 0 211fc 2
2 0 0 504 2
2 0 0 500 2
2 0 0 508 2
3 0 0 211e8 2
3 0 0 211ec 2
3 0 0 211f0 2
3 0 0 211f4 2
3 0 0 211f8 2
3 0 0 211fc 2
2 0 0 201b4 2
3 0 0 200e8 2
2 0 0 201b8 2
3 0 0 200ec 2
2 0 0 201bc 2
3 0 0 200f0 2
2 0 0 211e8 2
2 0 0 211ec 2
2 0 0 211f0 2
2 0 0 211f4 2
2 0 0 211f8 2
2 0 0 211fc 2
2 0 0 508 2
2 0 0 4e8 2
3 0 0 211e8 2
3 0 0 211ec 2
3 0 0 211f0 2
3 0 0 211f4 2
3 0 0 211f8 2
3 0 0 211fc 2
2 0 0 200e8 2
2 0 0 20184 2
3 0 0 20184 2
2 0 0 200ec 2
2 0 0 20188 2
3 0 0 20188 2
2 0 0 200f0 2
2 0 0 2018c 2
3 0 0 2018c 2
2 0 0 211e8 2
2 0 0 211ec 2
2 0 0 211f0 2
2 0 0 211f4 2
2 0 0 211f8 2
2 0 0 211fc 2
2 0 0 50c 2
2 0 0 500 2
2 0 0 4f4 2
3 0 0 211e8 2
3 0 0 211ec 2
3 0 0 211f0 2
3 0 0 211f4 2
3 0 0 211f8 2
3 0 0 211fc 2
2 0 0 201b4 2
3 0 0 200f4 2
2 0 0 201b8 2
3 0 0 200f8 2
2 0 0 201bc 2
3 0 0 200fc 2
2 0 0 211e8 2
2 0 0 211ec 2
2 0 0 211f0 2
2 0 0 211f4 2
2 0 0 211f8 2
2 0 0 211fc 2
2 0 0 4f4 2
2 0 0 4f8 2
3 0 0 211e8 2
3 0 0 211ec 2
3 0 0 211f0 2
3 0 0 211f4 2
3 0 0 211f8 2
3 0 0 211fc 2
2 0 0 200f4 2
2 0 0 20190 2
3 0 0 20190 2
2 0 0 200f8 2
2 0 0 20194 2
3 0 0 20194 2
2 0 0 200fc 2
2 0 0 20198 2
3 0 0 20198 2
2 0 0 211e8 2
2 0 0 211ec 2
2 0 0 211f0 2
2 0 0 211f4 2
2 0 0 211f8 2
2 0 0 211fc 2
2 0 0 2121c 2
2 0 0 21220 2
2 0 0 21224 2
2 0 0 21228 2
2 0 0 2122c 2
2 0 0 21230 2
2 0 0 21234 2
2 0 0 21238 2
2 0 0 2123c 2
3 0 0 21220 2
3 0 0 21224 2
3 0 0 21228 2
3 0 0 2122c 2
3 0 0 21230 2
3 0 0 21234 2
3 0 0 21238 2
3 0 0 2123c 2
2 0 0 584 2
2 0 0 200a8 2
3 0 0 21200 2
3 0 0 21204 2
3 0 0 21208 2
3 0 0 2120c 2
3 0 0 21210 2
3 0 0 21214 2
3 0 0 21218 2
3 0 0 2121c 2
2 0 0 12a8 2
2 0 0 12c0 2
2 0 0 1f8c 2
3 0 0 211d8 2
3 0 0 211dc 2
3 0 0 211e0 2
3 0 0 211e4 2
2 0 0 211d8 2
2 0 0 211dc 2
2 0 0 211e0 2
2 0 0 211e4 2
2 0 0 12c4 2
3 0 0 211d0 2
3 0 0 211d4 2
3 0 0 211d8 2
3 0 0 211dc 2
3 0 0 211e0 2
3 0 0 211e4 2
2 0 0 2b60 2
2 0 0 2b64 2
2 0 0 1f8c 2
3 0 0 211c0 2
3 0 0 211c4 2
3 0 0 211c8 2
3 0 0 211cc 2
2 0 0 211c0 2
2 0 0 211c4 2
2 0 0 211c8 2
2 0 0 211cc 2
2 0 0 2b58 2
2 0 0 2b5c 2
3 0 0 211c8 2
3 0 0 211cc 2
2 0 0 1ac8 2
2 0 0 211c8 2
2 0 0 211cc 2
2 0 0 1f8c 2
3 0 0 211c0 2
3 0 0 211c4 2
3 0 0 211c8 2
3 0 0 211cc 2
2 0 0 211c0 2
2 0 0 211c4 2
2 0 0 211c8 2
2 0 0 211cc 2
2 0 0 2b50 2
2 0 0 2b54 2
3 0 0 211c8 2
3 0 0 211cc 2
2 0 0 23bc 2
2 0 0 211c8 2
2 0 0 211cc 2
2 0 0 1f8c 2
3 0 0 211c0 2
3 0 0 211c4 2
3 0 0 211c8 2
3 0 0 211cc 2
2 0 0 211c0 2
2 0 0 211c4 2
2 0 0 211c8 2
2 0 0 211cc 2
2 0 0 2b48 2
2 0 0 2b4c 2
3 0 0 211c8 2
3 0 0 211cc 2
2 0 0 23bc 2
2 0 0 211c8 2
2 0 0 211cc 2
2 0 0 1f8c 2
3 0 0 211c0 2
3 0 0 211c4 2
3 0 0 211c8 2
3 0 0 211cc 2
2 0 0 211c0 2
2 0 0 211c4 2
2 0 0 211c8 2
2 0 0 211cc 2
2 0 0 2b40 2
2 0 0 2b44 2
3 0 0 211c8 2
3 0 0 211cc 2
2 0 0 23bc 2
2 0 0 211c8 2
2 0 0 211cc 2
2 0 0 1f8c 2
3 0 0 211c0 2
3 0 0 211c4 2
3 0 0 211c8 2
3 0 0 211cc 2
2 0 0 211c0 2
2 0 0 211c4 2
2 0 0 211c8 2
2 0 0 211cc 2
2 0 0 2b38 2
2 0 0 2b3c 2
2 0 0 211d0 2
2 0 0 211d4 2
2 0 0 211d8 2
2 0 0 211dc 2
2 0 0 211e0 2
2 0 0 211e4 2
3 0 0 211e0 2
3 0 0 211e4 2
2 0 0 23bc 2
2 0 0 211e0 2
2 0 0 211e4 2
2 0 0 1f8c 2
3 0 0 211d8 2
3 0 0 211dc 2
3 0 0 211e0 2
3 0 0 211e4 2
2 0 0 211d8 2
2 0 0 211dc 2
2 0 0 211e0 2
2 0 0 211e4 2
2 0 0 12c8 2
3 0 0 211d0 2
3 0 0 211d4 2
3 0 0 211d8 2
3 0 0 211dc 2
3 0 0 211e0 2
3 0 0 211e4 2
2 0 0 2b80 2
2 0 0 2b84 2
2 0 0 1f8c 2
3 0 0 211c0 2
3 0 0 211c4 2
3 0 0 211c8 2
3 0 0 211cc 2
2 0 0 211c0 2
2 0 0 211c4 2
2 0 0 211c8 2
2 0 0 211cc 2
2 0 0 2b78 2
2 0 0 2b7c 2
3 0 0 211c8 2
3 0 0 211cc 2
2 0 0 23bc 2
2 0 0 211c8 2
2 0 0 211cc 2
2 0 0 1f8c 2
3 0 0 211c0 2
3 0 0 211c4 2
3 0 0 211c8 2
3 0 0 211cc 2
2 0 0 211c0 2
2 0 0 211c4 2
2 0 0 211c8 2
2 0 0 211cc 2
2 0 0 2b70 2
2 0 0 2b74 2
3 0 0 211c8 2
3 0 0 211cc 2
2 0 0 23bc 2
2 0 0 211c8 2
2 0 0 211cc 2
2 0 0 1f8c 2
3 0 0 211c0 2
3 0 0 211c4 2
3 0 0 211c8 2
3 0 0 211cc 2
2 0 0 211c0 2
2 0 0 211c4 2
2 0 0 211c8 2
2 0 0 211cc 2
2 0 0 2b68 2
2 0 0 2b6c 2
2 0 0 211d0 2
2 0 0 211d4 2
2 0 0 211d8 2
2 0 0 211dc 2
2 0 0 211e0 2
2 0 0 211e4 2
3 0 0 211e0 2
3 0 0 211e4 2
2 0 0 23bc 2
2 0 0 211e0 2
2 0 0 211e4 2
2 0 0 1f8c 2
3 0 0 211d8 2
3 0 0 211dc 2
3 0 0 211e0 2
3 0 0 211e4 2
2 0 0 211d8 2
2 0 0 211dc 2
2 0 0 211e0 2
2 0 0 211e4 2
3 0 0 211e0 2
3 0 0 211e4 2
2 0 0 23bc 2
2 0 0 211e0 2
2 0 0 211e4 2
3 0 0 211d8 2
3 0 0 211dc 2
3 0 0 211e0 2
3 0 0 211e4 2
3 0 0 211d0 2
3 0 0 211d4 2
2 0 0 1d84 2
2 0 0 1d83 0
2 0 0 211d0 2
2 0 0 211d4 2
2 0 0 211d8 2
2 0 0 211dc 2
2 0 0 211e0 2
2 0 0 211e4 2
2 0 0 1f8c 2
3 0 0 211d8 2
3 0 0 211dc 2
3 0 0 211e0 2
3 0 0 211e4 2
2 0 0 211d8 2
2 0 0 211dc 2
2 0 0 211e0 2
2 0 0 211e4 2
2 0 0 21200 2
2 0 0 21204 2
2 0 0 21208 2
2 0 0 2120c 2
2 0 0 21210 2
2 0 0 21214 2
2 0 0 21218 2
2 0 0 2121c 2
3 0 0 21218 2
3 0 0 2121c 2
2 0 0 1ac8 2
2 0 0 21218 2
2 0 0 2121c 2
2 0 0 588 2
3 0 0 20080 2
2 0 0 584 2
2 0 0 200b0 2
2 0 0 584 2
2 0 0 200ac 2
3 0 0 21200 2
3 0 0 21204 2
3 0 0 21208 2
3 0 0 2120c 2
3 0 0 21210 2
3 0 0 21214 2
3 0 0 21218 2
3 0 0 2121c 2
2 0 0 1658 2
2 0 0 165c 2
2 0 0 1660 2
3 0 0 211f0 2
3 0 0 211f4 2
3 0 0 211f8 2
3 0 0 211fc 2
3 0 0 211e8 2
3 0 0 211ec 2
2 0 0 1d84 2
2 0 0 1d83 0
2 0 0 211e8 2
2 0 0 211ec 2
2 0 0 211f0 2
2 0 0 211f4 2
2 0 0 211f8 2
2 0 0 211fc 2
3 0 0 211d8 2
3 0 0 211dc 2
3 0 0 211e0 2
3 0 0 211e4 2
3 0 0 211e8 2
3 0 0 211ec 2
3 0 0 211f0 2
3 0 0 211f4 2
3 0 0 211f8 2
3 0 0 211fc 2
3 0 0 211d8 2
2 0 0 14b8 2
2 0 0 14cc 2
2 0 0 14d0 2
2 0 0 1f8c 2
3 0 0 211c8 2
3 0 0 211cc 2
3 0 0 211d0 2
3 0 0 211d4 2
2 0 0 211c8 2
2 0 0 211cc 2
2 0 0 211d0 2
2 0 0 211d4 2
2 0 0 1f8c 2
3 0 0 211c8 2
3 0 0 211cc 2
3 0 0 211d0 2
3 0 0 211d4 2
2 0 0 211c8 2
2 0 0 211cc 2
2 0 0 211d0 2
2 0 0 211d4 2
2 0 0 14ec 2
3 0 0 211c0 2
3 0 0 211c4 2
3 0 0 211c8 2
3 0 0 211cc 2
3 0 0 211d0 2
3 0 0 211d4 2
2 0 0 2c18 2
2 0 0 2c1c 2
2 0 0 1f8c 2
3 0 0 211b0 2
3 0 0 211b4 2
3 0 0 211b8 2
3 0 0 211bc 2
2 0 0 211b0 2
2 0 0 211b4 2
2 0 0 211b8 2
2 0 0 211bc 2
2 0 0 2c10 2
2 0 0 2c14 2
3 0 0 211b8 2
3 0 0 211bc 2
2 0 0 1ac8 2
2 0 0 211b8 2
2 0 0 211bc 2
2 0 0 1f8c 2
3 0 0 211b0 2
3 0 0 211b4 2
3 0 0 211b8 2
3 0 0 211bc 2
2 0 0 211b0 2
2 0 0 211b4 2
2 0 0 211b8 2
2 0 0 211bc 2
2 0 0 2c08 2
2 0 0 2c0c 2
3 0 0 211b8 2
3 0 0 211bc 2
2 0 0 1ac8 2
2 0 0 211b8 2
2 0 0 211bc 2
2 0 0 1f8c 2
3 0 0 211b0 2
3 0 0 211b4 2
3 0 0 211b8 2
3 0 0 211bc 2
2 0 0 211b0 2
2 0 0 211b4 2
2 0 0 211b8 2
2 0 0 211bc 2
2 0 0 2c00 2
2 0 0 2c04 2
3 0 0 211b8 2
3 0 0 211bc 2
2 0 0 1ac8 2
2 0 0 211b8 2
2 0 0 211bc 2
2 0 0 1f8c 2
3 0 0 211b0 2
3 0 0 211b4 2
3 0 0 211b8 2
3 0 0 211bc 2
2 0 0 211b0 2
2 0 0 211b4 2
2 0 0 211b8 2
2 0 0 211bc 2
2 0 0 2bf8 2
2 0 0 2bfc 2
3 0 0 211b8 2
3 0 0 211bc 2
2 0 0 1ac8 2
2 0 0 211b8 2
2 0 0 211bc 2
2 0 0 1f8c 2
3 0 0 211b0 2
3 0 0 211b4 2
3 0 0 211b8 2
3 0 0 211bc 2
2 0 0 211b0 2
2 0 0 211b4 2
2 0 0 211b8 2
2 0 0 211bc 2
2 0 0 2bf0 2
2 0 0 2bf4 2
2 0 0 211c0 2
2 0 0 211c4 2
2 0 0 211c8 2
2 0 0 211cc 2
2 0 0 211d0 2
2 0 0 211d4 2
3 0 0 211d0 2
3 0 0 211d4 2
2 0 0 1ac8 2
2 0 0 211d0 2
2 0 0 211d4 2
2 0 0 1f8c 2
3 0 0 211c8 2
3 0 0 211cc 2
3 0 0 211d0 2
3 0 0 211d4 2
2 0 0 211c8 2
2 0 0 211cc 2
2 0 0 211d0 2
2 0 0 211d4 2
2 0 0 14f0 2
3 0 0 211c0 2
3 0 0 211c4 2
3 0 0 211c8 2
3 0 0 211cc 2
3 0 0 211d0 2
3 0 0 211d4 2
2 0 0 2be8 2
2 0 0 2bec 2
2 0 0 1f8c 2
3 0 0 211b0 2
3 0 0 211b4 2
3 0 0 211b8 2
3 0 0 211bc 2
2 0 0 211b0 2
2 0 0 211b4 2
2 0 0 211b8 2
2 0 0 211bc 2
2 0 0 2be0 2
2 0 0 2be4 2
3 0 0 211b8 2
3 0 0 211bc 2
2 0 0 1ac8 2
2 0 0 211b8 2
2 0 0 211bc 2
2 0 0 1f8c 2
3 0 0 211b0 2
3 0 0 211b4 2
3 0 0 211b8 2
3 0 0 211bc 2
2 0 0 211b0 2
2 0 0 211b4 2
2 0 0 211b8 2
2 0 0 211bc 2
2 0 0 2bd8 2
2 0 0 2bdc 2
3 0 0 211b8 2
3 0 0 211bc 2
2 0 0 1ac8 2
2 0 0 211b8 2
2 0 0 211bc 2
2 0 0 1f8c 2
3 0 0 211b0 2
3 0 0 211b4 2
3 0 0 211b8 2
3 0 0 211bc 2
2 0 0 211b0 2
2 0 0 211b4 2
2 0 0 211b8 2
2 0 0 211bc 2
2 0 0 2bd0 2
2 0 0 2bd4 2
3 0 0 211b8 2
3 0 0 211bc 2
2 0 0 1ac8 2
2 0 0 211b8 2
2 0 0 211bc 2
2 0 0 1f8c 2
3 0 0 211b0 2
3 0 0 211b4 2
3 0 0 211b8 2
3 0 0 211bc 2
2 0 0 211b0 2
2 0 0 211b4 2
2 0 0 211b8 2
2 0 0 211bc 2
2 0 0 2bc8 2
2 0 0 2bcc 2
2 0 0 211c0 2
2 0 0 211c4 2
2 0 0 211c8 2
2 0 0 211cc 2
2 0 0 211d0 2
2 0 0 211d4 2
3 0 0 211d0 2
3 0 0 211d4 2
2 0 0 1ac8 2
2 0 0 211d0 2
2 0 0 211d4 2
2 0 0 1f8c 2
3 0 0 211c8 2
3 0 0 211cc 2
3 0 0 211d0 2
3 0 0 211d4 2
2 0 0 211c8 2
2 0 0 211cc 2
2 0 0 211d0 2
2 0 0 211d4 2
3 0 0 211d0 2
3 0 0 211d4 2
2 0 0 23bc 2
2 0 0 211d0 2
2 0 0 211d4 2
2 0 0 1f8c 2
3 0 0 211c8 2
3 0 0 211cc 2
3 0 0 211d0 2
3 0 0 211d4 2
2 0 0 211c8 2
2 0 0 211cc 2
2 0 0 211d0 2
2 0 0 211d4 2
2 0 0 211dc 2
2 0 0 211e0 2
2 0 0 211e4 2
2 0 0 211e8 2
2 0 0 211ec 2
2 0 0 211f0 2
2 0 0 211f4 2
2 0 0 211f8 2
2 0 0 211fc 2
3 0 0 211f8 2
3 0 0 211fc 2
2 0 0 23bc 2
2 0 0 211f8 2
2 0 0 211fc 2
2 0 0 21200 2
2 0 0 21204 2
2 0 0 21208 2
2 0 0 2120c 2
2 0 0 21210 2
2 0 0 21214 2
2 0 0 21218 2
2 0 0 2121c 2
2 0 0 58c 2
3 0 0 2007c 2
2 0 0 584 2
2 0 0 20090 2
2 0 0 584 2
2 0 0 2009c 2
3 0 0 21200 2
3 0 0 21204 2
3 0 0 21208 2
3 0 0 2120c 2
3 0 0 21210 2
3 0 0 21214 2
3 0 0 21218 2
3 0 0 2121c 2
2 0 0 1658 2
2 0 0 165c 2
2 0 0 1660 2
3 0 0 211f0 2
3 0 0 211f4 2
3 0 0 211f8 2
3 0 0 211fc 2
3 0 0 211e8 2
3 0 0 211ec 2
2 0 0 1d84 2
2 0 0 1d83 0
2 0 0 211e8 2
2 0 0 211ec 2
2 0 0 211f0 2
2 0 0 211f4 2
2 0 0 211f8 2
2 0 0 211fc 2
3 0 0 211d8 2
3 0 0 211dc 2
3 0 0 211e0 2
3 0 0 211e4 2
3 0 0 211e8 2
3 0 0 211ec 2
3 0 0 211f0 2
3 0 0 211f4 2
3 0 0 211f8 2
3 0 0 211fc 2
3 0 0 211d8 2
2 0 0 14b8 2
2 0 0 14cc 2
2 0 0 14d0 2
2 0 0 1f8c 2
3 0 0 211c8 2
3 0 0 211cc 2
3 0 0 211d0 2
3 0 0 211d4 2
2 0 0 211c8 2
2 0 0 211cc 2
2 0 0 211d0 2
2 0 0 211d4 2
2 0 0 1f8c 2
3 0 0 211c8 2
3 0 0 211cc 2
3 0 0 211d0 2
3 0 0 211d4 2
2 0 0 211c8 2
2 0 0 211cc 2
2 0 0 211d0 2
2 0 0 211d4 2
2 0 0 14ec 2
3 0 0 211c0 2
3 0 0 211c4 2
3 0 0 211c8 2
3 0 0 211cc 2
3 0 0 211d0 2
3 0 0 211d4 2
2 0 0 2c18 2
2 0 0 2c1c 2
2 0 0 1f8c 2
3 0 0 211b0 2
3 0 0 211b4 2
3 0 0 211b8 2
3 0 0 211bc 2
2 0 0 211b0 2
2 0 0 211b4 2
2 0 0 211b8 2
2 0 0 211bc 2
2 0 0 2c10 2
2 0 0 2c14 2
3 0 0 211b8 2
3 0 0 211bc 2
2 0 0 1ac8 2
2 0 0 211b8 2
2 0 0 211bc 2
2 0 0 1f8c 2
3 0 0 211b0 2
3 0 0 211b4 2
3 0 0 211b8 2
3 0 0 211bc 2
2 0 0 211b0 2
2 0 0 211b4 2
2 0 0 211b8 2
2 0 0 211bc 2
2 0 0 2c08 2
2 0 0 2c0c 2
3 0 0 211b8 2
3 0 0 211bc 2
2 0 0 1ac8 2
2 0 0 211b8 2
2 0 0 211bc 2
2 0 0 1f8c 2
3 0 0 211b0 2
3 0 0 211b4 2
3 0 0 211b8 2
3 0 0 211bc 2
2 0 0 211b0 2
2 0 0 211b4 2
2 0 0 211b8 2
2 0 0 211bc 2
2 0 0 2c00 2
2 0 0 2c04 2
3 0 0 211b8 2
3 0 0 211bc 2
2 0 0 1ac8 2
2 0 0 211b8 2
2 0 0 211bc 2
2 0 0 1f8c 2
3 0 0 211b0 2
3 0 0 211b4 2
3 0 0 211b8 2
3 0 0 211bc 2
2 0 0 211b0 2
2 0 0 211b4 2
2 0 0 211b8 2
2 0 0 211bc 2
2 0 0 2bf8 2
2 0 0 2bfc 2
3 0 0 211b8 2
3 0 0 211bc 2
2 0 0 1ac8 2
2 0 0 211b8 2
2 0 0 211bc 2
2 0 0 1f8c 2
3 0 0 211b0 2
3 0 0 211b4 2
3 0 0 211b8 2
3 0 0 211bc 2
2 0 0 211b0 2
2 0 0 211b4 2
2 0 0 211b8 2
2 0 0 211bc 2
2 0 0 2bf0 2
2 0 0 2bf4 2
2 0 0 211c0 2
2 0 0 211c4 2
2 0 0 211c8 2
2 0 0 211cc 2
2 0 0 211d0 2
2 0 0 211d4 2
3 0 0 211d0 2
3 0 0 211d4 2
2 0 0 1ac8 2
2 0 0 211d0 2
2 0 0 211d4 2
2 0 0 1f8c 2
3 0 0 211c8 2
3 0 0 211cc 2
3 0 0 211d0 2
3 0 0 211d4 2
2 0 0 211c8 2
2 0 0 211cc 2
2 0 0 211d0 2
2 0 0 211d4 2
2 0 0 14f0 2
3 0 0 211c0 2
3 0 0 211c4 2
3 0 0 211c8 2
3 0 0 211cc 2
3 0 0 211d0 2
3 0 0 211d4 2
2 0 0 2be8 2
2 0 0 2bec 2
2 0 0 1f8c 2
3 0 0 211b0 2
3 0 0 211b4 2
3 0 0 211b8 2
3 0 0 211bc 2
2 0 0 211b0 2
2 0 0 211b4 2
2 0 0 211b8 2
2 0 0 211bc 2
2 0 0 2be0 2
2 0 0 2be4 2
3 0 0 211b8 2
3 0 0 211bc 2
2 0 0 1ac8 2
2 0 0 211b8 2
2 0 0 211bc 2
2 0 0 1f8c 2
3 0 0 211b0 2
3 0 0 211b4 2
3 0 0 211b8 2
3 0 0 211bc 2
2 0 0 211b0 2
2 0 0 211b4 2
2 0 0 211b8 2
2 0 0 211bc 2
2 0 0 2bd8 2
2 0 0 2bdc 2
3 0 0 211b8 2
3 0 0 211bc 2
2 0 0 1ac8 2
2 0 0 211b8 2
2 0 0 211bc 2
2 0 0 1f8c 2
3 0 0 211b0 2
3 0 0 211b4 2
3 0 0 211b8 2
3 0 0 211bc 2
2 0 0 211b0 2
2 0 0 211b4 2
2 0 0 211b8 2
2 0 0 211bc 2
2 0 0 2bd0 2
2 0 0 2bd4 2
3 0 0 211b8 2
3 0 0 211bc 2
2 0 0 1ac8 2
2 0 0 211b8 2
2 0 0 211bc 2
2 0 0 1f8c 2
3 0 0 211b0 2
3 0 0 211b4 2
3 0 0 211b8 2
3 0 0 211bc 2
2 0 0 211b0 2
2 0 0 211b4 2
2 0 0 211b8 2
2 0 0 211bc 2
2 0 0 2bc8 2
2 0 0 2bcc 2
2 0 0 211c0 2
2 0 0 211c4 2
2 0 0 211c8 2
2 0 0 211cc 2
2 0 0 211d0 2
2 0 0 211d4 2
3 0 0 211d0 2
3 0 0 211d4 2
2 0 0 1ac8 2
2 0 0 211d0 2
2 0 0 211d4 2
2 0 0 1f8c 2
3 0 0 211c8 2
3 0 0 211cc 2
3 0 0 211d0 2
3 0 0 211d4 2
2 0 0 211c8 2
2 0 0 211cc 2
2 0 0 211d0 2
2 0 0 211d4 2
3 0 0 211d0 2
3 0 0 211d4 2
2 0 0 23bc 2
2 0 0 211d0 2
2 0 0 211d4 2
2 0 0 1f8c 2
3 0 0 211c8 2
3 0 0 211cc 2
3 0 0 211d0 2
3 0 0 211d4 2
2 0 0 211c8 2
2 0 0 211cc 2
2 0 0 211d0 2
2 0 0 211d4 2
2 0 0 211dc 2
2 0 0 211e0 2
2 0 0 211e4 2
2 0 0 211e8 2
2 0 0 211ec 2
2 0 0 211f0 2
2 0 0 211f4 2
2 0 0 211f8 2
2 0 0 211fc 2
3 0 0 211f8 2
3 0 0 211fc 2
2 0 0 23bc 2
2 0 0 211f8 2
2 0 0 211fc 2
2 0 0 21200 2
2 0 0 21204 2
2 0 0 21208 2
2 0 0 2120c 2
2 0 0 21210 2
2 0 0 21214 2
2 0 0 21218 2
2 0 0 2121c 2
2 0 0 590 2
3 0 0 20084 2
2 0 0 21220 2
2 0 0 21224 2
2 0 0 21228 2
2 0 0 2122c 2
2 0 0 21230 2
2 0 0 21234 2
2 0 0 21238 2
2 0 0 2123c 2
2 0 0 1808 0
3 0 0 0 0
