gcc -D_FORTIFY_SOURCE=2 -D_GNU_SOURCE -D_FILE_OFFSET_BITS=64 -D_LARGEFILE_SOURCE -Wstrict-prototypes -Wredundant-decls -Wall -Wundef -Wwrite-strings -Wmissing-prototypes -fno-strict-aliasing -c -o /tmp/qemu-conf-5095-59995-21980.o /tmp/qemu-conf-27840-59995-22784.c
/tmp/qemu-conf-27840-59995-22784.c:2:2: error: #error Not defined
gcc -D_FORTIFY_SOURCE=2 -D_GNU_SOURCE -D_FILE_OFFSET_BITS=64 -D_LARGEFILE_SOURCE -Wstrict-prototypes -Wredundant-decls -Wall -Wundef -Wwrite-strings -Wmissing-prototypes -fno-strict-aliasing -c -o /tmp/qemu-conf-5095-59995-21980.o /tmp/qemu-conf-27840-59995-22784.c
gcc -D_FORTIFY_SOURCE=2 -D_GNU_SOURCE -D_FILE_OFFSET_BITS=64 -D_LARGEFILE_SOURCE -Wstrict-prototypes -Wredundant-decls -Wall -Wundef -Wwrite-strings -Wmissing-prototypes -fno-strict-aliasing -c -o /tmp/qemu-conf-5095-59995-21980.o /tmp/qemu-conf-27840-59995-22784.c
gcc -m64 -D_FORTIFY_SOURCE=2 -D_GNU_SOURCE -D_FILE_OFFSET_BITS=64 -D_LARGEFILE_SOURCE -Wstrict-prototypes -Wredundant-decls -Wall -Wundef -Wwrite-strings -Wmissing-prototypes -fno-strict-aliasing -c -o /tmp/qemu-conf-5095-59995-21980.o /tmp/qemu-conf-27840-59995-22784.c
/tmp/qemu-conf-27840-59995-22784.c: In function ‘main’:
/tmp/qemu-conf-27840-59995-22784.c:1: warning: control reaches end of non-void function
gcc -m64 -D_FORTIFY_SOURCE=2 -D_GNU_SOURCE -D_FILE_OFFSET_BITS=64 -D_LARGEFILE_SOURCE -Wstrict-prototypes -Wredundant-decls -Wall -Wundef -Wwrite-strings -Wmissing-prototypes -fno-strict-aliasing -Werror -m64 -D_FORTIFY_SOURCE=2 -D_GNU_SOURCE -D_FILE_OFFSET_BITS=64 -D_LARGEFILE_SOURCE -Wstrict-prototypes -Wredundant-decls -Wall -Wundef -Wwrite-strings -Wmissing-prototypes -fno-strict-aliasing -o /tmp/qemu-conf-27913-59995-2394.exe /tmp/qemu-conf-27840-59995-22784.c -m64 -g -Werror -fstack-protector-all
gcc -m64 -D_FORTIFY_SOURCE=2 -D_GNU_SOURCE -D_FILE_OFFSET_BITS=64 -D_LARGEFILE_SOURCE -Wstrict-prototypes -Wredundant-decls -Wall -Wundef -Wwrite-strings -Wmissing-prototypes -fno-strict-aliasing -fstack-protector-all -Werror -m64 -D_FORTIFY_SOURCE=2 -D_GNU_SOURCE -D_FILE_OFFSET_BITS=64 -D_LARGEFILE_SOURCE -Wstrict-prototypes -Wredundant-decls -Wall -Wundef -Wwrite-strings -Wmissing-prototypes -fno-strict-aliasing -fstack-protector-all -o /tmp/qemu-conf-27913-59995-2394.exe /tmp/qemu-conf-27840-59995-22784.c -m64 -g -Werror -Wendif-labels
gcc -m64 -D_FORTIFY_SOURCE=2 -D_GNU_SOURCE -D_FILE_OFFSET_BITS=64 -D_LARGEFILE_SOURCE -Wstrict-prototypes -Wredundant-decls -Wall -Wundef -Wwrite-strings -Wmissing-prototypes -fno-strict-aliasing -fstack-protector-all -Wendif-labels -Werror -m64 -D_FORTIFY_SOURCE=2 -D_GNU_SOURCE -D_FILE_OFFSET_BITS=64 -D_LARGEFILE_SOURCE -Wstrict-prototypes -Wredundant-decls -Wall -Wundef -Wwrite-strings -Wmissing-prototypes -fno-strict-aliasing -fstack-protector-all -Wendif-labels -o /tmp/qemu-conf-27913-59995-2394.exe /tmp/qemu-conf-27840-59995-22784.c -m64 -g -Werror -Wmissing-include-dirs
gcc -m64 -D_FORTIFY_SOURCE=2 -D_GNU_SOURCE -D_FILE_OFFSET_BITS=64 -D_LARGEFILE_SOURCE -Wstrict-prototypes -Wredundant-decls -Wall -Wundef -Wwrite-strings -Wmissing-prototypes -fno-strict-aliasing -fstack-protector-all -Wendif-labels -Wmissing-include-dirs -Werror -m64 -D_FORTIFY_SOURCE=2 -D_GNU_SOURCE -D_FILE_OFFSET_BITS=64 -D_LARGEFILE_SOURCE -Wstrict-prototypes -Wredundant-decls -Wall -Wundef -Wwrite-strings -Wmissing-prototypes -fno-strict-aliasing -fstack-protector-all -Wendif-labels -Wmissing-include-dirs -o /tmp/qemu-conf-27913-59995-2394.exe /tmp/qemu-conf-27840-59995-22784.c -m64 -g -Werror -Wempty-body
gcc -m64 -D_FORTIFY_SOURCE=2 -D_GNU_SOURCE -D_FILE_OFFSET_BITS=64 -D_LARGEFILE_SOURCE -Wstrict-prototypes -Wredundant-decls -Wall -Wundef -Wwrite-strings -Wmissing-prototypes -fno-strict-aliasing -fstack-protector-all -Wendif-labels -Wmissing-include-dirs -Wempty-body -Werror -m64 -D_FORTIFY_SOURCE=2 -D_GNU_SOURCE -D_FILE_OFFSET_BITS=64 -D_LARGEFILE_SOURCE -Wstrict-prototypes -Wredundant-decls -Wall -Wundef -Wwrite-strings -Wmissing-prototypes -fno-strict-aliasing -fstack-protector-all -Wendif-labels -Wmissing-include-dirs -Wempty-body -o /tmp/qemu-conf-27913-59995-2394.exe /tmp/qemu-conf-27840-59995-22784.c -m64 -g -Werror -Wnested-externs
gcc -m64 -D_FORTIFY_SOURCE=2 -D_GNU_SOURCE -D_FILE_OFFSET_BITS=64 -D_LARGEFILE_SOURCE -Wstrict-prototypes -Wredundant-decls -Wall -Wundef -Wwrite-strings -Wmissing-prototypes -fno-strict-aliasing -fstack-protector-all -Wendif-labels -Wmissing-include-dirs -Wempty-body -Wnested-externs -Werror -m64 -D_FORTIFY_SOURCE=2 -D_GNU_SOURCE -D_FILE_OFFSET_BITS=64 -D_LARGEFILE_SOURCE -Wstrict-prototypes -Wredundant-decls -Wall -Wundef -Wwrite-strings -Wmissing-prototypes -fno-strict-aliasing -fstack-protector-all -Wendif-labels -Wmissing-include-dirs -Wempty-body -Wnested-externs -o /tmp/qemu-conf-27913-59995-2394.exe /tmp/qemu-conf-27840-59995-22784.c -m64 -g -Werror -Wformat-security
gcc -m64 -D_FORTIFY_SOURCE=2 -D_GNU_SOURCE -D_FILE_OFFSET_BITS=64 -D_LARGEFILE_SOURCE -Wstrict-prototypes -Wredundant-decls -Wall -Wundef -Wwrite-strings -Wmissing-prototypes -fno-strict-aliasing -fstack-protector-all -Wendif-labels -Wmissing-include-dirs -Wempty-body -Wnested-externs -Wformat-security -Werror -m64 -D_FORTIFY_SOURCE=2 -D_GNU_SOURCE -D_FILE_OFFSET_BITS=64 -D_LARGEFILE_SOURCE -Wstrict-prototypes -Wredundant-decls -Wall -Wundef -Wwrite-strings -Wmissing-prototypes -fno-strict-aliasing -fstack-protector-all -Wendif-labels -Wmissing-include-dirs -Wempty-body -Wnested-externs -Wformat-security -o /tmp/qemu-conf-27913-59995-2394.exe /tmp/qemu-conf-27840-59995-22784.c -m64 -g -Werror -Wformat-y2k
gcc -m64 -D_FORTIFY_SOURCE=2 -D_GNU_SOURCE -D_FILE_OFFSET_BITS=64 -D_LARGEFILE_SOURCE -Wstrict-prototypes -Wredundant-decls -Wall -Wundef -Wwrite-strings -Wmissing-prototypes -fno-strict-aliasing -fstack-protector-all -Wendif-labels -Wmissing-include-dirs -Wempty-body -Wnested-externs -Wformat-security -Wformat-y2k -Werror -m64 -D_FORTIFY_SOURCE=2 -D_GNU_SOURCE -D_FILE_OFFSET_BITS=64 -D_LARGEFILE_SOURCE -Wstrict-prototypes -Wredundant-decls -Wall -Wundef -Wwrite-strings -Wmissing-prototypes -fno-strict-aliasing -fstack-protector-all -Wendif-labels -Wmissing-include-dirs -Wempty-body -Wnested-externs -Wformat-security -Wformat-y2k -o /tmp/qemu-conf-27913-59995-2394.exe /tmp/qemu-conf-27840-59995-22784.c -m64 -g -Werror -Winit-self
gcc -m64 -D_FORTIFY_SOURCE=2 -D_GNU_SOURCE -D_FILE_OFFSET_BITS=64 -D_LARGEFILE_SOURCE -Wstrict-prototypes -Wredundant-decls -Wall -Wundef -Wwrite-strings -Wmissing-prototypes -fno-strict-aliasing -fstack-protector-all -Wendif-labels -Wmissing-include-dirs -Wempty-body -Wnested-externs -Wformat-security -Wformat-y2k -Winit-self -Werror -m64 -D_FORTIFY_SOURCE=2 -D_GNU_SOURCE -D_FILE_OFFSET_BITS=64 -D_LARGEFILE_SOURCE -Wstrict-prototypes -Wredundant-decls -Wall -Wundef -Wwrite-strings -Wmissing-prototypes -fno-strict-aliasing -fstack-protector-all -Wendif-labels -Wmissing-include-dirs -Wempty-body -Wnested-externs -Wformat-security -Wformat-y2k -Winit-self -o /tmp/qemu-conf-27913-59995-2394.exe /tmp/qemu-conf-27840-59995-22784.c -m64 -g -Werror -Wignored-qualifiers
gcc -m64 -D_FORTIFY_SOURCE=2 -D_GNU_SOURCE -D_FILE_OFFSET_BITS=64 -D_LARGEFILE_SOURCE -Wstrict-prototypes -Wredundant-decls -Wall -Wundef -Wwrite-strings -Wmissing-prototypes -fno-strict-aliasing -fstack-protector-all -Wendif-labels -Wmissing-include-dirs -Wempty-body -Wnested-externs -Wformat-security -Wformat-y2k -Winit-self -Wignored-qualifiers -Werror -m64 -D_FORTIFY_SOURCE=2 -D_GNU_SOURCE -D_FILE_OFFSET_BITS=64 -D_LARGEFILE_SOURCE -Wstrict-prototypes -Wredundant-decls -Wall -Wundef -Wwrite-strings -Wmissing-prototypes -fno-strict-aliasing -fstack-protector-all -Wendif-labels -Wmissing-include-dirs -Wempty-body -Wnested-externs -Wformat-security -Wformat-y2k -Winit-self -Wignored-qualifiers -o /tmp/qemu-conf-27913-59995-2394.exe /tmp/qemu-conf-27840-59995-22784.c -m64 -g -Werror -Wold-style-declaration
gcc -m64 -D_FORTIFY_SOURCE=2 -D_GNU_SOURCE -D_FILE_OFFSET_BITS=64 -D_LARGEFILE_SOURCE -Wstrict-prototypes -Wredundant-decls -Wall -Wundef -Wwrite-strings -Wmissing-prototypes -fno-strict-aliasing -fstack-protector-all -Wendif-labels -Wmissing-include-dirs -Wempty-body -Wnested-externs -Wformat-security -Wformat-y2k -Winit-self -Wignored-qualifiers -Wold-style-declaration -Werror -m64 -D_FORTIFY_SOURCE=2 -D_GNU_SOURCE -D_FILE_OFFSET_BITS=64 -D_LARGEFILE_SOURCE -Wstrict-prototypes -Wredundant-decls -Wall -Wundef -Wwrite-strings -Wmissing-prototypes -fno-strict-aliasing -fstack-protector-all -Wendif-labels -Wmissing-include-dirs -Wempty-body -Wnested-externs -Wformat-security -Wformat-y2k -Winit-self -Wignored-qualifiers -Wold-style-declaration -o /tmp/qemu-conf-27913-59995-2394.exe /tmp/qemu-conf-27840-59995-22784.c -m64 -g -Werror -Wold-style-definition
gcc -m64 -D_FORTIFY_SOURCE=2 -D_GNU_SOURCE -D_FILE_OFFSET_BITS=64 -D_LARGEFILE_SOURCE -Wstrict-prototypes -Wredundant-decls -Wall -Wundef -Wwrite-strings -Wmissing-prototypes -fno-strict-aliasing -fstack-protector-all -Wendif-labels -Wmissing-include-dirs -Wempty-body -Wnested-externs -Wformat-security -Wformat-y2k -Winit-self -Wignored-qualifiers -Wold-style-declaration -Wold-style-definition -Werror -m64 -D_FORTIFY_SOURCE=2 -D_GNU_SOURCE -D_FILE_OFFSET_BITS=64 -D_LARGEFILE_SOURCE -Wstrict-prototypes -Wredundant-decls -Wall -Wundef -Wwrite-strings -Wmissing-prototypes -fno-strict-aliasing -fstack-protector-all -Wendif-labels -Wmissing-include-dirs -Wempty-body -Wnested-externs -Wformat-security -Wformat-y2k -Winit-self -Wignored-qualifiers -Wold-style-declaration -Wold-style-definition -o /tmp/qemu-conf-27913-59995-2394.exe /tmp/qemu-conf-27840-59995-22784.c -m64 -g -Werror -Wtype-limits
gcc -m64 -D_FORTIFY_SOURCE=2 -D_GNU_SOURCE -D_FILE_OFFSET_BITS=64 -D_LARGEFILE_SOURCE -Wstrict-prototypes -Wredundant-decls -Wall -Wundef -Wwrite-strings -Wmissing-prototypes -fno-strict-aliasing -fstack-protector-all -Wendif-labels -Wmissing-include-dirs -Wempty-body -Wnested-externs -Wformat-security -Wformat-y2k -Winit-self -Wignored-qualifiers -Wold-style-declaration -Wold-style-definition -Wtype-limits -o /tmp/qemu-conf-27913-59995-2394.exe /tmp/qemu-conf-27840-59995-22784.c -m64 -g
gcc -m64 -D_FORTIFY_SOURCE=2 -D_GNU_SOURCE -D_FILE_OFFSET_BITS=64 -D_LARGEFILE_SOURCE -Wstrict-prototypes -Wredundant-decls -Wall -Wundef -Wwrite-strings -Wmissing-prototypes -fno-strict-aliasing -fstack-protector-all -Wendif-labels -Wmissing-include-dirs -Wempty-body -Wnested-externs -Wformat-security -Wformat-y2k -Winit-self -Wignored-qualifiers -Wold-style-declaration -Wold-style-definition -Wtype-limits -c -o /tmp/qemu-conf-5095-59995-21980.o /tmp/qemu-conf-27840-59995-22784.c
gcc -m64 -D_FORTIFY_SOURCE=2 -D_GNU_SOURCE -D_FILE_OFFSET_BITS=64 -D_LARGEFILE_SOURCE -Wstrict-prototypes -Wredundant-decls -Wall -Wundef -Wwrite-strings -Wmissing-prototypes -fno-strict-aliasing -fstack-protector-all -Wendif-labels -Wmissing-include-dirs -Wempty-body -Wnested-externs -Wformat-security -Wformat-y2k -Winit-self -Wignored-qualifiers -Wold-style-declaration -Wold-style-definition -Wtype-limits -c -o /tmp/qemu-conf-5095-59995-21980.o /tmp/qemu-conf-27840-59995-22784.c
/tmp/qemu-conf-27840-59995-22784.c:4: warning: function declaration isn’t a prototype
/tmp/qemu-conf-27840-59995-22784.c: In function ‘foo’:
/tmp/qemu-conf-27840-59995-22784.c:3: warning: old-style function definition
gcc -m64 -D_FORTIFY_SOURCE=2 -D_GNU_SOURCE -D_FILE_OFFSET_BITS=64 -D_LARGEFILE_SOURCE -Wstrict-prototypes -Wredundant-decls -Wall -Wundef -Wwrite-strings -Wmissing-prototypes -fno-strict-aliasing -fstack-protector-all -Wendif-labels -Wmissing-include-dirs -Wempty-body -Wnested-externs -Wformat-security -Wformat-y2k -Winit-self -Wignored-qualifiers -Wold-style-declaration -Wold-style-definition -Wtype-limits -o /tmp/qemu-conf-27913-59995-2394.exe /tmp/qemu-conf-27840-59995-22784.c -m64 -g -lz
gcc -m64 -D_FORTIFY_SOURCE=2 -D_GNU_SOURCE -D_FILE_OFFSET_BITS=64 -D_LARGEFILE_SOURCE -Wstrict-prototypes -Wredundant-decls -Wall -Wundef -Wwrite-strings -Wmissing-prototypes -fno-strict-aliasing -fstack-protector-all -Wendif-labels -Wmissing-include-dirs -Wempty-body -Wnested-externs -Wformat-security -Wformat-y2k -Winit-self -Wignored-qualifiers -Wold-style-declaration -Wold-style-definition -Wtype-limits -o /tmp/qemu-conf-27913-59995-2394.exe /tmp/qemu-conf-27840-59995-22784.c -m64 -g -lxenstore -lxenctrl -lxenguest
/tmp/qemu-conf-27840-59995-22784.c:1:21: error: xenctrl.h: No such file or directory
/tmp/qemu-conf-27840-59995-22784.c:2:16: error: xs.h: No such file or directory
/tmp/qemu-conf-27840-59995-22784.c:4:36: error: xen/hvm/hvm_info_table.h: No such file or directory
/tmp/qemu-conf-27840-59995-22784.c:6:3: error: #error HVM_MAX_VCPUS not defined
/tmp/qemu-conf-27840-59995-22784.c: In function ‘main’:
/tmp/qemu-conf-27840-59995-22784.c:9: error: ‘xc_interface’ undeclared (first use in this function)
/tmp/qemu-conf-27840-59995-22784.c:9: error: (Each undeclared identifier is reported only once
/tmp/qemu-conf-27840-59995-22784.c:9: error: for each function it appears in.)
/tmp/qemu-conf-27840-59995-22784.c:9: error: ‘xc’ undeclared (first use in this function)
/tmp/qemu-conf-27840-59995-22784.c:10: warning: implicit declaration of function ‘xs_daemon_open’
/tmp/qemu-conf-27840-59995-22784.c:10: warning: nested extern declaration of ‘xs_daemon_open’
/tmp/qemu-conf-27840-59995-22784.c:11: warning: implicit declaration of function ‘xc_interface_open’
/tmp/qemu-conf-27840-59995-22784.c:11: warning: nested extern declaration of ‘xc_interface_open’
/tmp/qemu-conf-27840-59995-22784.c:12: warning: implicit declaration of function ‘xc_hvm_set_mem_type’
/tmp/qemu-conf-27840-59995-22784.c:12: warning: nested extern declaration of ‘xc_hvm_set_mem_type’
/tmp/qemu-conf-27840-59995-22784.c:12: error: ‘HVMMEM_ram_ro’ undeclared (first use in this function)
/tmp/qemu-conf-27840-59995-22784.c:13: warning: implicit declaration of function ‘xc_gnttab_open’
/tmp/qemu-conf-27840-59995-22784.c:13: warning: nested extern declaration of ‘xc_gnttab_open’
/tmp/qemu-conf-27840-59995-22784.c:13: error: ‘NULL’ undeclared (first use in this function)
/tmp/qemu-conf-27840-59995-22784.c:14: warning: implicit declaration of function ‘xc_domain_add_to_physmap’
/tmp/qemu-conf-27840-59995-22784.c:14: warning: nested extern declaration of ‘xc_domain_add_to_physmap’
/tmp/qemu-conf-27840-59995-22784.c:14: error: ‘XENMAPSPACE_gmfn’ undeclared (first use in this function)
gcc -m64 -D_FORTIFY_SOURCE=2 -D_GNU_SOURCE -D_FILE_OFFSET_BITS=64 -D_LARGEFILE_SOURCE -Wstrict-prototypes -Wredundant-decls -Wall -Wundef -Wwrite-strings -Wmissing-prototypes -fno-strict-aliasing -fstack-protector-all -Wendif-labels -Wmissing-include-dirs -Wempty-body -Wnested-externs -Wformat-security -Wformat-y2k -Winit-self -Wignored-qualifiers -Wold-style-declaration -Wold-style-definition -Wtype-limits -o /tmp/qemu-conf-27913-59995-2394.exe /tmp/qemu-conf-27840-59995-22784.c -m64 -g -lxenstore -lxenctrl -lxenguest
/tmp/qemu-conf-27840-59995-22784.c:1:21: error: xenctrl.h: No such file or directory
/tmp/qemu-conf-27840-59995-22784.c:2:16: error: xs.h: No such file or directory
/tmp/qemu-conf-27840-59995-22784.c:4:36: error: xen/hvm/hvm_info_table.h: No such file or directory
/tmp/qemu-conf-27840-59995-22784.c:6:3: error: #error HVM_MAX_VCPUS not defined
/tmp/qemu-conf-27840-59995-22784.c: In function ‘main’:
/tmp/qemu-conf-27840-59995-22784.c:9: error: variable ‘xatp’ has initializer but incomplete type
/tmp/qemu-conf-27840-59995-22784.c:10: error: unknown field ‘domid’ specified in initializer
/tmp/qemu-conf-27840-59995-22784.c:10: warning: excess elements in struct initializer
/tmp/qemu-conf-27840-59995-22784.c:10: warning: (near initialization for ‘xatp’)
/tmp/qemu-conf-27840-59995-22784.c:10: error: unknown field ‘space’ specified in initializer
/tmp/qemu-conf-27840-59995-22784.c:10: error: ‘XENMAPSPACE_gmfn’ undeclared (first use in this function)
/tmp/qemu-conf-27840-59995-22784.c:10: error: (Each undeclared identifier is reported only once
/tmp/qemu-conf-27840-59995-22784.c:10: error: for each function it appears in.)
/tmp/qemu-conf-27840-59995-22784.c:10: warning: excess elements in struct initializer
/tmp/qemu-conf-27840-59995-22784.c:10: warning: (near initialization for ‘xatp’)
/tmp/qemu-conf-27840-59995-22784.c:10: error: unknown field ‘idx’ specified in initializer
/tmp/qemu-conf-27840-59995-22784.c:10: warning: excess elements in struct initializer
/tmp/qemu-conf-27840-59995-22784.c:10: warning: (near initialization for ‘xatp’)
/tmp/qemu-conf-27840-59995-22784.c:10: error: unknown field ‘gpfn’ specified in initializer
/tmp/qemu-conf-27840-59995-22784.c:10: warning: excess elements in struct initializer
/tmp/qemu-conf-27840-59995-22784.c:10: warning: (near initialization for ‘xatp’)
/tmp/qemu-conf-27840-59995-22784.c:9: error: storage size of ‘xatp’ isn’t known
/tmp/qemu-conf-27840-59995-22784.c:12: warning: implicit declaration of function ‘xs_daemon_open’
/tmp/qemu-conf-27840-59995-22784.c:12: warning: nested extern declaration of ‘xs_daemon_open’
/tmp/qemu-conf-27840-59995-22784.c:13: warning: implicit declaration of function ‘xc_interface_open’
/tmp/qemu-conf-27840-59995-22784.c:13: warning: nested extern declaration of ‘xc_interface_open’
/tmp/qemu-conf-27840-59995-22784.c:14: warning: implicit declaration of function ‘xc_gnttab_open’
/tmp/qemu-conf-27840-59995-22784.c:14: warning: nested extern declaration of ‘xc_gnttab_open’
/tmp/qemu-conf-27840-59995-22784.c:15: warning: implicit declaration of function ‘xc_hvm_set_mem_type’
/tmp/qemu-conf-27840-59995-22784.c:15: warning: nested extern declaration of ‘xc_hvm_set_mem_type’
/tmp/qemu-conf-27840-59995-22784.c:15: error: ‘HVMMEM_ram_ro’ undeclared (first use in this function)
/tmp/qemu-conf-27840-59995-22784.c:16: warning: implicit declaration of function ‘xc_memory_op’
/tmp/qemu-conf-27840-59995-22784.c:16: warning: nested extern declaration of ‘xc_memory_op’
/tmp/qemu-conf-27840-59995-22784.c:16: error: ‘XENMEM_add_to_physmap’ undeclared (first use in this function)
/tmp/qemu-conf-27840-59995-22784.c:9: warning: unused variable ‘xatp’
gcc -m64 -D_FORTIFY_SOURCE=2 -D_GNU_SOURCE -D_FILE_OFFSET_BITS=64 -D_LARGEFILE_SOURCE -Wstrict-prototypes -Wredundant-decls -Wall -Wundef -Wwrite-strings -Wmissing-prototypes -fno-strict-aliasing -fstack-protector-all -Wendif-labels -Wmissing-include-dirs -Wempty-body -Wnested-externs -Wformat-security -Wformat-y2k -Winit-self -Wignored-qualifiers -Wold-style-declaration -Wold-style-definition -Wtype-limits -o /tmp/qemu-conf-27913-59995-2394.exe /tmp/qemu-conf-27840-59995-22784.c -m64 -g -lxenstore -lxenctrl -lxenguest
/tmp/qemu-conf-27840-59995-22784.c:1:21: error: xenctrl.h: No such file or directory
/tmp/qemu-conf-27840-59995-22784.c:2:16: error: xs.h: No such file or directory
/tmp/qemu-conf-27840-59995-22784.c: In function ‘main’:
/tmp/qemu-conf-27840-59995-22784.c:4: error: variable ‘xatp’ has initializer but incomplete type
/tmp/qemu-conf-27840-59995-22784.c:5: error: unknown field ‘domid’ specified in initializer
/tmp/qemu-conf-27840-59995-22784.c:5: warning: excess elements in struct initializer
/tmp/qemu-conf-27840-59995-22784.c:5: warning: (near initialization for ‘xatp’)
/tmp/qemu-conf-27840-59995-22784.c:5: error: unknown field ‘space’ specified in initializer
/tmp/qemu-conf-27840-59995-22784.c:5: error: ‘XENMAPSPACE_gmfn’ undeclared (first use in this function)
/tmp/qemu-conf-27840-59995-22784.c:5: error: (Each undeclared identifier is reported only once
/tmp/qemu-conf-27840-59995-22784.c:5: error: for each function it appears in.)
/tmp/qemu-conf-27840-59995-22784.c:5: warning: excess elements in struct initializer
/tmp/qemu-conf-27840-59995-22784.c:5: warning: (near initialization for ‘xatp’)
/tmp/qemu-conf-27840-59995-22784.c:5: error: unknown field ‘idx’ specified in initializer
/tmp/qemu-conf-27840-59995-22784.c:5: warning: excess elements in struct initializer
/tmp/qemu-conf-27840-59995-22784.c:5: warning: (near initialization for ‘xatp’)
/tmp/qemu-conf-27840-59995-22784.c:5: error: unknown field ‘gpfn’ specified in initializer
/tmp/qemu-conf-27840-59995-22784.c:5: warning: excess elements in struct initializer
/tmp/qemu-conf-27840-59995-22784.c:5: warning: (near initialization for ‘xatp’)
/tmp/qemu-conf-27840-59995-22784.c:4: error: storage size of ‘xatp’ isn’t known
/tmp/qemu-conf-27840-59995-22784.c:7: warning: implicit declaration of function ‘xs_daemon_open’
/tmp/qemu-conf-27840-59995-22784.c:7: warning: nested extern declaration of ‘xs_daemon_open’
/tmp/qemu-conf-27840-59995-22784.c:8: warning: implicit declaration of function ‘xc_interface_open’
/tmp/qemu-conf-27840-59995-22784.c:8: warning: nested extern declaration of ‘xc_interface_open’
/tmp/qemu-conf-27840-59995-22784.c:9: warning: implicit declaration of function ‘xc_gnttab_open’
/tmp/qemu-conf-27840-59995-22784.c:9: warning: nested extern declaration of ‘xc_gnttab_open’
/tmp/qemu-conf-27840-59995-22784.c:10: warning: implicit declaration of function ‘xc_hvm_set_mem_type’
/tmp/qemu-conf-27840-59995-22784.c:10: warning: nested extern declaration of ‘xc_hvm_set_mem_type’
/tmp/qemu-conf-27840-59995-22784.c:10: error: ‘HVMMEM_ram_ro’ undeclared (first use in this function)
/tmp/qemu-conf-27840-59995-22784.c:11: warning: implicit declaration of function ‘xc_memory_op’
/tmp/qemu-conf-27840-59995-22784.c:11: warning: nested extern declaration of ‘xc_memory_op’
/tmp/qemu-conf-27840-59995-22784.c:11: error: ‘XENMEM_add_to_physmap’ undeclared (first use in this function)
/tmp/qemu-conf-27840-59995-22784.c:4: warning: unused variable ‘xatp’
gcc -m64 -D_FORTIFY_SOURCE=2 -D_GNU_SOURCE -D_FILE_OFFSET_BITS=64 -D_LARGEFILE_SOURCE -Wstrict-prototypes -Wredundant-decls -Wall -Wundef -Wwrite-strings -Wmissing-prototypes -fno-strict-aliasing -fstack-protector-all -Wendif-labels -Wmissing-include-dirs -Wempty-body -Wnested-externs -Wformat-security -Wformat-y2k -Winit-self -Wignored-qualifiers -Wold-style-declaration -Wold-style-definition -Wtype-limits -o /tmp/qemu-conf-27913-59995-2394.exe /tmp/qemu-conf-27840-59995-22784.c -m64 -g -lxenstore -lxenctrl -lxenguest
/tmp/qemu-conf-27840-59995-22784.c:1:21: error: xenctrl.h: No such file or directory
/tmp/qemu-conf-27840-59995-22784.c:2:16: error: xs.h: No such file or directory
/tmp/qemu-conf-27840-59995-22784.c: In function ‘main’:
/tmp/qemu-conf-27840-59995-22784.c:4: warning: implicit declaration of function ‘xs_daemon_open’
/tmp/qemu-conf-27840-59995-22784.c:4: warning: nested extern declaration of ‘xs_daemon_open’
/tmp/qemu-conf-27840-59995-22784.c:5: warning: implicit declaration of function ‘xc_interface_open’
/tmp/qemu-conf-27840-59995-22784.c:5: warning: nested extern declaration of ‘xc_interface_open’
/tmp/qemu-conf-27840-59995-22784.c:6: warning: implicit declaration of function ‘xc_gnttab_open’
/tmp/qemu-conf-27840-59995-22784.c:6: warning: nested extern declaration of ‘xc_gnttab_open’
/tmp/qemu-conf-27840-59995-22784.c:7: warning: implicit declaration of function ‘xc_hvm_set_mem_type’
/tmp/qemu-conf-27840-59995-22784.c:7: warning: nested extern declaration of ‘xc_hvm_set_mem_type’
/tmp/qemu-conf-27840-59995-22784.c:7: error: ‘HVMMEM_ram_ro’ undeclared (first use in this function)
/tmp/qemu-conf-27840-59995-22784.c:7: error: (Each undeclared identifier is reported only once
/tmp/qemu-conf-27840-59995-22784.c:7: error: for each function it appears in.)
gcc -m64 -D_FORTIFY_SOURCE=2 -D_GNU_SOURCE -D_FILE_OFFSET_BITS=64 -D_LARGEFILE_SOURCE -Wstrict-prototypes -Wredundant-decls -Wall -Wundef -Wwrite-strings -Wmissing-prototypes -fno-strict-aliasing -fstack-protector-all -Wendif-labels -Wmissing-include-dirs -Wempty-body -Wnested-externs -Wformat-security -Wformat-y2k -Winit-self -Wignored-qualifiers -Wold-style-declaration -Wold-style-definition -Wtype-limits -o /tmp/qemu-conf-27913-59995-2394.exe /tmp/qemu-conf-27840-59995-22784.c -m64 -g
/tmp/qemu-conf-27840-59995-22784.c:1:27: error: gnutls/gnutls.h: No such file or directory
/tmp/qemu-conf-27840-59995-22784.c: In function ‘main’:
/tmp/qemu-conf-27840-59995-22784.c:2: error: ‘gnutls_session_t’ undeclared (first use in this function)
/tmp/qemu-conf-27840-59995-22784.c:2: error: (Each undeclared identifier is reported only once
/tmp/qemu-conf-27840-59995-22784.c:2: error: for each function it appears in.)
/tmp/qemu-conf-27840-59995-22784.c:2: error: expected ‘;’ before ‘s’
/tmp/qemu-conf-27840-59995-22784.c:2: warning: implicit declaration of function ‘gnutls_init’
/tmp/qemu-conf-27840-59995-22784.c:2: warning: nested extern declaration of ‘gnutls_init’
/tmp/qemu-conf-27840-59995-22784.c:2: error: ‘s’ undeclared (first use in this function)
/tmp/qemu-conf-27840-59995-22784.c:2: error: ‘GNUTLS_SERVER’ undeclared (first use in this function)
gcc -m64 -D_FORTIFY_SOURCE=2 -D_GNU_SOURCE -D_FILE_OFFSET_BITS=64 -D_LARGEFILE_SOURCE -Wstrict-prototypes -Wredundant-decls -Wall -Wundef -Wwrite-strings -Wmissing-prototypes -fno-strict-aliasing -fstack-protector-all -Wendif-labels -Wmissing-include-dirs -Wempty-body -Wnested-externs -Wformat-security -Wformat-y2k -Winit-self -Wignored-qualifiers -Wold-style-declaration -Wold-style-definition -Wtype-limits -o /tmp/qemu-conf-27913-59995-2394.exe /tmp/qemu-conf-27840-59995-22784.c -m64 -g -lsasl2
/tmp/qemu-conf-27840-59995-22784.c:1:23: error: sasl/sasl.h: No such file or directory
/tmp/qemu-conf-27840-59995-22784.c: In function ‘main’:
/tmp/qemu-conf-27840-59995-22784.c:3: warning: implicit declaration of function ‘sasl_server_init’
/tmp/qemu-conf-27840-59995-22784.c:3: warning: nested extern declaration of ‘sasl_server_init’
gcc -m64 -D_FORTIFY_SOURCE=2 -D_GNU_SOURCE -D_FILE_OFFSET_BITS=64 -D_LARGEFILE_SOURCE -Wstrict-prototypes -Wredundant-decls -Wall -Wundef -Wwrite-strings -Wmissing-prototypes -fno-strict-aliasing -fstack-protector-all -Wendif-labels -Wmissing-include-dirs -Wempty-body -Wnested-externs -Wformat-security -Wformat-y2k -Winit-self -Wignored-qualifiers -Wold-style-declaration -Wold-style-definition -Wtype-limits -o /tmp/qemu-conf-27913-59995-2394.exe /tmp/qemu-conf-27840-59995-22784.c -m64 -g -ljpeg
/tmp/qemu-conf-27840-59995-22784.c:2:21: error: jpeglib.h: No such file or directory
/tmp/qemu-conf-27840-59995-22784.c: In function ‘main’:
/tmp/qemu-conf-27840-59995-22784.c:3: error: storage size of ‘s’ isn’t known
/tmp/qemu-conf-27840-59995-22784.c:3: warning: implicit declaration of function ‘jpeg_create_compress’
/tmp/qemu-conf-27840-59995-22784.c:3: warning: nested extern declaration of ‘jpeg_create_compress’
/tmp/qemu-conf-27840-59995-22784.c:3: warning: unused variable ‘s’
gcc -m64 -D_FORTIFY_SOURCE=2 -D_GNU_SOURCE -D_FILE_OFFSET_BITS=64 -D_LARGEFILE_SOURCE -Wstrict-prototypes -Wredundant-decls -Wall -Wundef -Wwrite-strings -Wmissing-prototypes -fno-strict-aliasing -fstack-protector-all -Wendif-labels -Wmissing-include-dirs -Wempty-body -Wnested-externs -Wformat-security -Wformat-y2k -Winit-self -Wignored-qualifiers -Wold-style-declaration -Wold-style-definition -Wtype-limits -o /tmp/qemu-conf-27913-59995-2394.exe /tmp/qemu-conf-27840-59995-22784.c -m64 -g -lpng
/tmp/qemu-conf-27840-59995-22784.c:2:17: error: png.h: No such file or directory
/tmp/qemu-conf-27840-59995-22784.c: In function ‘main’:
/tmp/qemu-conf-27840-59995-22784.c:5: error: ‘png_structp’ undeclared (first use in this function)
/tmp/qemu-conf-27840-59995-22784.c:5: error: (Each undeclared identifier is reported only once
/tmp/qemu-conf-27840-59995-22784.c:5: error: for each function it appears in.)
/tmp/qemu-conf-27840-59995-22784.c:5: error: expected ‘;’ before ‘png_ptr’
/tmp/qemu-conf-27840-59995-22784.c:6: error: ‘png_ptr’ undeclared (first use in this function)
/tmp/qemu-conf-27840-59995-22784.c:6: warning: implicit declaration of function ‘png_create_write_struct’
/tmp/qemu-conf-27840-59995-22784.c:6: warning: nested extern declaration of ‘png_create_write_struct’
/tmp/qemu-conf-27840-59995-22784.c:6: error: ‘PNG_LIBPNG_VER_STRING’ undeclared (first use in this function)
gcc -m64 -D_FORTIFY_SOURCE=2 -D_GNU_SOURCE -D_FILE_OFFSET_BITS=64 -D_LARGEFILE_SOURCE -Wstrict-prototypes -Wredundant-decls -Wall -Wundef -Wwrite-strings -Wmissing-prototypes -fno-strict-aliasing -fstack-protector-all -Wendif-labels -Wmissing-include-dirs -Wempty-body -Wnested-externs -Wformat-security -Wformat-y2k -Winit-self -Wignored-qualifiers -Wold-style-declaration -Wold-style-definition -Wtype-limits -o /tmp/qemu-conf-27913-59995-2394.exe /tmp/qemu-conf-27840-59995-22784.c -m64 -g
gcc -m64 -D_FORTIFY_SOURCE=2 -D_GNU_SOURCE -D_FILE_OFFSET_BITS=64 -D_LARGEFILE_SOURCE -Wstrict-prototypes -Wredundant-decls -Wall -Wundef -Wwrite-strings -Wmissing-prototypes -fno-strict-aliasing -fstack-protector-all -Wendif-labels -Wmissing-include-dirs -Wempty-body -Wnested-externs -Wformat-security -Wformat-y2k -Winit-self -Wignored-qualifiers -Wold-style-declaration -Wold-style-definition -Wtype-limits -o /tmp/qemu-conf-27913-59995-2394.exe /tmp/qemu-conf-27840-59995-22784.c -m64 -g -luuid
/tmp/qemu-conf-27840-59995-22784.c:1:23: error: uuid/uuid.h: No such file or directory
/tmp/qemu-conf-27840-59995-22784.c: In function ‘main’:
/tmp/qemu-conf-27840-59995-22784.c:4: error: ‘uuid_t’ undeclared (first use in this function)
/tmp/qemu-conf-27840-59995-22784.c:4: error: (Each undeclared identifier is reported only once
/tmp/qemu-conf-27840-59995-22784.c:4: error: for each function it appears in.)
/tmp/qemu-conf-27840-59995-22784.c:4: error: expected ‘;’ before ‘my_uuid’
/tmp/qemu-conf-27840-59995-22784.c:5: warning: implicit declaration of function ‘uuid_generate’
/tmp/qemu-conf-27840-59995-22784.c:5: warning: nested extern declaration of ‘uuid_generate’
/tmp/qemu-conf-27840-59995-22784.c:5: error: ‘my_uuid’ undeclared (first use in this function)
gcc -m64 -D_FORTIFY_SOURCE=2 -D_GNU_SOURCE -D_FILE_OFFSET_BITS=64 -D_LARGEFILE_SOURCE -Wstrict-prototypes -Wredundant-decls -Wall -Wundef -Wwrite-strings -Wmissing-prototypes -fno-strict-aliasing -fstack-protector-all -Wendif-labels -Wmissing-include-dirs -Wempty-body -Wnested-externs -Wformat-security -Wformat-y2k -Winit-self -Wignored-qualifiers -Wold-style-declaration -Wold-style-definition -Wtype-limits -o /tmp/qemu-conf-27913-59995-2394.exe /tmp/qemu-conf-27840-59995-22784.c -m64 -g
/tmp/qemu-conf-27840-59995-22784.c:1:21: error: xfs/xfs.h: No such file or directory
/tmp/qemu-conf-27840-59995-22784.c: In function ‘main’:
/tmp/qemu-conf-27840-59995-22784.c:4: warning: implicit declaration of function ‘xfsctl’
/tmp/qemu-conf-27840-59995-22784.c:4: warning: nested extern declaration of ‘xfsctl’
/tmp/qemu-conf-27840-59995-22784.c:4: error: ‘NULL’ undeclared (first use in this function)
/tmp/qemu-conf-27840-59995-22784.c:4: error: (Each undeclared identifier is reported only once
/tmp/qemu-conf-27840-59995-22784.c:4: error: for each function it appears in.)
gcc -m64 -D_FORTIFY_SOURCE=2 -D_GNU_SOURCE -D_FILE_OFFSET_BITS=64 -D_LARGEFILE_SOURCE -Wstrict-prototypes -Wredundant-decls -Wall -Wundef -Wwrite-strings -Wmissing-prototypes -fno-strict-aliasing -fstack-protector-all -Wendif-labels -Wmissing-include-dirs -Wempty-body -Wnested-externs -Wformat-security -Wformat-y2k -Winit-self -Wignored-qualifiers -Wold-style-declaration -Wold-style-definition -Wtype-limits -o /tmp/qemu-conf-27913-59995-2394.exe /tmp/qemu-conf-27840-59995-22784.c -m64 -g -lvdeplug
/tmp/qemu-conf-27840-59995-22784.c:1:24: error: libvdeplug.h: No such file or directory
/tmp/qemu-conf-27840-59995-22784.c: In function ‘main’:
/tmp/qemu-conf-27840-59995-22784.c:4: error: variable ‘a’ has initializer but incomplete type
/tmp/qemu-conf-27840-59995-22784.c:4: warning: excess elements in struct initializer
/tmp/qemu-conf-27840-59995-22784.c:4: warning: (near initialization for ‘a’)
/tmp/qemu-conf-27840-59995-22784.c:4: warning: excess elements in struct initializer
/tmp/qemu-conf-27840-59995-22784.c:4: warning: (near initialization for ‘a’)
/tmp/qemu-conf-27840-59995-22784.c:4: warning: excess elements in struct initializer
/tmp/qemu-conf-27840-59995-22784.c:4: warning: (near initialization for ‘a’)
/tmp/qemu-conf-27840-59995-22784.c:4: error: storage size of ‘a’ isn’t known
/tmp/qemu-conf-27840-59995-22784.c:5: warning: implicit declaration of function ‘vde_open’
/tmp/qemu-conf-27840-59995-22784.c:5: warning: nested extern declaration of ‘vde_open’
/tmp/qemu-conf-27840-59995-22784.c:4: warning: unused variable ‘a’
gcc -m64 -D_FORTIFY_SOURCE=2 -D_GNU_SOURCE -D_FILE_OFFSET_BITS=64 -D_LARGEFILE_SOURCE -Wstrict-prototypes -Wredundant-decls -Wall -Wundef -Wwrite-strings -Wmissing-prototypes -fno-strict-aliasing -fstack-protector-all -Wendif-labels -Wmissing-include-dirs -Wempty-body -Wnested-externs -Wformat-security -Wformat-y2k -Winit-self -Wignored-qualifiers -Wold-style-declaration -Wold-style-definition -Wtype-limits -o /tmp/qemu-conf-27913-59995-2394.exe /tmp/qemu-conf-27840-59995-22784.c -m64 -g -lbrlapi
/tmp/qemu-conf-27840-59995-22784.c:1:20: error: brlapi.h: No such file or directory
/tmp/qemu-conf-27840-59995-22784.c: In function ‘main’:
/tmp/qemu-conf-27840-59995-22784.c:3: warning: implicit declaration of function ‘brlapi__openConnection’
/tmp/qemu-conf-27840-59995-22784.c:3: warning: nested extern declaration of ‘brlapi__openConnection’
gcc -m64 -D_FORTIFY_SOURCE=2 -D_GNU_SOURCE -D_FILE_OFFSET_BITS=64 -D_LARGEFILE_SOURCE -Wstrict-prototypes -Wredundant-decls -Wall -Wundef -Wwrite-strings -Wmissing-prototypes -fno-strict-aliasing -fstack-protector-all -Wendif-labels -Wmissing-include-dirs -Wempty-body -Wnested-externs -Wformat-security -Wformat-y2k -Winit-self -Wignored-qualifiers -Wold-style-declaration -Wold-style-definition -Wtype-limits -o /tmp/qemu-conf-27913-59995-2394.exe /tmp/qemu-conf-27840-59995-22784.c -m64 -g -lncurses
/tmp/qemu-conf-27840-59995-22784.c:1:20: error: curses.h: No such file or directory
/tmp/qemu-conf-27840-59995-22784.c: In function ‘main’:
/tmp/qemu-conf-27840-59995-22784.c:5: warning: implicit declaration of function ‘resize_term’
/tmp/qemu-conf-27840-59995-22784.c:5: warning: nested extern declaration of ‘resize_term’
/tmp/qemu-conf-27840-59995-22784.c:5: warning: implicit declaration of function ‘curses_version’
/tmp/qemu-conf-27840-59995-22784.c:5: warning: nested extern declaration of ‘curses_version’
gcc -m64 -D_FORTIFY_SOURCE=2 -D_GNU_SOURCE -D_FILE_OFFSET_BITS=64 -D_LARGEFILE_SOURCE -Wstrict-prototypes -Wredundant-decls -Wall -Wundef -Wwrite-strings -Wmissing-prototypes -fno-strict-aliasing -fstack-protector-all -Wendif-labels -Wmissing-include-dirs -Wempty-body -Wnested-externs -Wformat-security -Wformat-y2k -Winit-self -Wignored-qualifiers -Wold-style-declaration -Wold-style-definition -Wtype-limits -o /tmp/qemu-conf-27913-59995-2394.exe /tmp/qemu-conf-27840-59995-22784.c -m64 -g -lcurses
/tmp/qemu-conf-27840-59995-22784.c:1:20: error: curses.h: No such file or directory
/tmp/qemu-conf-27840-59995-22784.c: In function ‘main’:
/tmp/qemu-conf-27840-59995-22784.c:5: warning: implicit declaration of function ‘resize_term’
/tmp/qemu-conf-27840-59995-22784.c:5: warning: nested extern declaration of ‘resize_term’
/tmp/qemu-conf-27840-59995-22784.c:5: warning: implicit declaration of function ‘curses_version’
/tmp/qemu-conf-27840-59995-22784.c:5: warning: nested extern declaration of ‘curses_version’
gcc -m64 -D_FORTIFY_SOURCE=2 -D_GNU_SOURCE -D_FILE_OFFSET_BITS=64 -D_LARGEFILE_SOURCE -Wstrict-prototypes -Wredundant-decls -Wall -Wundef -Wwrite-strings -Wmissing-prototypes -fno-strict-aliasing -fstack-protector-all -Wendif-labels -Wmissing-include-dirs -Wempty-body -Wnested-externs -Wformat-security -Wformat-y2k -Winit-self -Wignored-qualifiers -Wold-style-declaration -Wold-style-definition -Wtype-limits -o /tmp/qemu-conf-27913-59995-2394.exe /tmp/qemu-conf-27840-59995-22784.c -m64 -g
/tmp/qemu-conf-27840-59995-22784.c:1:23: error: curl/curl.h: No such file or directory
/tmp/qemu-conf-27840-59995-22784.c: In function ‘main’:
/tmp/qemu-conf-27840-59995-22784.c:2: warning: implicit declaration of function ‘curl_easy_init’
/tmp/qemu-conf-27840-59995-22784.c:2: warning: nested extern declaration of ‘curl_easy_init’
/tmp/qemu-conf-27840-59995-22784.c:2: warning: implicit declaration of function ‘curl_multi_setopt’
/tmp/qemu-conf-27840-59995-22784.c:2: warning: nested extern declaration of ‘curl_multi_setopt’
gcc -m64 -D_FORTIFY_SOURCE=2 -D_GNU_SOURCE -D_FILE_OFFSET_BITS=64 -D_LARGEFILE_SOURCE -Wstrict-prototypes -Wredundant-decls -Wall -Wundef -Wwrite-strings -Wmissing-prototypes -fno-strict-aliasing -fstack-protector-all -Wendif-labels -Wmissing-include-dirs -Wempty-body -Wnested-externs -Wformat-security -Wformat-y2k -Winit-self -Wignored-qualifiers -Wold-style-declaration -Wold-style-definition -Wtype-limits -o /tmp/qemu-conf-27913-59995-2394.exe /tmp/qemu-conf-27840-59995-22784.c -m64 -g
/tmp/qemu-conf-27840-59995-22784.c:1:33: error: bluetooth/bluetooth.h: No such file or directory
/tmp/qemu-conf-27840-59995-22784.c: In function ‘main’:
/tmp/qemu-conf-27840-59995-22784.c:2: warning: implicit declaration of function ‘bt_error’
/tmp/qemu-conf-27840-59995-22784.c:2: warning: nested extern declaration of ‘bt_error’
gcc -m64 -D_FORTIFY_SOURCE=2 -D_GNU_SOURCE -D_FILE_OFFSET_BITS=64 -D_LARGEFILE_SOURCE -Wstrict-prototypes -Wredundant-decls -Wall -Wundef -Wwrite-strings -Wmissing-prototypes -fno-strict-aliasing -fstack-protector-all -Wendif-labels -Wmissing-include-dirs -Wempty-body -Wnested-externs -Wformat-security -Wformat-y2k -Winit-self -Wignored-qualifiers -Wold-style-declaration -Wold-style-definition -Wtype-limits -o /tmp/qemu-conf-27913-59995-2394.exe /tmp/qemu-conf-27840-59995-22784.c -m64 -g
/tmp/qemu-conf-27840-59995-22784.c: In function ‘main’:
/tmp/qemu-conf-27840-59995-22784.c:2: warning: null argument where non-null required (argument 1)
/tmp/qemu-conf-27840-59995-22784.c:2: warning: null argument where non-null required (argument 3)
/tmp/ccgDiSFV.o: In function `main':
/tmp/qemu-conf-27840-59995-22784.c:2: undefined reference to `pthread_create'
collect2: ld returned 1 exit status
gcc -m64 -D_FORTIFY_SOURCE=2 -D_GNU_SOURCE -D_FILE_OFFSET_BITS=64 -D_LARGEFILE_SOURCE -Wstrict-prototypes -Wredundant-decls -Wall -Wundef -Wwrite-strings -Wmissing-prototypes -fno-strict-aliasing -fstack-protector-all -Wendif-labels -Wmissing-include-dirs -Wempty-body -Wnested-externs -Wformat-security -Wformat-y2k -Winit-self -Wignored-qualifiers -Wold-style-declaration -Wold-style-definition -Wtype-limits -o /tmp/qemu-conf-27913-59995-2394.exe /tmp/qemu-conf-27840-59995-22784.c -m64 -g -pthread
/tmp/qemu-conf-27840-59995-22784.c: In function ‘main’:
/tmp/qemu-conf-27840-59995-22784.c:2: warning: null argument where non-null required (argument 1)
/tmp/qemu-conf-27840-59995-22784.c:2: warning: null argument where non-null required (argument 3)
gcc -m64 -D_FORTIFY_SOURCE=2 -D_GNU_SOURCE -D_FILE_OFFSET_BITS=64 -D_LARGEFILE_SOURCE -Wstrict-prototypes -Wredundant-decls -Wall -Wundef -Wwrite-strings -Wmissing-prototypes -fno-strict-aliasing -fstack-protector-all -Wendif-labels -Wmissing-include-dirs -Wempty-body -Wnested-externs -Wformat-security -Wformat-y2k -Winit-self -Wignored-qualifiers -Wold-style-declaration -Wold-style-definition -Wtype-limits -o /tmp/qemu-conf-27913-59995-2394.exe /tmp/qemu-conf-27840-59995-22784.c -m64 -g -lrbd -lrados
/tmp/qemu-conf-27840-59995-22784.c:2:24: error: rbd/librbd.h: No such file or directory
/tmp/qemu-conf-27840-59995-22784.c: In function ‘main’:
/tmp/qemu-conf-27840-59995-22784.c:4: error: ‘rados_t’ undeclared (first use in this function)
/tmp/qemu-conf-27840-59995-22784.c:4: error: (Each undeclared identifier is reported only once
/tmp/qemu-conf-27840-59995-22784.c:4: error: for each function it appears in.)
/tmp/qemu-conf-27840-59995-22784.c:4: error: expected ‘;’ before ‘cluster’
/tmp/qemu-conf-27840-59995-22784.c:5: warning: implicit declaration of function ‘rados_create’
/tmp/qemu-conf-27840-59995-22784.c:5: warning: nested extern declaration of ‘rados_create’
/tmp/qemu-conf-27840-59995-22784.c:5: error: ‘cluster’ undeclared (first use in this function)
gcc -m64 -D_FORTIFY_SOURCE=2 -D_GNU_SOURCE -D_FILE_OFFSET_BITS=64 -D_LARGEFILE_SOURCE -Wstrict-prototypes -Wredundant-decls -Wall -Wundef -Wwrite-strings -Wmissing-prototypes -fno-strict-aliasing -fstack-protector-all -Wendif-labels -Wmissing-include-dirs -Wempty-body -Wnested-externs -Wformat-security -Wformat-y2k -Winit-self -Wignored-qualifiers -Wold-style-declaration -Wold-style-definition -Wtype-limits -o /tmp/qemu-conf-27913-59995-2394.exe /tmp/qemu-conf-27840-59995-22784.c -m64 -g -laio
/tmp/qemu-conf-27840-59995-22784.c:1:20: error: libaio.h: No such file or directory
/tmp/qemu-conf-27840-59995-22784.c: In function ‘main’:
/tmp/qemu-conf-27840-59995-22784.c:4: warning: implicit declaration of function ‘io_setup’
/tmp/qemu-conf-27840-59995-22784.c:4: warning: nested extern declaration of ‘io_setup’
/tmp/qemu-conf-27840-59995-22784.c:4: warning: implicit declaration of function ‘io_set_eventfd’
/tmp/qemu-conf-27840-59995-22784.c:4: warning: nested extern declaration of ‘io_set_eventfd’
gcc -m64 -D_FORTIFY_SOURCE=2 -D_GNU_SOURCE -D_FILE_OFFSET_BITS=64 -D_LARGEFILE_SOURCE -Wstrict-prototypes -Wredundant-decls -Wall -Wundef -Wwrite-strings -Wmissing-prototypes -fno-strict-aliasing -fstack-protector-all -Wendif-labels -Wmissing-include-dirs -Wempty-body -Wnested-externs -Wformat-security -Wformat-y2k -Winit-self -Wignored-qualifiers -Wold-style-declaration -Wold-style-definition -Wtype-limits -o /tmp/qemu-conf-27913-59995-2394.exe /tmp/qemu-conf-27840-59995-22784.c -m64 -g -lattr
/tmp/qemu-conf-27840-59995-22784.c:3:24: error: attr/xattr.h: No such file or directory
/tmp/qemu-conf-27840-59995-22784.c: In function ‘main’:
/tmp/qemu-conf-27840-59995-22784.c:4: warning: implicit declaration of function ‘getxattr’
/tmp/qemu-conf-27840-59995-22784.c:4: warning: nested extern declaration of ‘getxattr’
/tmp/qemu-conf-27840-59995-22784.c:4: warning: implicit declaration of function ‘setxattr’
/tmp/qemu-conf-27840-59995-22784.c:4: warning: nested extern declaration of ‘setxattr’
gcc -m64 -D_FORTIFY_SOURCE=2 -D_GNU_SOURCE -D_FILE_OFFSET_BITS=64 -D_LARGEFILE_SOURCE -Wstrict-prototypes -Wredundant-decls -Wall -Wundef -Wwrite-strings -Wmissing-prototypes -fno-strict-aliasing -fstack-protector-all -Wendif-labels -Wmissing-include-dirs -Wempty-body -Wnested-externs -Wformat-security -Wformat-y2k -Winit-self -Wignored-qualifiers -Wold-style-declaration -Wold-style-definition -Wtype-limits -o /tmp/qemu-conf-27913-59995-2394.exe /tmp/qemu-conf-27840-59995-22784.c -m64 -g
/tmp/qemu-conf-27840-59995-22784.c: In function ‘main’:
/tmp/qemu-conf-27840-59995-22784.c:4: warning: unused variable ‘iov’
gcc -m64 -D_FORTIFY_SOURCE=2 -D_GNU_SOURCE -D_FILE_OFFSET_BITS=64 -D_LARGEFILE_SOURCE -Wstrict-prototypes -Wredundant-decls -Wall -Wundef -Wwrite-strings -Wmissing-prototypes -fno-strict-aliasing -fstack-protector-all -Wendif-labels -Wmissing-include-dirs -Wempty-body -Wnested-externs -Wformat-security -Wformat-y2k -Winit-self -Wignored-qualifiers -Wold-style-declaration -Wold-style-definition -Wtype-limits -o /tmp/qemu-conf-27913-59995-2394.exe /tmp/qemu-conf-27840-59995-22784.c -m64 -g
/tmp/qemu-conf-27840-59995-22784.c: In function ‘main’:
/tmp/qemu-conf-27840-59995-22784.c:4: warning: statement with no effect
/tmp/qemu-conf-27840-59995-22784.c:4: warning: control reaches end of non-void function
gcc -m64 -D_FORTIFY_SOURCE=2 -D_GNU_SOURCE -D_FILE_OFFSET_BITS=64 -D_LARGEFILE_SOURCE -Wstrict-prototypes -Wredundant-decls -Wall -Wundef -Wwrite-strings -Wmissing-prototypes -fno-strict-aliasing -fstack-protector-all -Wendif-labels -Wmissing-include-dirs -Wempty-body -Wnested-externs -Wformat-security -Wformat-y2k -Winit-self -Wignored-qualifiers -Wold-style-declaration -Wold-style-definition -Wtype-limits -o /tmp/qemu-conf-27913-59995-2394.exe /tmp/qemu-conf-27840-59995-22784.c -m64 -g -lfdt
gcc -m64 -D_FORTIFY_SOURCE=2 -D_GNU_SOURCE -D_FILE_OFFSET_BITS=64 -D_LARGEFILE_SOURCE -Wstrict-prototypes -Wredundant-decls -Wall -Wundef -Wwrite-strings -Wmissing-prototypes -fno-strict-aliasing -fstack-protector-all -Wendif-labels -Wmissing-include-dirs -Wempty-body -Wnested-externs -Wformat-security -Wformat-y2k -Winit-self -Wignored-qualifiers -Wold-style-declaration -Wold-style-definition -Wtype-limits -o /tmp/qemu-conf-27913-59995-2394.exe /tmp/qemu-conf-27840-59995-22784.c -m64 -g -lGL
/tmp/qemu-conf-27840-59995-22784.c: In function ‘main’:
/tmp/qemu-conf-27840-59995-22784.c:4: warning: statement with no effect
gcc -m64 -D_FORTIFY_SOURCE=2 -D_GNU_SOURCE -D_FILE_OFFSET_BITS=64 -D_LARGEFILE_SOURCE -Wstrict-prototypes -Wredundant-decls -Wall -Wundef -Wwrite-strings -Wmissing-prototypes -fno-strict-aliasing -fstack-protector-all -Wendif-labels -Wmissing-include-dirs -Wempty-body -Wnested-externs -Wformat-security -Wformat-y2k -Winit-self -Wignored-qualifiers -Wold-style-declaration -Wold-style-definition -Wtype-limits -o /tmp/qemu-conf-27913-59995-2394.exe /tmp/qemu-conf-27840-59995-22784.c -m64 -g
gcc -m64 -D_FORTIFY_SOURCE=2 -D_GNU_SOURCE -D_FILE_OFFSET_BITS=64 -D_LARGEFILE_SOURCE -Wstrict-prototypes -Wredundant-decls -Wall -Wundef -Wwrite-strings -Wmissing-prototypes -fno-strict-aliasing -fstack-protector-all -Wendif-labels -Wmissing-include-dirs -Wempty-body -Wnested-externs -Wformat-security -Wformat-y2k -Winit-self -Wignored-qualifiers -Wold-style-declaration -Wold-style-definition -Wtype-limits -o /tmp/qemu-conf-27913-59995-2394.exe /tmp/qemu-conf-27840-59995-22784.c -m64 -g
gcc -m64 -D_FORTIFY_SOURCE=2 -D_GNU_SOURCE -D_FILE_OFFSET_BITS=64 -D_LARGEFILE_SOURCE -Wstrict-prototypes -Wredundant-decls -Wall -Wundef -Wwrite-strings -Wmissing-prototypes -fno-strict-aliasing -fstack-protector-all -Wendif-labels -Wmissing-include-dirs -Wempty-body -Wnested-externs -Wformat-security -Wformat-y2k -Winit-self -Wignored-qualifiers -Wold-style-declaration -Wold-style-definition -Wtype-limits -o /tmp/qemu-conf-27913-59995-2394.exe /tmp/qemu-conf-27840-59995-22784.c -m64 -g
gcc -m64 -D_FORTIFY_SOURCE=2 -D_GNU_SOURCE -D_FILE_OFFSET_BITS=64 -D_LARGEFILE_SOURCE -Wstrict-prototypes -Wredundant-decls -Wall -Wundef -Wwrite-strings -Wmissing-prototypes -fno-strict-aliasing -fstack-protector-all -Wendif-labels -Wmissing-include-dirs -Wempty-body -Wnested-externs -Wformat-security -Wformat-y2k -Winit-self -Wignored-qualifiers -Wold-style-declaration -Wold-style-definition -Wtype-limits -o /tmp/qemu-conf-27913-59995-2394.exe /tmp/qemu-conf-27840-59995-22784.c -m64 -g
/tmp/qemu-conf-27840-59995-22784.c: In function ‘main’:
/tmp/qemu-conf-27840-59995-22784.c:7: warning: implicit declaration of function ‘utimensat’
/tmp/qemu-conf-27840-59995-22784.c:7: warning: nested extern declaration of ‘utimensat’
/tmp/qemu-conf-27840-59995-22784.c:8: warning: implicit declaration of function ‘futimens’
/tmp/qemu-conf-27840-59995-22784.c:8: warning: nested extern declaration of ‘futimens’
gcc -m64 -D_FORTIFY_SOURCE=2 -D_GNU_SOURCE -D_FILE_OFFSET_BITS=64 -D_LARGEFILE_SOURCE -Wstrict-prototypes -Wredundant-decls -Wall -Wundef -Wwrite-strings -Wmissing-prototypes -fno-strict-aliasing -fstack-protector-all -Wendif-labels -Wmissing-include-dirs -Wempty-body -Wnested-externs -Wformat-security -Wformat-y2k -Winit-self -Wignored-qualifiers -Wold-style-declaration -Wold-style-definition -Wtype-limits -o /tmp/qemu-conf-27913-59995-2394.exe /tmp/qemu-conf-27840-59995-22784.c -m64 -g
gcc -m64 -D_FORTIFY_SOURCE=2 -D_GNU_SOURCE -D_FILE_OFFSET_BITS=64 -D_LARGEFILE_SOURCE -Wstrict-prototypes -Wredundant-decls -Wall -Wundef -Wwrite-strings -Wmissing-prototypes -fno-strict-aliasing -fstack-protector-all -Wendif-labels -Wmissing-include-dirs -Wempty-body -Wnested-externs -Wformat-security -Wformat-y2k -Winit-self -Wignored-qualifiers -Wold-style-declaration -Wold-style-definition -Wtype-limits -o /tmp/qemu-conf-27913-59995-2394.exe /tmp/qemu-conf-27840-59995-22784.c -m64 -g
gcc -m64 -D_FORTIFY_SOURCE=2 -D_GNU_SOURCE -D_FILE_OFFSET_BITS=64 -D_LARGEFILE_SOURCE -Wstrict-prototypes -Wredundant-decls -Wall -Wundef -Wwrite-strings -Wmissing-prototypes -fno-strict-aliasing -fstack-protector-all -Wendif-labels -Wmissing-include-dirs -Wempty-body -Wnested-externs -Wformat-security -Wformat-y2k -Winit-self -Wignored-qualifiers -Wold-style-declaration -Wold-style-definition -Wtype-limits -o /tmp/qemu-conf-27913-59995-2394.exe /tmp/qemu-conf-27840-59995-22784.c -m64 -g
/tmp/qemu-conf-27840-59995-22784.c: In function ‘main’:
/tmp/qemu-conf-27840-59995-22784.c:9: warning: ‘fd’ is used uninitialized in this function
gcc -m64 -D_FORTIFY_SOURCE=2 -D_GNU_SOURCE -D_FILE_OFFSET_BITS=64 -D_LARGEFILE_SOURCE -Wstrict-prototypes -Wredundant-decls -Wall -Wundef -Wwrite-strings -Wmissing-prototypes -fno-strict-aliasing -fstack-protector-all -Wendif-labels -Wmissing-include-dirs -Wempty-body -Wnested-externs -Wformat-security -Wformat-y2k -Winit-self -Wignored-qualifiers -Wold-style-declaration -Wold-style-definition -Wtype-limits -o /tmp/qemu-conf-27913-59995-2394.exe /tmp/qemu-conf-27840-59995-22784.c -m64 -g
/tmp/qemu-conf-27840-59995-22784.c:1:1: warning: "_GNU_SOURCE" redefined
<command-line>: warning: this is the location of the previous definition
gcc -m64 -D_FORTIFY_SOURCE=2 -D_GNU_SOURCE -D_FILE_OFFSET_BITS=64 -D_LARGEFILE_SOURCE -Wstrict-prototypes -Wredundant-decls -Wall -Wundef -Wwrite-strings -Wmissing-prototypes -fno-strict-aliasing -fstack-protector-all -Wendif-labels -Wmissing-include-dirs -Wempty-body -Wnested-externs -Wformat-security -Wformat-y2k -Winit-self -Wignored-qualifiers -Wold-style-declaration -Wold-style-definition -Wtype-limits -o /tmp/qemu-conf-27913-59995-2394.exe /tmp/qemu-conf-27840-59995-22784.c -m64 -g
/tmp/qemu-conf-27840-59995-22784.c: In function ‘main’:
/tmp/qemu-conf-27840-59995-22784.c:5: warning: unused variable ‘efd’
gcc -m64 -D_FORTIFY_SOURCE=2 -D_GNU_SOURCE -D_FILE_OFFSET_BITS=64 -D_LARGEFILE_SOURCE -Wstrict-prototypes -Wredundant-decls -Wall -Wundef -Wwrite-strings -Wmissing-prototypes -fno-strict-aliasing -fstack-protector-all -Wendif-labels -Wmissing-include-dirs -Wempty-body -Wnested-externs -Wformat-security -Wformat-y2k -Winit-self -Wignored-qualifiers -Wold-style-declaration -Wold-style-definition -Wtype-limits -o /tmp/qemu-conf-27913-59995-2394.exe /tmp/qemu-conf-27840-59995-22784.c -m64 -g
gcc -m64 -D_FORTIFY_SOURCE=2 -D_GNU_SOURCE -D_FILE_OFFSET_BITS=64 -D_LARGEFILE_SOURCE -Wstrict-prototypes -Wredundant-decls -Wall -Wundef -Wwrite-strings -Wmissing-prototypes -fno-strict-aliasing -fstack-protector-all -Wendif-labels -Wmissing-include-dirs -Wempty-body -Wnested-externs -Wformat-security -Wformat-y2k -Winit-self -Wignored-qualifiers -Wold-style-declaration -Wold-style-definition -Wtype-limits -o /tmp/qemu-conf-27913-59995-2394.exe /tmp/qemu-conf-27840-59995-22784.c -m64 -g
gcc -m64 -D_FORTIFY_SOURCE=2 -D_GNU_SOURCE -D_FILE_OFFSET_BITS=64 -D_LARGEFILE_SOURCE -Wstrict-prototypes -Wredundant-decls -Wall -Wundef -Wwrite-strings -Wmissing-prototypes -fno-strict-aliasing -fstack-protector-all -Wendif-labels -Wmissing-include-dirs -Wempty-body -Wnested-externs -Wformat-security -Wformat-y2k -Winit-self -Wignored-qualifiers -Wold-style-declaration -Wold-style-definition -Wtype-limits -o /tmp/qemu-conf-27913-59995-2394.exe /tmp/qemu-conf-27840-59995-22784.c -m64 -g
gcc -m64 -D_FORTIFY_SOURCE=2 -D_GNU_SOURCE -D_FILE_OFFSET_BITS=64 -D_LARGEFILE_SOURCE -Wstrict-prototypes -Wredundant-decls -Wall -Wundef -Wwrite-strings -Wmissing-prototypes -fno-strict-aliasing -fstack-protector-all -Wendif-labels -Wmissing-include-dirs -Wempty-body -Wnested-externs -Wformat-security -Wformat-y2k -Winit-self -Wignored-qualifiers -Wold-style-declaration -Wold-style-definition -Wtype-limits -o /tmp/qemu-conf-27913-59995-2394.exe /tmp/qemu-conf-27840-59995-22784.c -m64 -g
gcc -m64 -D_FORTIFY_SOURCE=2 -D_GNU_SOURCE -D_FILE_OFFSET_BITS=64 -D_LARGEFILE_SOURCE -Wstrict-prototypes -Wredundant-decls -Wall -Wundef -Wwrite-strings -Wmissing-prototypes -fno-strict-aliasing -fstack-protector-all -Wendif-labels -Wmissing-include-dirs -Wempty-body -Wnested-externs -Wformat-security -Wformat-y2k -Winit-self -Wignored-qualifiers -Wold-style-declaration -Wold-style-definition -Wtype-limits -o /tmp/qemu-conf-27913-59995-2394.exe /tmp/qemu-conf-27840-59995-22784.c -m64 -g
gcc -m64 -D_FORTIFY_SOURCE=2 -D_GNU_SOURCE -D_FILE_OFFSET_BITS=64 -D_LARGEFILE_SOURCE -Wstrict-prototypes -Wredundant-decls -Wall -Wundef -Wwrite-strings -Wmissing-prototypes -fno-strict-aliasing -fstack-protector-all -Wendif-labels -Wmissing-include-dirs -Wempty-body -Wnested-externs -Wformat-security -Wformat-y2k -Winit-self -Wignored-qualifiers -Wold-style-declaration -Wold-style-definition -Wtype-limits -o /tmp/qemu-conf-27913-59995-2394.exe /tmp/qemu-conf-27840-59995-22784.c -m64 -g
/tmp/qemu-conf-27840-59995-22784.c: In function ‘main’:
/tmp/qemu-conf-27840-59995-22784.c:13: warning: statement with no effect
gcc -m64 -D_FORTIFY_SOURCE=2 -D_GNU_SOURCE -D_FILE_OFFSET_BITS=64 -D_LARGEFILE_SOURCE -Wstrict-prototypes -Wredundant-decls -Wall -Wundef -Wwrite-strings -Wmissing-prototypes -fno-strict-aliasing -fstack-protector-all -Wendif-labels -Wmissing-include-dirs -Wempty-body -Wnested-externs -Wformat-security -Wformat-y2k -Winit-self -Wignored-qualifiers -Wold-style-declaration -Wold-style-definition -Wtype-limits -o /tmp/qemu-conf-27913-59995-2394.exe /tmp/qemu-conf-27840-59995-22784.c -m64 -g
gcc -m64 -D_FORTIFY_SOURCE=2 -D_GNU_SOURCE -D_FILE_OFFSET_BITS=64 -D_LARGEFILE_SOURCE -Wstrict-prototypes -Wredundant-decls -Wall -Wundef -Wwrite-strings -Wmissing-prototypes -fno-strict-aliasing -fstack-protector-all -Wendif-labels -Wmissing-include-dirs -Wempty-body -Wnested-externs -Wformat-security -Wformat-y2k -Winit-self -Wignored-qualifiers -Wold-style-declaration -Wold-style-definition -Wtype-limits -o /tmp/qemu-conf-27913-59995-2394.exe /tmp/qemu-conf-27840-59995-22784.c -m64 -g
gcc -m64 -D_FORTIFY_SOURCE=2 -D_GNU_SOURCE -D_FILE_OFFSET_BITS=64 -D_LARGEFILE_SOURCE -Wstrict-prototypes -Wredundant-decls -Wall -Wundef -Wwrite-strings -Wmissing-prototypes -fno-strict-aliasing -fstack-protector-all -Wendif-labels -Wmissing-include-dirs -Wempty-body -Wnested-externs -Wformat-security -Wformat-y2k -Winit-self -Wignored-qualifiers -Wold-style-declaration -Wold-style-definition -Wtype-limits -o /tmp/qemu-conf-27913-59995-2394.exe /tmp/qemu-conf-27840-59995-22784.c -m64 -g
/tmp/qemu-conf-27840-59995-22784.c:1:24: error: sys/endian.h: No such file or directory
/tmp/qemu-conf-27840-59995-22784.c:3:27: error: machine/bswap.h: No such file or directory
/tmp/qemu-conf-27840-59995-22784.c: In function ‘main’:
/tmp/qemu-conf-27840-59995-22784.c:4: warning: implicit declaration of function ‘bswap32’
/tmp/qemu-conf-27840-59995-22784.c:4: warning: nested extern declaration of ‘bswap32’
gcc -m64 -D_FORTIFY_SOURCE=2 -D_GNU_SOURCE -D_FILE_OFFSET_BITS=64 -D_LARGEFILE_SOURCE -Wstrict-prototypes -Wredundant-decls -Wall -Wundef -Wwrite-strings -Wmissing-prototypes -fno-strict-aliasing -fstack-protector-all -Wendif-labels -Wmissing-include-dirs -Wempty-body -Wnested-externs -Wformat-security -Wformat-y2k -Winit-self -Wignored-qualifiers -Wold-style-declaration -Wold-style-definition -Wtype-limits -o /tmp/qemu-conf-27913-59995-2394.exe /tmp/qemu-conf-27840-59995-22784.c -m64 -g
/tmp/qemu-conf-27840-59995-22784.c: In function ‘main’:
/tmp/qemu-conf-27840-59995-22784.c:3: warning: ‘id’ is used uninitialized in this function
/tmp/ccZ1P75V.o: In function `main':
/tmp/qemu-conf-27840-59995-22784.c:3: undefined reference to `clock_gettime'
collect2: ld returned 1 exit status
gcc -m64 -D_FORTIFY_SOURCE=2 -D_GNU_SOURCE -D_FILE_OFFSET_BITS=64 -D_LARGEFILE_SOURCE -Wstrict-prototypes -Wredundant-decls -Wall -Wundef -Wwrite-strings -Wmissing-prototypes -fno-strict-aliasing -fstack-protector-all -Wendif-labels -Wmissing-include-dirs -Wempty-body -Wnested-externs -Wformat-security -Wformat-y2k -Winit-self -Wignored-qualifiers -Wold-style-declaration -Wold-style-definition -Wtype-limits -o /tmp/qemu-conf-27913-59995-2394.exe /tmp/qemu-conf-27840-59995-22784.c -m64 -g -lrt
/tmp/qemu-conf-27840-59995-22784.c: In function ‘main’:
/tmp/qemu-conf-27840-59995-22784.c:3: warning: ‘id’ is used uninitialized in this function
gcc -m64 -D_FORTIFY_SOURCE=2 -D_GNU_SOURCE -D_FILE_OFFSET_BITS=64 -D_LARGEFILE_SOURCE -Wstrict-prototypes -Wredundant-decls -Wall -Wundef -Wwrite-strings -Wmissing-prototypes -fno-strict-aliasing -fstack-protector-all -Wendif-labels -Wmissing-include-dirs -Wempty-body -Wnested-externs -Wformat-security -Wformat-y2k -Winit-self -Wignored-qualifiers -Wold-style-declaration -Wold-style-definition -Wtype-limits -o /tmp/qemu-conf-27913-59995-2394.exe /tmp/qemu-conf-27840-59995-22784.c -m64 -g
gcc -m64 -D_FORTIFY_SOURCE=2 -D_GNU_SOURCE -D_FILE_OFFSET_BITS=64 -D_LARGEFILE_SOURCE -Wstrict-prototypes -Wredundant-decls -Wall -Wundef -Wwrite-strings -Wmissing-prototypes -fno-strict-aliasing -fstack-protector-all -Wendif-labels -Wmissing-include-dirs -Wempty-body -Wnested-externs -Wformat-security -Wformat-y2k -Winit-self -Wignored-qualifiers -Wold-style-declaration -Wold-style-definition -Wtype-limits -o /tmp/qemu-conf-27913-59995-2394.exe /tmp/qemu-conf-27840-59995-22784.c -m64 -g
gcc -m64 -D_FORTIFY_SOURCE=2 -D_GNU_SOURCE -D_FILE_OFFSET_BITS=64 -D_LARGEFILE_SOURCE -Wstrict-prototypes -Wredundant-decls -Wall -Wundef -Wwrite-strings -Wmissing-prototypes -fno-strict-aliasing -fstack-protector-all -Wendif-labels -Wmissing-include-dirs -Wempty-body -Wnested-externs -Wformat-security -Wformat-y2k -Winit-self -Wignored-qualifiers -Wold-style-declaration -Wold-style-definition -Wtype-limits -o /tmp/qemu-conf-27913-59995-2394.exe /tmp/qemu-conf-27840-59995-22784.c -m64 -g
gcc -m64 -D_FORTIFY_SOURCE=2 -D_GNU_SOURCE -D_FILE_OFFSET_BITS=64 -D_LARGEFILE_SOURCE -Wstrict-prototypes -Wredundant-decls -Wall -Wundef -Wwrite-strings -Wmissing-prototypes -fno-strict-aliasing -fstack-protector-all -Wendif-labels -Wmissing-include-dirs -Wempty-body -Wnested-externs -Wformat-security -Wformat-y2k -Winit-self -Wignored-qualifiers -Wold-style-declaration -Wold-style-definition -Wtype-limits -o /tmp/qemu-conf-27913-59995-2394.exe /tmp/qemu-conf-27840-59995-22784.c -m64 -g
gcc -m64 -D_FORTIFY_SOURCE=2 -D_GNU_SOURCE -D_FILE_OFFSET_BITS=64 -D_LARGEFILE_SOURCE -Wstrict-prototypes -Wredundant-decls -Wall -Wundef -Wwrite-strings -Wmissing-prototypes -fno-strict-aliasing -fstack-protector-all -Wendif-labels -Wmissing-include-dirs -Wempty-body -Wnested-externs -Wformat-security -Wformat-y2k -Winit-self -Wignored-qualifiers -Wold-style-declaration -Wold-style-definition -Wtype-limits -o /tmp/qemu-conf-27913-59995-2394.exe /tmp/qemu-conf-27840-59995-22784.c -m64 -g
